Removed Pin From Net: NetName=V_reg Pin=ISP1-9
Added Member To Class: ClassName=Sheet1 Member=Component ISP1 30310-6002HB
Added Rule: Name=PolygonConnectStyle_5
Added Rule: Name=PolygonConnectStyle_7
Added Rule: Name=PolygonConnectStyle_11
Added Rule: Name=PolygonConnectStyle_13
Added Rule: Name=PolygonConnectStyle_16
Added Rule: Name=PolygonConnectStyle_17
Added Rule: Name=PolygonConnectStyle_18
Added Rule: Name=PolygonConnectStyle_20
Added Rule: Name=PolygonConnectStyle_21
Added Rule: Name=PolygonConnectStyle_22
Added Rule: Name=PolygonConnectStyle_23
Added Rule: Name=PolygonConnectStyle_24
Added Rule: Name=PolygonConnectStyle_25
Added Rule: Name=PolygonConnectStyle_26
Added Rule: Name=PolygonConnectStyle_27
Added Rule: Name=PolygonConnectStyle_77
Added Rule: Name=PolygonConnectStyle_78
Added Rule: Name=PolygonConnectStyle_79
Added Rule: Name=PolygonConnectStyle_80
Added Rule: Name=PolygonConnectStyle_81
Added Rule: Name=PolygonConnectStyle_82
Added Rule: Name=PolygonConnectStyle_83
Added Rule: Name=PolygonConnectStyle_84
Added Rule: Name=PolygonConnectStyle_85
Added Rule: Name=PolygonConnectStyle_86
Added Rule: Name=PolygonConnectStyle_87
Added Rule: Name=PolygonConnectStyle_88
Added Rule: Name=PolygonConnectStyle_89
Added Rule: Name=PolygonConnectStyle_90
Added Rule: Name=PolygonConnectStyle_91
Added Rule: Name=PolygonConnectStyle_92
Added Rule: Name=PolygonConnectStyle_93
Added Rule: Name=PolygonConnectStyle_94
Added Rule: Name=PolygonConnectStyle_95
Added Rule: Name=PolygonConnectStyle_96
Added Rule: Name=PolygonConnectStyle_97
Added Rule: Name=PolygonConnectStyle_98
Added Rule: Name=PolygonConnectStyle_99
Added Rule: Name=PolygonConnectStyle_100
Added Rule: Name=PolygonConnectStyle_101
Added Rule: Name=PolygonConnectStyle_102
Added Rule: Name=PolygonConnectStyle_103
Added Rule: Name=PolygonConnectStyle_104
Added Rule: Name=PolygonConnectStyle_105
Added Rule: Name=PolygonConnectStyle_106
Added Rule: Name=PolygonConnectStyle_107
Added Rule: Name=PolygonConnectStyle_108
Added Rule: Name=PolygonConnectStyle_109
Added Rule: Name=PolygonConnectStyle_110
Added Rule: Name=PolygonConnectStyle_111
Added Rule: Name=PolygonConnectStyle_112
Added Rule: Name=PolygonConnectStyle_113
Added Rule: Name=PolygonConnectStyle_114
Added Rule: Name=PolygonConnectStyle_115
Added Rule: Name=PolygonConnectStyle_116
Added Rule: Name=PolygonConnectStyle_117
Added Rule: Name=PolygonConnectStyle_118
Added Rule: Name=PolygonConnectStyle_119
Added Rule: Name=PolygonConnectStyle_120
Added Rule: Name=PolygonConnectStyle_121
Added Rule: Name=Schematic Supply Nets
Added Rule: Name=Schematic Supply Nets_1
Added Rule: Name=Schematic Supply Nets_3
Added Rule: Name=Schematic Supply Nets_7
Added Rule: Name=Width JLCPCB_1
Change Rule Name: Old Name=RoutingViaStyle_1 New Name=RoutingVias JLCPCB_1
Change object: Duplicates not allowed
