Removed Pin From Net: NetName=BLINK_SWITCH_(GND) Pin=I/O-6
Removed Pin From Net: NetName=BLINK_SWITCH_(GND) Pin=Q5-2
Added Pin To Net: NetName=BLINK_KEY_(GND) Pin=I/O-6
Added Pin To Net: NetName=BLINK_KEY_(GND) Pin=MCU1-14
Added Pin To Net: NetName=BLINK_KEY_(GND) Pin=Q5-2
Added Net: Name=BLINK_KEY_(GND)
Added Pin To Net: NetName=BUZZER Pin=I/O-11
Added Pin To Net: NetName=BUZZER Pin=MCU1-16
Added Net: Name=BUZZER
Added Pin To Net: NetName=DISP_KEY Pin=I/O-19
Added Pin To Net: NetName=DISP_KEY Pin=MCU1-12
Added Net: Name=DISP_KEY
Added Pin To Net: NetName=SET_KEY Pin=I/O-7
Added Pin To Net: NetName=SET_KEY Pin=MCU1-13
Added Net: Name=SET_KEY
Added Pin To Net: NetName=STAND_KEY Pin=I/O-18
Added Pin To Net: NetName=STAND_KEY Pin=MCU1-15
Added Net: Name=STAND_KEY
Added Rule: Name=PolygonConnectStyle_115
Added Rule: Name=PolygonConnectStyle_116
Added Rule: Name=PolygonConnectStyle_117
Added Rule: Name=PolygonConnectStyle_118
Added Rule: Name=PolygonConnectStyle_119
Added Rule: Name=PolygonConnectStyle_120
Added Rule: Name=PolygonConnectStyle_121
Added Rule: Name=PolygonConnectStyle_122
Added Rule: Name=PolygonConnectStyle_123
Added Rule: Name=PolygonConnectStyle_124
Added Rule: Name=PolygonConnectStyle_125
Added Rule: Name=PolygonConnectStyle_126
Added Rule: Name=PolygonConnectStyle_127
Added Rule: Name=PolygonConnectStyle_128
Added Rule: Name=PolygonConnectStyle_129
Added Rule: Name=PolygonConnectStyle_130
Added Rule: Name=PolygonConnectStyle_131
Added Rule: Name=PolygonConnectStyle_132
Added Rule: Name=PolygonConnectStyle_133
Added Rule: Name=PolygonConnectStyle_134
Added Rule: Name=PolygonConnectStyle_135
Added Rule: Name=PolygonConnectStyle_136
Added Rule: Name=PolygonConnectStyle_137
Added Rule: Name=PolygonConnectStyle_138
Added Rule: Name=PolygonConnectStyle_139
Added Rule: Name=PolygonConnectStyle_140
Added Rule: Name=PolygonConnectStyle_141
Added Rule: Name=PolygonConnectStyle_142
Added Rule: Name=PolygonConnectStyle_143
Added Rule: Name=PolygonConnectStyle_144
Added Rule: Name=PolygonConnectStyle_145
Added Rule: Name=PolygonConnectStyle_146
Added Rule: Name=PolygonConnectStyle_147
Added Rule: Name=PolygonConnectStyle_148
Added Rule: Name=PolygonConnectStyle_149
Added Rule: Name=PolygonConnectStyle_150
Added Rule: Name=PolygonConnectStyle_151
Added Rule: Name=PolygonConnectStyle_152
Added Rule: Name=PolygonConnectStyle_153
Added Rule: Name=PolygonConnectStyle_154
Added Rule: Name=PolygonConnectStyle_155
Added Rule: Name=PolygonConnectStyle_156
Added Rule: Name=PolygonConnectStyle_157
Added Rule: Name=PolygonConnectStyle_158
Added Rule: Name=PolygonConnectStyle_159
Added Rule: Name=PolygonConnectStyle_160
Added Rule: Name=PolygonConnectStyle_161
Added Rule: Name=PolygonConnectStyle_162
Added Rule: Name=PolygonConnectStyle_163
Added Rule: Name=PolygonConnectStyle_164
Added Rule: Name=PolygonConnectStyle_165
Added Rule: Name=PolygonConnectStyle_166
Added Rule: Name=PolygonConnectStyle_167
Added Rule: Name=PolygonConnectStyle_168
Added Rule: Name=PolygonConnectStyle_169
Added Rule: Name=PolygonConnectStyle_170
Added Rule: Name=PolygonConnectStyle_171
Added Rule: Name=PolygonConnectStyle_172
Added Rule: Name=PolygonConnectStyle_173
Added Rule: Name=PolygonConnectStyle_174
Added Rule: Name=PolygonConnectStyle_175
Added Rule: Name=PolygonConnectStyle_176
Added Rule: Name=PolygonConnectStyle_177
Added Rule: Name=PolygonConnectStyle_178
Added Rule: Name=PolygonConnectStyle_179
Added Rule: Name=PolygonConnectStyle_180
Added Rule: Name=PolygonConnectStyle_181
Added Rule: Name=PolygonConnectStyle_182
Added Rule: Name=PolygonConnectStyle_183
Added Rule: Name=PolygonConnectStyle_184
Added Rule: Name=PolygonConnectStyle_185
Added Rule: Name=PolygonConnectStyle_186
Added Rule: Name=PolygonConnectStyle_187
Added Rule: Name=PolygonConnectStyle_188
Added Rule: Name=PolygonConnectStyle_189
Added Rule: Name=PolygonConnectStyle_190
Added Rule: Name=PolygonConnectStyle_191
Added Rule: Name=PolygonConnectStyle_192
Added Rule: Name=PolygonConnectStyle_193
Added Rule: Name=PolygonConnectStyle_194
Added Rule: Name=PolygonConnectStyle_195
Added Rule: Name=PolygonConnectStyle_196
Added Rule: Name=PolygonConnectStyle_197
Added Rule: Name=PolygonConnectStyle_198
Added Rule: Name=PolygonConnectStyle_199
Added Rule: Name=PolygonConnectStyle_200
Added Rule: Name=PolygonConnectStyle_201
Added Rule: Name=PolygonConnectStyle_202
Added Rule: Name=PolygonConnectStyle_203
Added Rule: Name=PolygonConnectStyle_204
Added Rule: Name=PolygonConnectStyle_205
Added Rule: Name=PolygonConnectStyle_206
Added Rule: Name=PolygonConnectStyle_207
Added Rule: Name=PolygonConnectStyle_208
Added Rule: Name=PolygonConnectStyle_209
Added Rule: Name=PolygonConnectStyle_210
Added Rule: Name=PolygonConnectStyle_211
Added Rule: Name=PolygonConnectStyle_212
Added Rule: Name=PolygonConnectStyle_213
Added Rule: Name=PolygonConnectStyle_214
Added Rule: Name=PolygonConnectStyle_215
Added Rule: Name=PolygonConnectStyle_216
Added Rule: Name=PolygonConnectStyle_217
Added Rule: Name=PolygonConnectStyle_218
Added Rule: Name=PolygonConnectStyle_219
Added Rule: Name=PolygonConnectStyle_220
Added Rule: Name=PolygonConnectStyle_221
Added Rule: Name=PolygonConnectStyle_222
Added Rule: Name=PolygonConnectStyle_223
Added Rule: Name=PolygonConnectStyle_224
Added Rule: Name=PolygonConnectStyle_225
Added Rule: Name=PolygonConnectStyle_226
Added Rule: Name=PolygonConnectStyle_227
Added Rule: Name=PolygonConnectStyle_228
Added Rule: Name=PolygonConnectStyle_229
Added Rule: Name=PolygonConnectStyle_230
Added Rule: Name=PolygonConnectStyle_231
Added Rule: Name=PolygonConnectStyle_232
Added Rule: Name=PolygonConnectStyle_233
Added Rule: Name=PolygonConnectStyle_234
Added Rule: Name=PolygonConnectStyle_235
Added Rule: Name=PolygonConnectStyle_236
Added Rule: Name=PolygonConnectStyle_237
Added Rule: Name=PolygonConnectStyle_238
Added Rule: Name=PolygonConnectStyle_239
Added Rule: Name=PolygonConnectStyle_240
Added Rule: Name=PolygonConnectStyle_241
Added Rule: Name=PolygonConnectStyle_242
Added Rule: Name=PolygonConnectStyle_243
Added Rule: Name=PolygonConnectStyle_244
Added Rule: Name=PolygonConnectStyle_245
Added Rule: Name=PolygonConnectStyle_246
Added Rule: Name=PolygonConnectStyle_247
Added Rule: Name=PolygonConnectStyle_248
Added Rule: Name=PolygonConnectStyle_249
Added Rule: Name=PolygonConnectStyle_250
Added Rule: Name=PolygonConnectStyle_251
Added Rule: Name=PolygonConnectStyle_252
Added Rule: Name=PolygonConnectStyle_253
Added Rule: Name=PolygonConnectStyle_254
Added Rule: Name=PolygonConnectStyle_255
Added Rule: Name=PolygonConnectStyle_256
Added Rule: Name=PolygonConnectStyle_257
Added Rule: Name=PolygonConnectStyle_258
Added Rule: Name=PolygonConnectStyle_259
Added Rule: Name=PolygonConnectStyle_260
Added Rule: Name=PolygonConnectStyle_261
Added Rule: Name=PolygonConnectStyle_262
Added Rule: Name=PolygonConnectStyle_263
Added Rule: Name=PolygonConnectStyle_264
Added Rule: Name=PolygonConnectStyle_265
Added Rule: Name=PolygonConnectStyle_266
Added Rule: Name=PolygonConnectStyle_267
Added Rule: Name=PolygonConnectStyle_268
Added Rule: Name=PolygonConnectStyle_269
Added Rule: Name=PolygonConnectStyle_270
Added Rule: Name=PolygonConnectStyle_271
Added Rule: Name=PolygonConnectStyle_272
Added Rule: Name=PolygonConnectStyle_273
Added Rule: Name=PolygonConnectStyle_274
Added Rule: Name=PolygonConnectStyle_275
Added Rule: Name=PolygonConnectStyle_276
Added Rule: Name=PolygonConnectStyle_277
Added Rule: Name=PolygonConnectStyle_278
Added Rule: Name=PolygonConnectStyle_279
Added Rule: Name=PolygonConnectStyle_280
Added Rule: Name=PolygonConnectStyle_281
Added Rule: Name=PolygonConnectStyle_282
Added Rule: Name=PolygonConnectStyle_283
Added Rule: Name=PolygonConnectStyle_284
Added Rule: Name=PolygonConnectStyle_285
Added Rule: Name=PolygonConnectStyle_286
Added Rule: Name=PolygonConnectStyle_287
Added Rule: Name=PolygonConnectStyle_288
Added Rule: Name=PolygonConnectStyle_289
Added Rule: Name=PolygonConnectStyle_290
Added Rule: Name=PolygonConnectStyle_291
Added Rule: Name=PolygonConnectStyle_292
Added Rule: Name=PolygonConnectStyle_293
Added Rule: Name=PolygonConnectStyle_294
Added Rule: Name=PolygonConnectStyle_295
Added Rule: Name=PolygonConnectStyle_296
Added Rule: Name=PolygonConnectStyle_297
Added Rule: Name=PolygonConnectStyle_298
Added Rule: Name=PolygonConnectStyle_299
Added Rule: Name=PolygonConnectStyle_300
Added Rule: Name=PolygonConnectStyle_301
Added Rule: Name=PolygonConnectStyle_302
Added Rule: Name=PolygonConnectStyle_303
Added Rule: Name=PolygonConnectStyle_304
Added Rule: Name=PolygonConnectStyle_305
Added Rule: Name=PolygonConnectStyle_306
Added Rule: Name=PolygonConnectStyle_307
Added Rule: Name=PolygonConnectStyle_308
Added Rule: Name=PolygonConnectStyle_309
Added Rule: Name=PolygonConnectStyle_310
Added Rule: Name=PolygonConnectStyle_311
Added Rule: Name=PolygonConnectStyle_312
Added Rule: Name=PolygonConnectStyle_313
Added Rule: Name=PolygonConnectStyle_314
Added Rule: Name=PolygonConnectStyle_315
Added Rule: Name=PolygonConnectStyle_316
Added Rule: Name=PolygonConnectStyle_317
Added Rule: Name=PolygonConnectStyle_318
Added Rule: Name=PolygonConnectStyle_319
Added Rule: Name=PolygonConnectStyle_320
Added Rule: Name=PolygonConnectStyle_321
Added Rule: Name=PolygonConnectStyle_322
Added Rule: Name=PolygonConnectStyle_323
Added Rule: Name=PolygonConnectStyle_324
Added Rule: Name=PolygonConnectStyle_325
Added Rule: Name=PolygonConnectStyle_326
Added Rule: Name=PolygonConnectStyle_327
Added Rule: Name=PolygonConnectStyle_328
Added Rule: Name=PolygonConnectStyle_329
Added Rule: Name=PolygonConnectStyle_330
Added Rule: Name=PolygonConnectStyle_331
Added Rule: Name=PolygonConnectStyle_332
Added Rule: Name=PolygonConnectStyle_333
Added Rule: Name=PolygonConnectStyle_334
Added Rule: Name=PolygonConnectStyle_335
Added Rule: Name=PolygonConnectStyle_336
Added Rule: Name=PolygonConnectStyle_337
Added Rule: Name=RoutingVias JLCPCB_1
Added Rule: Name=Schematic Supply Nets
Added Rule: Name=Schematic Supply Nets_1
Added Rule: Name=Schematic Supply Nets_2
Added Rule: Name=Schematic Supply Nets_3
