Change Component Designator: OldDesignator=4pin NewDesignator=1
Change Component Designator: OldDesignator=24pin NewDesignator=2
Change Component Designator: OldDesignator=C1 NewDesignator=C10
Change Component Designator: OldDesignator=C2 NewDesignator=C9
Change Component Designator: OldDesignator=C3 NewDesignator=C7
Change Component Designator: OldDesignator=C4 NewDesignator=C8
Change Component Designator: OldDesignator=C5 NewDesignator=C4
Change Component Designator: OldDesignator=C6 NewDesignator=C5
Change Component Designator: OldDesignator=C7 NewDesignator=C1
Change Component Designator: OldDesignator=C8 NewDesignator=C2
Change Component Designator: OldDesignator=C9 NewDesignator=C3
Change Component Designator: OldDesignator=C10 NewDesignator=C6
Change Component Designator: OldDesignator=ISP NewDesignator=ISP1
Change Component Designator: OldDesignator=L1 NewDesignator=L2
Change Component Designator: OldDesignator=L2 NewDesignator=L1
Change Component Designator: OldDesignator=MCU NewDesignator=MCU1
Change Component Designator: OldDesignator=pwr_reg NewDesignator=pwr_reg1
Change Component Designator: OldDesignator=R1 NewDesignator=R6
Change Component Designator: OldDesignator=R2 NewDesignator=R1
Change Component Designator: OldDesignator=R4 NewDesignator=R2
Change Component Designator: OldDesignator=R5 NewDesignator=R4
Change Component Designator: OldDesignator=R6 NewDesignator=R5
Change Component Designator: OldDesignator=XTAL NewDesignator=XTAL1
Change Net Name : Old Net Name=NetC1_1 New Net Name=NetC10_1
Change Net Name : Old Net Name=NetC2_1 New Net Name=NetC9_1
Change Net Name : Old Net Name=NetC7_1 New Net Name=NetC1_1
Change Net Name : Old Net Name=NetC7_2 New Net Name=NetC1_2
Change Net Name : Old Net Name=NetC8_1 New Net Name=NetC2_1
Change Net Name : Old Net Name=NetC10_1 New Net Name=NetC6_1
Change Net Name : Old Net Name=NetC10_2 New Net Name=NetC6_2
Change Net Name : Old Net Name=Netpwr_reg_5 New Net Name=Netpwr_reg1_5
Added Member To Class: ClassName=Sheet1 Member=Component C8 22pF
Added Member To Class: ClassName=Sheet1 Member=Component C9 100nF
Added Member To Class: ClassName=Sheet1 Member=Component C10 100nF
Added Member To Class: ClassName=Sheet1 Member=Component R4 100k
Added Member To Class: ClassName=Sheet1 Member=Component R5 13.3k
Added Member To Class: ClassName=Sheet1 Member=Component R6 10k
Added Rule: Name=Schematic Supply Nets_5
Added Rule: Name=Schematic Supply Nets_6
Added Rule: Name=Schematic Supply Nets_7
Added Rule: Name=Schematic Supply Nets_8
Added Rule: Name=Schematic Supply Nets_9
