Change Net Name : Old Net Name=NetMCU1_19 New Net Name=IDLE
Added Pin To Net: NetName=LCD_D4 Pin=2-12
Added Pin To Net: NetName=LCD_D4 Pin=MCU1-23
Added Net: Name=LCD_D4
Added Pin To Net: NetName=LCD_D5 Pin=2-22
Added Pin To Net: NetName=LCD_D5 Pin=MCU1-24
Added Net: Name=LCD_D5
Added Pin To Net: NetName=LCD_D6 Pin=2-23
Added Pin To Net: NetName=LCD_D6 Pin=MCU1-25
Added Net: Name=LCD_D6
Added Pin To Net: NetName=LCD_D7 Pin=2-24
Added Pin To Net: NetName=LCD_D7 Pin=MCU1-26
Added Net: Name=LCD_D7
Added Pin To Net: NetName=LCD_E Pin=2-9
Added Pin To Net: NetName=LCD_E Pin=MCU1-20
Added Net: Name=LCD_E
Added Pin To Net: NetName=LCD_RS Pin=2-11
Added Pin To Net: NetName=LCD_RS Pin=MCU1-22
Added Net: Name=LCD_RS
Added Pin To Net: NetName=LCD_RW Pin=2-10
Added Pin To Net: NetName=LCD_RW Pin=MCU1-21
Added Net: Name=LCD_RW
