Removed Pin From Net: NetName=GND Pin=ISP1-1
Removed Pin From Net: NetName=MISO Pin=ISP1-2
Removed Pin From Net: NetName=GND Pin=ISP1-3
Removed Pin From Net: NetName=SCK Pin=ISP1-4
Removed Pin From Net: NetName=RST Pin=ISP1-6
Removed Pin From Net: NetName=MOSI Pin=ISP1-10
Added Pin To Net: NetName=MOSI Pin=ISP1-1
Added Pin To Net: NetName=RST Pin=ISP1-5
Added Pin To Net: NetName=SCK Pin=ISP1-7
Added Pin To Net: NetName=GND Pin=ISP1-8
Added Pin To Net: NetName=MISO Pin=ISP1-9
Added Pin To Net: NetName=GND Pin=ISP1-10
Added Member To Class: ClassName=Sheet1 Member=Component C11 100nF
Added Rule: Name=PolygonConnectStyle_130
Added Rule: Name=PolygonConnectStyle_131
Added Rule: Name=PolygonConnectStyle_133
Added Rule: Name=PolygonConnectStyle_136
Added Rule: Name=PolygonConnectStyle_139
Added Rule: Name=PolygonConnectStyle_142
Added Rule: Name=PolygonConnectStyle_144
Added Rule: Name=PolygonConnectStyle_146
Added Rule: Name=PolygonConnectStyle_148
Added Rule: Name=PolygonConnectStyle_154
Added Rule: Name=PolygonConnectStyle_155
Added Rule: Name=PolygonConnectStyle_162
Added Rule: Name=PolygonConnectStyle_163
Added Rule: Name=PolygonConnectStyle_167
Added Rule: Name=PolygonConnectStyle_171
Added Rule: Name=PolygonConnectStyle_172
Added Rule: Name=PolygonConnectStyle_175
Added Rule: Name=PolygonConnectStyle_177
Added Rule: Name=PolygonConnectStyle_179
Added Rule: Name=PolygonConnectStyle_180
Added Rule: Name=PolygonConnectStyle_187
Added Rule: Name=PolygonConnectStyle_192
Added Rule: Name=PolygonConnectStyle_202
Added Rule: Name=PolygonConnectStyle_203
Added Rule: Name=PolygonConnectStyle_205
Added Rule: Name=PolygonConnectStyle_209
Added Rule: Name=PolygonConnectStyle_212
Added Rule: Name=PolygonConnectStyle_213
Added Rule: Name=PolygonConnectStyle_216
Added Rule: Name=PolygonConnectStyle_223
Added Rule: Name=PolygonConnectStyle_224
Added Rule: Name=PolygonConnectStyle_226
Added Rule: Name=PolygonConnectStyle_227
Added Rule: Name=PolygonConnectStyle_228
Added Rule: Name=PolygonConnectStyle_231
Added Rule: Name=PolygonConnectStyle_234
Added Rule: Name=PolygonConnectStyle_237
Added Rule: Name=PolygonConnectStyle_238
Added Rule: Name=PolygonConnectStyle_239
Added Rule: Name=PolygonConnectStyle_241
Added Rule: Name=PolygonConnectStyle_245
Added Rule: Name=PolygonConnectStyle_246
Added Rule: Name=PolygonConnectStyle_248
Added Rule: Name=PolygonConnectStyle_251
Added Rule: Name=PolygonConnectStyle_253
Added Rule: Name=PolygonConnectStyle_256
Added Rule: Name=PolygonConnectStyle_257
Added Rule: Name=PolygonConnectStyle_259
Added Rule: Name=PolygonConnectStyle_260
Added Rule: Name=PolygonConnectStyle_264
Added Rule: Name=PolygonConnectStyle_265
Added Rule: Name=PolygonConnectStyle_268
Added Rule: Name=PolygonConnectStyle_269
Added Rule: Name=PolygonConnectStyle_270
Added Rule: Name=PolygonConnectStyle_272
Added Rule: Name=PolygonConnectStyle_275
Added Rule: Name=PolygonConnectStyle_284
Added Rule: Name=PolygonConnectStyle_288
Added Rule: Name=PolygonConnectStyle_291
Added Rule: Name=PolygonConnectStyle_297
Added Rule: Name=PolygonConnectStyle_299
Added Rule: Name=PolygonConnectStyle_300
Added Rule: Name=PolygonConnectStyle_302
Added Rule: Name=PolygonConnectStyle_303
Added Rule: Name=PolygonConnectStyle_307
Added Rule: Name=PolygonConnectStyle_309
Added Rule: Name=PolygonConnectStyle_317
Added Rule: Name=PolygonConnectStyle_318
Added Rule: Name=PolygonConnectStyle_320
Added Rule: Name=PolygonConnectStyle_322
Added Rule: Name=PolygonConnectStyle_323
Added Rule: Name=PolygonConnectStyle_325
Added Rule: Name=PolygonConnectStyle_328
Added Rule: Name=PolygonConnectStyle_329
Added Rule: Name=PolygonConnectStyle_330
Added Rule: Name=PolygonConnectStyle_331
Added Rule: Name=PolygonConnectStyle_472
Added Rule: Name=PolygonConnectStyle_663
Added Rule: Name=PolygonConnectStyle_664
Added Rule: Name=PolygonConnectStyle_665
Added Rule: Name=PolygonConnectStyle_666
Added Rule: Name=PolygonConnectStyle_667
Added Rule: Name=PolygonConnectStyle_668
Added Rule: Name=PolygonConnectStyle_669
Added Rule: Name=PolygonConnectStyle_670
Added Rule: Name=PolygonConnectStyle_671
Added Rule: Name=PolygonConnectStyle_672
Added Rule: Name=PolygonConnectStyle_674
Added Rule: Name=PolygonConnectStyle_675
Added Rule: Name=PolygonConnectStyle_676
Added Rule: Name=PolygonConnectStyle_677
Added Rule: Name=PolygonConnectStyle_678
Added Rule: Name=PolygonConnectStyle_679
Added Rule: Name=PolygonConnectStyle_681
Added Rule: Name=PolygonConnectStyle_682
Added Rule: Name=PolygonConnectStyle_683
Added Rule: Name=PolygonConnectStyle_684
Added Rule: Name=PolygonConnectStyle_686
Added Rule: Name=PolygonConnectStyle_688
Added Rule: Name=PolygonConnectStyle_689
Added Rule: Name=PolygonConnectStyle_690
Added Rule: Name=PolygonConnectStyle_691
Added Rule: Name=PolygonConnectStyle_694
Added Rule: Name=PolygonConnectStyle_695
Added Rule: Name=PolygonConnectStyle_696
Added Rule: Name=PolygonConnectStyle_697
Added Rule: Name=PolygonConnectStyle_698
Added Rule: Name=PolygonConnectStyle_699
Added Rule: Name=PolygonConnectStyle_700
Added Rule: Name=PolygonConnectStyle_703
Added Rule: Name=PolygonConnectStyle_704
Added Rule: Name=PolygonConnectStyle_705
Added Rule: Name=PolygonConnectStyle_706
Added Rule: Name=PolygonConnectStyle_712
Added Rule: Name=PolygonConnectStyle_713
Added Rule: Name=PolygonConnectStyle_714
Added Rule: Name=PolygonConnectStyle_715
Added Rule: Name=PolygonConnectStyle_716
Added Rule: Name=PolygonConnectStyle_717
Added Rule: Name=PolygonConnectStyle_719
Added Rule: Name=PolygonConnectStyle_722
Added Rule: Name=PolygonConnectStyle_723
Added Rule: Name=PolygonConnectStyle_726
Added Rule: Name=PolygonConnectStyle_727
Added Rule: Name=PolygonConnectStyle_729
Added Rule: Name=PolygonConnectStyle_730
Added Rule: Name=PolygonConnectStyle_731
Added Rule: Name=PolygonConnectStyle_732
Added Rule: Name=PolygonConnectStyle_733
Added Rule: Name=PolygonConnectStyle_734
Added Rule: Name=PolygonConnectStyle_735
Added Rule: Name=PolygonConnectStyle_736
Added Rule: Name=PolygonConnectStyle_737
Added Rule: Name=PolygonConnectStyle_738
Added Rule: Name=PolygonConnectStyle_739
Added Rule: Name=PolygonConnectStyle_741
Added Rule: Name=PolygonConnectStyle_742
Added Rule: Name=PolygonConnectStyle_744
Added Rule: Name=PolygonConnectStyle_745
Added Rule: Name=PolygonConnectStyle_746
Added Rule: Name=PolygonConnectStyle_747
Added Rule: Name=PolygonConnectStyle_748
Added Rule: Name=PolygonConnectStyle_749
Added Rule: Name=PolygonConnectStyle_751
Added Rule: Name=PolygonConnectStyle_752
Added Rule: Name=PolygonConnectStyle_753
Added Rule: Name=PolygonConnectStyle_754
Added Rule: Name=PolygonConnectStyle_755
Added Rule: Name=PolygonConnectStyle_756
Added Rule: Name=PolygonConnectStyle_757
Added Rule: Name=PolygonConnectStyle_758
Added Rule: Name=PolygonConnectStyle_759
Added Rule: Name=PolygonConnectStyle_760
Added Rule: Name=PolygonConnectStyle_761
Added Rule: Name=PolygonConnectStyle_762
Added Rule: Name=PolygonConnectStyle_764
Added Rule: Name=PolygonConnectStyle_765
Added Rule: Name=PolygonConnectStyle_767
Added Rule: Name=PolygonConnectStyle_769
Added Rule: Name=PolygonConnectStyle_770
Added Rule: Name=PolygonConnectStyle_771
Added Rule: Name=PolygonConnectStyle_772
Added Rule: Name=PolygonConnectStyle_775
Added Rule: Name=PolygonConnectStyle_776
Added Rule: Name=PolygonConnectStyle_777
Added Rule: Name=PolygonConnectStyle_778
Added Rule: Name=PolygonConnectStyle_779
Added Rule: Name=PolygonConnectStyle_780
Added Rule: Name=PolygonConnectStyle_781
Added Rule: Name=PolygonConnectStyle_783
Added Rule: Name=PolygonConnectStyle_784
Added Rule: Name=PolygonConnectStyle_785
Added Rule: Name=PolygonConnectStyle_786
Added Rule: Name=PolygonConnectStyle_788
Added Rule: Name=PolygonConnectStyle_789
Added Rule: Name=PolygonConnectStyle_790
Added Rule: Name=PolygonConnectStyle_791
Added Rule: Name=PolygonConnectStyle_792
Added Rule: Name=PolygonConnectStyle_793
Added Rule: Name=PolygonConnectStyle_794
Added Rule: Name=PolygonConnectStyle_795
Added Rule: Name=PolygonConnectStyle_797
Added Rule: Name=PolygonConnectStyle_798
Added Rule: Name=PolygonConnectStyle_799
Added Rule: Name=PolygonConnectStyle_800
Added Rule: Name=PolygonConnectStyle_801
Added Rule: Name=PolygonConnectStyle_802
Added Rule: Name=PolygonConnectStyle_803
Added Rule: Name=PolygonConnectStyle_804
Added Rule: Name=PolygonConnectStyle_805
Added Rule: Name=PolygonConnectStyle_806
Added Rule: Name=PolygonConnectStyle_807
Added Rule: Name=PolygonConnectStyle_809
Added Rule: Name=PolygonConnectStyle_811
Added Rule: Name=PolygonConnectStyle_812
Added Rule: Name=PolygonConnectStyle_813
Added Rule: Name=PolygonConnectStyle_814
Added Rule: Name=PolygonConnectStyle_815
Added Rule: Name=PolygonConnectStyle_816
Added Rule: Name=PolygonConnectStyle_817
Added Rule: Name=PolygonConnectStyle_818
Added Rule: Name=PolygonConnectStyle_819
Added Rule: Name=PolygonConnectStyle_820
Added Rule: Name=PolygonConnectStyle_821
Added Rule: Name=PolygonConnectStyle_822
Added Rule: Name=PolygonConnectStyle_823
Added Rule: Name=PolygonConnectStyle_824
Added Rule: Name=PolygonConnectStyle_825
Added Rule: Name=PolygonConnectStyle_826
Added Rule: Name=PolygonConnectStyle_827
Added Rule: Name=PolygonConnectStyle_828
Added Rule: Name=PolygonConnectStyle_829
Added Rule: Name=PolygonConnectStyle_830
Added Rule: Name=PolygonConnectStyle_832
Added Rule: Name=PolygonConnectStyle_833
Added Rule: Name=PolygonConnectStyle_834
Added Rule: Name=PolygonConnectStyle_835
Added Rule: Name=PolygonConnectStyle_838
Added Rule: Name=PolygonConnectStyle_840
Added Rule: Name=PolygonConnectStyle_841
Added Rule: Name=PolygonConnectStyle_842
Added Rule: Name=PolygonConnectStyle_843
Added Rule: Name=PolygonConnectStyle_844
Added Rule: Name=PolygonConnectStyle_845
Added Rule: Name=PolygonConnectStyle_847
Added Rule: Name=PolygonConnectStyle_848
Added Rule: Name=PolygonConnectStyle_849
Added Rule: Name=PolygonConnectStyle_851
Added Rule: Name=PolygonConnectStyle_852
Added Rule: Name=PolygonConnectStyle_856
Added Rule: Name=PolygonConnectStyle_857
Added Rule: Name=PolygonConnectStyle_858
Added Rule: Name=PolygonConnectStyle_859
Added Rule: Name=PolygonConnectStyle_860
Added Rule: Name=PolygonConnectStyle_861
Added Rule: Name=PolygonConnectStyle_862
Added Rule: Name=PolygonConnectStyle_864
Added Rule: Name=PolygonConnectStyle_865
Added Rule: Name=PolygonConnectStyle_866
Added Rule: Name=PolygonConnectStyle_868
Added Rule: Name=PolygonConnectStyle_869
Added Rule: Name=PolygonConnectStyle_870
Added Rule: Name=PolygonConnectStyle_871
Added Rule: Name=PolygonConnectStyle_874
Added Rule: Name=PolygonConnectStyle_875
Added Rule: Name=PolygonConnectStyle_876
Added Rule: Name=PolygonConnectStyle_878
Added Rule: Name=PolygonConnectStyle_880
Added Rule: Name=PolygonConnectStyle_881
Added Rule: Name=PolygonConnectStyle_882
Added Rule: Name=PolygonConnectStyle_883
Added Rule: Name=PolygonConnectStyle_884
Added Rule: Name=PolygonConnectStyle_885
Added Rule: Name=PolygonConnectStyle_886
Added Rule: Name=PolygonConnectStyle_887
Added Rule: Name=PolygonConnectStyle_888
Added Rule: Name=PolygonConnectStyle_890
Added Rule: Name=PolygonConnectStyle_891
Added Rule: Name=PolygonConnectStyle_892
Added Rule: Name=PolygonConnectStyle_894
Added Rule: Name=PolygonConnectStyle_895
Added Rule: Name=PolygonConnectStyle_896
Added Rule: Name=PolygonConnectStyle_898
Added Rule: Name=PolygonConnectStyle_899
Added Rule: Name=PolygonConnectStyle_902
Added Rule: Name=PolygonConnectStyle_903
Added Rule: Name=PolygonConnectStyle_904
Added Rule: Name=PolygonConnectStyle_906
Added Rule: Name=PolygonConnectStyle_907
Added Rule: Name=PolygonConnectStyle_909
Added Rule: Name=PolygonConnectStyle_910
Added Rule: Name=PolygonConnectStyle_911
Added Rule: Name=PolygonConnectStyle_912
Added Rule: Name=PolygonConnectStyle_913
Added Rule: Name=PolygonConnectStyle_914
Added Rule: Name=PolygonConnectStyle_916
Added Rule: Name=PolygonConnectStyle_917
Added Rule: Name=PolygonConnectStyle_918
Added Rule: Name=PolygonConnectStyle_919
Added Rule: Name=PolygonConnectStyle_920
Added Rule: Name=PolygonConnectStyle_921
Added Rule: Name=PolygonConnectStyle_922
Added Rule: Name=PolygonConnectStyle_923
Added Rule: Name=PolygonConnectStyle_924
Added Rule: Name=PolygonConnectStyle_925
Added Rule: Name=PolygonConnectStyle_926
Added Rule: Name=PolygonConnectStyle_927
Added Rule: Name=PolygonConnectStyle_929
Added Rule: Name=PolygonConnectStyle_930
Added Rule: Name=PolygonConnectStyle_931
Added Rule: Name=PolygonConnectStyle_932
Added Rule: Name=PolygonConnectStyle_933
Added Rule: Name=PolygonConnectStyle_936
Added Rule: Name=PolygonConnectStyle_938
Added Rule: Name=PolygonConnectStyle_940
Added Rule: Name=PolygonConnectStyle_941
Added Rule: Name=PolygonConnectStyle_942
Added Rule: Name=PolygonConnectStyle_943
Added Rule: Name=PolygonConnectStyle_945
Added Rule: Name=PolygonConnectStyle_946
Added Rule: Name=PolygonConnectStyle_948
Added Rule: Name=PolygonConnectStyle_949
Added Rule: Name=PolygonConnectStyle_950
Added Rule: Name=PolygonConnectStyle_951
Added Rule: Name=PolygonConnectStyle_952
Added Rule: Name=PolygonConnectStyle_953
Added Rule: Name=PolygonConnectStyle_955
Added Rule: Name=PolygonConnectStyle_956
Added Rule: Name=PolygonConnectStyle_958
Added Rule: Name=PolygonConnectStyle_959
Added Rule: Name=PolygonConnectStyle_960
Added Rule: Name=PolygonConnectStyle_961
Added Rule: Name=PolygonConnectStyle_962
Added Rule: Name=PolygonConnectStyle_964
Added Rule: Name=PolygonConnectStyle_966
Added Rule: Name=PolygonConnectStyle_967
Added Rule: Name=PolygonConnectStyle_968
Added Rule: Name=PolygonConnectStyle_970
Added Rule: Name=PolygonConnectStyle_971
Added Rule: Name=PolygonConnectStyle_973
Added Rule: Name=PolygonConnectStyle_974
Added Rule: Name=PolygonConnectStyle_975
Added Rule: Name=PolygonConnectStyle_976
Added Rule: Name=PolygonConnectStyle_977
Added Rule: Name=PolygonConnectStyle_979
Added Rule: Name=PolygonConnectStyle_981
Added Rule: Name=PolygonConnectStyle_982
Added Rule: Name=PolygonConnectStyle_983
Added Rule: Name=PolygonConnectStyle_984
Added Rule: Name=PolygonConnectStyle_986
Added Rule: Name=PolygonConnectStyle_987
Added Rule: Name=PolygonConnectStyle_989
Added Rule: Name=PolygonConnectStyle_990
Added Rule: Name=PolygonConnectStyle_991
Added Rule: Name=PolygonConnectStyle_992
Added Rule: Name=PolygonConnectStyle_993
Added Rule: Name=PolygonConnectStyle_994
Added Rule: Name=PolygonConnectStyle_995
Added Rule: Name=PolygonConnectStyle_996
Added Rule: Name=PolygonConnectStyle_997
Added Rule: Name=PolygonConnectStyle_998
Added Rule: Name=PolygonConnectStyle_1000
Added Rule: Name=PolygonConnectStyle_1001
Added Rule: Name=PolygonConnectStyle_1002
Added Rule: Name=PolygonConnectStyle_1003
Added Rule: Name=PolygonConnectStyle_1004
Added Rule: Name=PolygonConnectStyle_1005
Added Rule: Name=PolygonConnectStyle_1007
Added Rule: Name=PolygonConnectStyle_1008
Added Rule: Name=PolygonConnectStyle_1009
Added Rule: Name=PolygonConnectStyle_1010
Added Rule: Name=PolygonConnectStyle_1012
Added Rule: Name=PolygonConnectStyle_1014
Added Rule: Name=PolygonConnectStyle_1015
Added Rule: Name=PolygonConnectStyle_1016
Added Rule: Name=PolygonConnectStyle_1017
Added Rule: Name=PolygonConnectStyle_1019
Added Rule: Name=PolygonConnectStyle_1020
Added Rule: Name=PolygonConnectStyle_1022
Added Rule: Name=PolygonConnectStyle_1023
Added Rule: Name=PolygonConnectStyle_1024
Added Rule: Name=PolygonConnectStyle_1025
Added Rule: Name=PolygonConnectStyle_1027
Added Rule: Name=PolygonConnectStyle_1028
Added Rule: Name=PolygonConnectStyle_1030
Added Rule: Name=PolygonConnectStyle_1031
Added Rule: Name=PolygonConnectStyle_1032
Added Rule: Name=PolygonConnectStyle_1034
Added Rule: Name=PolygonConnectStyle_1035
Added Rule: Name=PolygonConnectStyle_1036
Added Rule: Name=PolygonConnectStyle_1038
Added Rule: Name=PolygonConnectStyle_2065
Added Rule: Name=PolygonConnectStyle_2066
Added Rule: Name=PolygonConnectStyle_2067
Added Rule: Name=PolygonConnectStyle_2068
Added Rule: Name=PolygonConnectStyle_2069
Added Rule: Name=PolygonConnectStyle_2070
Added Rule: Name=PolygonConnectStyle_2071
Added Rule: Name=PolygonConnectStyle_2072
Added Rule: Name=PolygonConnectStyle_2073
Added Rule: Name=PolygonConnectStyle_2074
Added Rule: Name=PolygonConnectStyle_2075
Added Rule: Name=PolygonConnectStyle_2076
Added Rule: Name=PolygonConnectStyle_2077
Added Rule: Name=PolygonConnectStyle_2078
Added Rule: Name=PolygonConnectStyle_2079
Added Rule: Name=PolygonConnectStyle_2080
Added Rule: Name=PolygonConnectStyle_2081
Added Rule: Name=PolygonConnectStyle_2082
Added Rule: Name=PolygonConnectStyle_2083
Added Rule: Name=PolygonConnectStyle_2084
Added Rule: Name=PolygonConnectStyle_2085
Added Rule: Name=PolygonConnectStyle_2086
Added Rule: Name=PolygonConnectStyle_2087
Added Rule: Name=PolygonConnectStyle_2088
Added Rule: Name=PolygonConnectStyle_2089
Added Rule: Name=PolygonConnectStyle_2090
Added Rule: Name=PolygonConnectStyle_2091
Added Rule: Name=PolygonConnectStyle_2092
Added Rule: Name=PolygonConnectStyle_2093
Added Rule: Name=PolygonConnectStyle_2094
Added Rule: Name=PolygonConnectStyle_2095
Added Rule: Name=PolygonConnectStyle_2096
Added Rule: Name=PolygonConnectStyle_2097
Added Rule: Name=PolygonConnectStyle_2098
Added Rule: Name=PolygonConnectStyle_2099
Added Rule: Name=PolygonConnectStyle_2100
Added Rule: Name=PolygonConnectStyle_2101
Added Rule: Name=PolygonConnectStyle_2102
Added Rule: Name=PolygonConnectStyle_2103
Added Rule: Name=PolygonConnectStyle_2104
Added Rule: Name=PolygonConnectStyle_2105
Added Rule: Name=PolygonConnectStyle_2106
Added Rule: Name=PolygonConnectStyle_2107
Added Rule: Name=PolygonConnectStyle_2108
Added Rule: Name=PolygonConnectStyle_2109
Added Rule: Name=PolygonConnectStyle_2110
Added Rule: Name=PolygonConnectStyle_2111
Added Rule: Name=PolygonConnectStyle_2112
Added Rule: Name=PolygonConnectStyle_2113
Added Rule: Name=PolygonConnectStyle_2114
Added Rule: Name=PolygonConnectStyle_2115
Added Rule: Name=PolygonConnectStyle_2116
Added Rule: Name=PolygonConnectStyle_2117
Added Rule: Name=PolygonConnectStyle_2118
Added Rule: Name=PolygonConnectStyle_2119
Added Rule: Name=PolygonConnectStyle_2120
Added Rule: Name=PolygonConnectStyle_2121
Added Rule: Name=PolygonConnectStyle_2122
Added Rule: Name=PolygonConnectStyle_2123
Added Rule: Name=PolygonConnectStyle_2124
Added Rule: Name=PolygonConnectStyle_2125
Added Rule: Name=PolygonConnectStyle_2126
Added Rule: Name=PolygonConnectStyle_2127
Added Rule: Name=PolygonConnectStyle_2128
Added Rule: Name=PolygonConnectStyle_2129
Added Rule: Name=PolygonConnectStyle_2130
Added Rule: Name=PolygonConnectStyle_2131
Added Rule: Name=PolygonConnectStyle_2132
Added Rule: Name=PolygonConnectStyle_2133
Added Rule: Name=PolygonConnectStyle_2134
Added Rule: Name=PolygonConnectStyle_2135
Added Rule: Name=PolygonConnectStyle_2136
Added Rule: Name=PolygonConnectStyle_2137
Added Rule: Name=PolygonConnectStyle_2138
Added Rule: Name=PolygonConnectStyle_2139
Added Rule: Name=PolygonConnectStyle_2140
Added Rule: Name=PolygonConnectStyle_2141
Added Rule: Name=PolygonConnectStyle_2142
Added Rule: Name=PolygonConnectStyle_2143
Added Rule: Name=PolygonConnectStyle_2144
Added Rule: Name=PolygonConnectStyle_2145
Added Rule: Name=PolygonConnectStyle_2146
Added Rule: Name=PolygonConnectStyle_2147
Added Rule: Name=PolygonConnectStyle_2148
Added Rule: Name=PolygonConnectStyle_2149
Added Rule: Name=PolygonConnectStyle_2150
Added Rule: Name=PolygonConnectStyle_2151
Added Rule: Name=PolygonConnectStyle_2152
Added Rule: Name=PolygonConnectStyle_2153
Added Rule: Name=PolygonConnectStyle_2154
Added Rule: Name=PolygonConnectStyle_2155
Added Rule: Name=PolygonConnectStyle_2156
Added Rule: Name=PolygonConnectStyle_2157
Added Rule: Name=PolygonConnectStyle_2158
Added Rule: Name=PolygonConnectStyle_2159
Added Rule: Name=PolygonConnectStyle_2160
Added Rule: Name=PolygonConnectStyle_2161
Added Rule: Name=PolygonConnectStyle_2162
Added Rule: Name=PolygonConnectStyle_2163
Added Rule: Name=PolygonConnectStyle_2164
Added Rule: Name=PolygonConnectStyle_2165
Added Rule: Name=PolygonConnectStyle_2166
Added Rule: Name=PolygonConnectStyle_2167
Added Rule: Name=PolygonConnectStyle_2168
Added Rule: Name=PolygonConnectStyle_2169
Added Rule: Name=PolygonConnectStyle_2170
Added Rule: Name=PolygonConnectStyle_2171
Added Rule: Name=PolygonConnectStyle_2172
Added Rule: Name=PolygonConnectStyle_2173
Added Rule: Name=PolygonConnectStyle_2174
Added Rule: Name=PolygonConnectStyle_2175
Added Rule: Name=PolygonConnectStyle_2176
Added Rule: Name=PolygonConnectStyle_2177
Added Rule: Name=PolygonConnectStyle_2178
Added Rule: Name=PolygonConnectStyle_2179
Added Rule: Name=PolygonConnectStyle_2180
Added Rule: Name=PolygonConnectStyle_2181
Added Rule: Name=PolygonConnectStyle_2182
Added Rule: Name=PolygonConnectStyle_2183
Added Rule: Name=PolygonConnectStyle_2184
Added Rule: Name=PolygonConnectStyle_2185
Added Rule: Name=PolygonConnectStyle_2186
Added Rule: Name=PolygonConnectStyle_2187
Added Rule: Name=PolygonConnectStyle_2188
Added Rule: Name=PolygonConnectStyle_2189
Added Rule: Name=PolygonConnectStyle_2190
Added Rule: Name=PolygonConnectStyle_2191
Added Rule: Name=PolygonConnectStyle_2192
Added Rule: Name=PolygonConnectStyle_2193
Added Rule: Name=PolygonConnectStyle_2194
Added Rule: Name=PolygonConnectStyle_2195
Added Rule: Name=PolygonConnectStyle_2196
Added Rule: Name=PolygonConnectStyle_2197
Added Rule: Name=PolygonConnectStyle_2198
Added Rule: Name=PolygonConnectStyle_2199
Added Rule: Name=PolygonConnectStyle_2200
Added Rule: Name=PolygonConnectStyle_2201
Added Rule: Name=PolygonConnectStyle_2202
Added Rule: Name=PolygonConnectStyle_2203
Added Rule: Name=PolygonConnectStyle_2204
Added Rule: Name=PolygonConnectStyle_2205
Added Rule: Name=PolygonConnectStyle_2206
Added Rule: Name=PolygonConnectStyle_2207
Added Rule: Name=PolygonConnectStyle_2208
Added Rule: Name=PolygonConnectStyle_2209
Added Rule: Name=PolygonConnectStyle_2210
Added Rule: Name=PolygonConnectStyle_2211
Added Rule: Name=PolygonConnectStyle_2212
Added Rule: Name=PolygonConnectStyle_2213
Added Rule: Name=PolygonConnectStyle_2214
Added Rule: Name=PolygonConnectStyle_2215
Added Rule: Name=PolygonConnectStyle_2216
Added Rule: Name=PolygonConnectStyle_2217
Added Rule: Name=PolygonConnectStyle_2218
Added Rule: Name=PolygonConnectStyle_2219
Added Rule: Name=PolygonConnectStyle_2220
Added Rule: Name=PolygonConnectStyle_2221
Added Rule: Name=PolygonConnectStyle_2222
Added Rule: Name=PolygonConnectStyle_2223
Added Rule: Name=PolygonConnectStyle_2224
Added Rule: Name=PolygonConnectStyle_2225
Added Rule: Name=PolygonConnectStyle_2226
Added Rule: Name=PolygonConnectStyle_2227
Added Rule: Name=PolygonConnectStyle_2228
Added Rule: Name=PolygonConnectStyle_2229
Added Rule: Name=PolygonConnectStyle_2230
Added Rule: Name=PolygonConnectStyle_2231
Added Rule: Name=PolygonConnectStyle_2232
Added Rule: Name=PolygonConnectStyle_2233
Added Rule: Name=PolygonConnectStyle_2234
Added Rule: Name=PolygonConnectStyle_2235
Added Rule: Name=PolygonConnectStyle_2236
Added Rule: Name=PolygonConnectStyle_2237
Added Rule: Name=PolygonConnectStyle_2238
Added Rule: Name=PolygonConnectStyle_2239
Added Rule: Name=PolygonConnectStyle_2240
Added Rule: Name=PolygonConnectStyle_2241
Added Rule: Name=PolygonConnectStyle_2242
Added Rule: Name=PolygonConnectStyle_2243
Added Rule: Name=PolygonConnectStyle_2244
Added Rule: Name=PolygonConnectStyle_2245
Added Rule: Name=PolygonConnectStyle_2246
Added Rule: Name=PolygonConnectStyle_2247
Added Rule: Name=PolygonConnectStyle_2248
Added Rule: Name=PolygonConnectStyle_2249
Added Rule: Name=PolygonConnectStyle_2250
Added Rule: Name=PolygonConnectStyle_2251
Added Rule: Name=PolygonConnectStyle_2252
Added Rule: Name=PolygonConnectStyle_2253
Added Rule: Name=PolygonConnectStyle_2254
Added Rule: Name=PolygonConnectStyle_2255
Added Rule: Name=PolygonConnectStyle_2256
Added Rule: Name=PolygonConnectStyle_2257
Added Rule: Name=PolygonConnectStyle_2258
Added Rule: Name=PolygonConnectStyle_2259
Added Rule: Name=PolygonConnectStyle_2260
Added Rule: Name=PolygonConnectStyle_2261
Added Rule: Name=PolygonConnectStyle_2262
Added Rule: Name=PolygonConnectStyle_2263
Added Rule: Name=PolygonConnectStyle_2264
Added Rule: Name=PolygonConnectStyle_2265
Added Rule: Name=PolygonConnectStyle_2266
Added Rule: Name=PolygonConnectStyle_2267
Added Rule: Name=PolygonConnectStyle_2268
Added Rule: Name=PolygonConnectStyle_2269
Added Rule: Name=PolygonConnectStyle_2270
Added Rule: Name=PolygonConnectStyle_2271
Added Rule: Name=PolygonConnectStyle_2272
Added Rule: Name=PolygonConnectStyle_2273
Added Rule: Name=PolygonConnectStyle_2274
Added Rule: Name=PolygonConnectStyle_2275
Added Rule: Name=PolygonConnectStyle_2276
Added Rule: Name=PolygonConnectStyle_2277
Added Rule: Name=PolygonConnectStyle_2278
Added Rule: Name=PolygonConnectStyle_2279
Added Rule: Name=PolygonConnectStyle_2280
Added Rule: Name=PolygonConnectStyle_2281
Added Rule: Name=PolygonConnectStyle_2282
Added Rule: Name=PolygonConnectStyle_2283
Added Rule: Name=PolygonConnectStyle_2284
Added Rule: Name=PolygonConnectStyle_2285
Added Rule: Name=PolygonConnectStyle_2286
Added Rule: Name=PolygonConnectStyle_2287
Added Rule: Name=PolygonConnectStyle_2288
Added Rule: Name=PolygonConnectStyle_2289
Added Rule: Name=PolygonConnectStyle_2290
Added Rule: Name=PolygonConnectStyle_2291
Added Rule: Name=PolygonConnectStyle_2292
Added Rule: Name=PolygonConnectStyle_2293
Added Rule: Name=PolygonConnectStyle_2294
Added Rule: Name=PolygonConnectStyle_2295
Added Rule: Name=PolygonConnectStyle_2296
Added Rule: Name=PolygonConnectStyle_2297
Added Rule: Name=PolygonConnectStyle_2298
Added Rule: Name=PolygonConnectStyle_2299
Added Rule: Name=PolygonConnectStyle_2300
Added Rule: Name=PolygonConnectStyle_2301
Added Rule: Name=PolygonConnectStyle_2302
Added Rule: Name=PolygonConnectStyle_2303
Added Rule: Name=PolygonConnectStyle_2304
Added Rule: Name=PolygonConnectStyle_2305
Added Rule: Name=PolygonConnectStyle_2306
Added Rule: Name=PolygonConnectStyle_2307
Added Rule: Name=PolygonConnectStyle_2308
Added Rule: Name=PolygonConnectStyle_2309
Added Rule: Name=PolygonConnectStyle_2310
Added Rule: Name=PolygonConnectStyle_2311
Added Rule: Name=PolygonConnectStyle_2312
Added Rule: Name=PolygonConnectStyle_2313
Added Rule: Name=PolygonConnectStyle_2314
Added Rule: Name=PolygonConnectStyle_2315
Added Rule: Name=PolygonConnectStyle_2316
Added Rule: Name=PolygonConnectStyle_2317
Added Rule: Name=PolygonConnectStyle_2318
Added Rule: Name=PolygonConnectStyle_2319
Added Rule: Name=PolygonConnectStyle_2320
Added Rule: Name=PolygonConnectStyle_2321
Added Rule: Name=PolygonConnectStyle_2322
Added Rule: Name=PolygonConnectStyle_2323
Added Rule: Name=PolygonConnectStyle_2324
Added Rule: Name=PolygonConnectStyle_2325
Added Rule: Name=PolygonConnectStyle_2326
Added Rule: Name=PolygonConnectStyle_2327
Added Rule: Name=PolygonConnectStyle_2328
Added Rule: Name=PolygonConnectStyle_2329
Added Rule: Name=PolygonConnectStyle_2330
Added Rule: Name=PolygonConnectStyle_2331
Added Rule: Name=PolygonConnectStyle_2332
Added Rule: Name=PolygonConnectStyle_2333
Added Rule: Name=PolygonConnectStyle_2334
Added Rule: Name=PolygonConnectStyle_2335
Added Rule: Name=PolygonConnectStyle_2336
Added Rule: Name=PolygonConnectStyle_2337
Added Rule: Name=PolygonConnectStyle_2338
Added Rule: Name=PolygonConnectStyle_2339
Added Rule: Name=PolygonConnectStyle_2340
Added Rule: Name=PolygonConnectStyle_2341
Added Rule: Name=PolygonConnectStyle_2342
Added Rule: Name=PolygonConnectStyle_2343
Added Rule: Name=PolygonConnectStyle_2344
Added Rule: Name=PolygonConnectStyle_2345
Added Rule: Name=PolygonConnectStyle_2346
Added Rule: Name=PolygonConnectStyle_2347
Added Rule: Name=PolygonConnectStyle_2348
Added Rule: Name=PolygonConnectStyle_2349
Added Rule: Name=PolygonConnectStyle_2350
Added Rule: Name=PolygonConnectStyle_2351
Added Rule: Name=PolygonConnectStyle_2352
Added Rule: Name=PolygonConnectStyle_2353
Added Rule: Name=PolygonConnectStyle_2354
Added Rule: Name=PolygonConnectStyle_2355
Added Rule: Name=PolygonConnectStyle_2356
Added Rule: Name=PolygonConnectStyle_2357
Added Rule: Name=PolygonConnectStyle_2358
Added Rule: Name=PolygonConnectStyle_2359
Added Rule: Name=PolygonConnectStyle_2360
Added Rule: Name=PolygonConnectStyle_2361
Added Rule: Name=PolygonConnectStyle_2362
Added Rule: Name=PolygonConnectStyle_2363
Added Rule: Name=PolygonConnectStyle_2364
Added Rule: Name=PolygonConnectStyle_2365
Added Rule: Name=PolygonConnectStyle_2366
Added Rule: Name=PolygonConnectStyle_2367
Added Rule: Name=PolygonConnectStyle_2368
Added Rule: Name=PolygonConnectStyle_2369
Added Rule: Name=PolygonConnectStyle_2370
Added Rule: Name=PolygonConnectStyle_2371
Added Rule: Name=PolygonConnectStyle_2372
Added Rule: Name=PolygonConnectStyle_2373
Added Rule: Name=PolygonConnectStyle_2374
Added Rule: Name=PolygonConnectStyle_2375
Added Rule: Name=PolygonConnectStyle_2376
Added Rule: Name=PolygonConnectStyle_2377
Added Rule: Name=PolygonConnectStyle_2378
Added Rule: Name=PolygonConnectStyle_2379
Added Rule: Name=PolygonConnectStyle_2380
Added Rule: Name=PolygonConnectStyle_2381
Added Rule: Name=PolygonConnectStyle_2382
Added Rule: Name=PolygonConnectStyle_2383
Added Rule: Name=PolygonConnectStyle_2384
Added Rule: Name=PolygonConnectStyle_2385
Added Rule: Name=PolygonConnectStyle_2386
Added Rule: Name=PolygonConnectStyle_2387
Added Rule: Name=PolygonConnectStyle_2388
Added Rule: Name=PolygonConnectStyle_2389
Added Rule: Name=PolygonConnectStyle_2390
Added Rule: Name=PolygonConnectStyle_2391
Added Rule: Name=PolygonConnectStyle_2392
Added Rule: Name=PolygonConnectStyle_2393
Added Rule: Name=PolygonConnectStyle_2394
Added Rule: Name=PolygonConnectStyle_2395
Added Rule: Name=PolygonConnectStyle_2396
Added Rule: Name=PolygonConnectStyle_2397
Added Rule: Name=PolygonConnectStyle_2398
Added Rule: Name=PolygonConnectStyle_2399
Added Rule: Name=PolygonConnectStyle_2400
Added Rule: Name=PolygonConnectStyle_2401
Added Rule: Name=PolygonConnectStyle_2402
Added Rule: Name=PolygonConnectStyle_2403
Added Rule: Name=PolygonConnectStyle_2404
Added Rule: Name=PolygonConnectStyle_2405
Added Rule: Name=PolygonConnectStyle_2406
Added Rule: Name=PolygonConnectStyle_2407
Added Rule: Name=PolygonConnectStyle_2408
Added Rule: Name=PolygonConnectStyle_2409
Added Rule: Name=PolygonConnectStyle_2410
Added Rule: Name=PolygonConnectStyle_2411
Added Rule: Name=PolygonConnectStyle_2412
Added Rule: Name=PolygonConnectStyle_2413
Added Rule: Name=PolygonConnectStyle_2414
Added Rule: Name=PolygonConnectStyle_2415
Added Rule: Name=PolygonConnectStyle_2416
Added Rule: Name=PolygonConnectStyle_2417
Added Rule: Name=PolygonConnectStyle_2418
Added Rule: Name=PolygonConnectStyle_2419
Added Rule: Name=PolygonConnectStyle_2420
Added Rule: Name=PolygonConnectStyle_2421
Added Rule: Name=PolygonConnectStyle_2422
Added Rule: Name=PolygonConnectStyle_2423
Added Rule: Name=PolygonConnectStyle_2424
Added Rule: Name=PolygonConnectStyle_2425
Added Rule: Name=PolygonConnectStyle_2426
Added Rule: Name=PolygonConnectStyle_2427
Added Rule: Name=PolygonConnectStyle_2428
Added Rule: Name=PolygonConnectStyle_2429
Added Rule: Name=PolygonConnectStyle_2430
Added Rule: Name=PolygonConnectStyle_2431
Added Rule: Name=PolygonConnectStyle_2432
Added Rule: Name=PolygonConnectStyle_2433
Added Rule: Name=PolygonConnectStyle_2434
Added Rule: Name=PolygonConnectStyle_2435
Added Rule: Name=PolygonConnectStyle_2436
Added Rule: Name=PolygonConnectStyle_2437
Added Rule: Name=PolygonConnectStyle_2438
Added Rule: Name=PolygonConnectStyle_2439
Added Rule: Name=PolygonConnectStyle_2440
Added Rule: Name=PolygonConnectStyle_2441
Added Rule: Name=PolygonConnectStyle_2442
Added Rule: Name=PolygonConnectStyle_2443
Added Rule: Name=PolygonConnectStyle_2444
Added Rule: Name=PolygonConnectStyle_2445
Added Rule: Name=PolygonConnectStyle_2446
Added Rule: Name=PolygonConnectStyle_2447
Added Rule: Name=PolygonConnectStyle_2448
Added Rule: Name=PolygonConnectStyle_2449
Added Rule: Name=PolygonConnectStyle_2450
Added Rule: Name=PolygonConnectStyle_2451
Added Rule: Name=PolygonConnectStyle_2452
Added Rule: Name=PolygonConnectStyle_2453
Added Rule: Name=PolygonConnectStyle_2454
Added Rule: Name=PolygonConnectStyle_2455
Added Rule: Name=PolygonConnectStyle_2456
Added Rule: Name=PolygonConnectStyle_2457
Added Rule: Name=PolygonConnectStyle_2458
Added Rule: Name=PolygonConnectStyle_2459
Added Rule: Name=PolygonConnectStyle_2460
Added Rule: Name=PolygonConnectStyle_2461
Added Rule: Name=PolygonConnectStyle_2462
Added Rule: Name=PolygonConnectStyle_2463
Added Rule: Name=PolygonConnectStyle_2464
Added Rule: Name=PolygonConnectStyle_2465
Added Rule: Name=PolygonConnectStyle_2466
Added Rule: Name=PolygonConnectStyle_2467
Added Rule: Name=PolygonConnectStyle_2468
Added Rule: Name=PolygonConnectStyle_2469
Added Rule: Name=PolygonConnectStyle_2470
Added Rule: Name=PolygonConnectStyle_2471
Added Rule: Name=PolygonConnectStyle_2472
Added Rule: Name=PolygonConnectStyle_2473
Added Rule: Name=PolygonConnectStyle_2474
Added Rule: Name=PolygonConnectStyle_2475
Added Rule: Name=PolygonConnectStyle_2476
Added Rule: Name=PolygonConnectStyle_2477
Added Rule: Name=PolygonConnectStyle_2478
Added Rule: Name=PolygonConnectStyle_2479
Added Rule: Name=PolygonConnectStyle_2480
Added Rule: Name=PolygonConnectStyle_2481
Added Rule: Name=PolygonConnectStyle_2482
Added Rule: Name=PolygonConnectStyle_2483
Added Rule: Name=PolygonConnectStyle_2484
Added Rule: Name=PolygonConnectStyle_2485
Added Rule: Name=PolygonConnectStyle_2486
Added Rule: Name=PolygonConnectStyle_2487
Added Rule: Name=PolygonConnectStyle_2488
Added Rule: Name=PolygonConnectStyle_2489
Added Rule: Name=PolygonConnectStyle_2490
Added Rule: Name=PolygonConnectStyle_2491
Added Rule: Name=PolygonConnectStyle_2492
Added Rule: Name=PolygonConnectStyle_2493
Added Rule: Name=PolygonConnectStyle_2494
Added Rule: Name=PolygonConnectStyle_2495
Added Rule: Name=PolygonConnectStyle_2496
Added Rule: Name=PolygonConnectStyle_2497
Added Rule: Name=PolygonConnectStyle_2498
Added Rule: Name=PolygonConnectStyle_2499
Added Rule: Name=PolygonConnectStyle_2500
Added Rule: Name=PolygonConnectStyle_2501
Added Rule: Name=PolygonConnectStyle_2502
Added Rule: Name=PolygonConnectStyle_2503
Added Rule: Name=PolygonConnectStyle_2504
Added Rule: Name=PolygonConnectStyle_2505
Added Rule: Name=PolygonConnectStyle_2506
Added Rule: Name=PolygonConnectStyle_2507
Added Rule: Name=PolygonConnectStyle_2508
Added Rule: Name=PolygonConnectStyle_2509
Added Rule: Name=PolygonConnectStyle_2510
Added Rule: Name=PolygonConnectStyle_2511
Added Rule: Name=PolygonConnectStyle_2512
Added Rule: Name=PolygonConnectStyle_2513
Added Rule: Name=PolygonConnectStyle_2514
Added Rule: Name=PolygonConnectStyle_2515
Added Rule: Name=PolygonConnectStyle_2516
Added Rule: Name=PolygonConnectStyle_2517
Added Rule: Name=PolygonConnectStyle_2518
Added Rule: Name=PolygonConnectStyle_2519
Added Rule: Name=PolygonConnectStyle_2520
Added Rule: Name=PolygonConnectStyle_2521
Added Rule: Name=PolygonConnectStyle_2522
Added Rule: Name=PolygonConnectStyle_2523
Added Rule: Name=PolygonConnectStyle_2524
Added Rule: Name=PolygonConnectStyle_2525
Added Rule: Name=PolygonConnectStyle_2526
Added Rule: Name=PolygonConnectStyle_2527
Added Rule: Name=PolygonConnectStyle_2528
Added Rule: Name=PolygonConnectStyle_2529
Added Rule: Name=PolygonConnectStyle_2530
Added Rule: Name=PolygonConnectStyle_2531
Added Rule: Name=PolygonConnectStyle_2532
Added Rule: Name=PolygonConnectStyle_2533
Added Rule: Name=PolygonConnectStyle_2534
Added Rule: Name=PolygonConnectStyle_2535
Added Rule: Name=PolygonConnectStyle_2536
Added Rule: Name=PolygonConnectStyle_2537
Added Rule: Name=PolygonConnectStyle_2538
Added Rule: Name=PolygonConnectStyle_2539
Added Rule: Name=PolygonConnectStyle_2540
Added Rule: Name=PolygonConnectStyle_2541
Added Rule: Name=PolygonConnectStyle_2542
Added Rule: Name=PolygonConnectStyle_2543
Added Rule: Name=PolygonConnectStyle_2544
Added Rule: Name=PolygonConnectStyle_2545
Added Rule: Name=PolygonConnectStyle_2546
Added Rule: Name=PolygonConnectStyle_2547
Added Rule: Name=PolygonConnectStyle_2548
Added Rule: Name=PolygonConnectStyle_2549
Added Rule: Name=PolygonConnectStyle_2550
Added Rule: Name=PolygonConnectStyle_2551
Added Rule: Name=PolygonConnectStyle_2552
Added Rule: Name=PolygonConnectStyle_2553
Added Rule: Name=PolygonConnectStyle_2554
Added Rule: Name=PolygonConnectStyle_2555
Added Rule: Name=PolygonConnectStyle_2556
Added Rule: Name=PolygonConnectStyle_2557
Added Rule: Name=PolygonConnectStyle_2558
Added Rule: Name=PolygonConnectStyle_2559
Added Rule: Name=PolygonConnectStyle_2560
Added Rule: Name=PolygonConnectStyle_2561
Added Rule: Name=PolygonConnectStyle_2562
Added Rule: Name=PolygonConnectStyle_2563
Added Rule: Name=PolygonConnectStyle_2564
Added Rule: Name=PolygonConnectStyle_2565
Added Rule: Name=PolygonConnectStyle_2566
Added Rule: Name=PolygonConnectStyle_2567
Added Rule: Name=PolygonConnectStyle_2568
Added Rule: Name=PolygonConnectStyle_2569
Added Rule: Name=PolygonConnectStyle_2570
Added Rule: Name=PolygonConnectStyle_2571
Added Rule: Name=PolygonConnectStyle_2572
Added Rule: Name=PolygonConnectStyle_2573
Added Rule: Name=PolygonConnectStyle_2574
Added Rule: Name=PolygonConnectStyle_2575
Added Rule: Name=PolygonConnectStyle_2576
Added Rule: Name=PolygonConnectStyle_2577
Added Rule: Name=PolygonConnectStyle_2578
Added Rule: Name=PolygonConnectStyle_2579
Added Rule: Name=PolygonConnectStyle_2580
Added Rule: Name=PolygonConnectStyle_2581
Added Rule: Name=PolygonConnectStyle_2582
Added Rule: Name=PolygonConnectStyle_2583
Added Rule: Name=PolygonConnectStyle_2584
Added Rule: Name=PolygonConnectStyle_2585
Added Rule: Name=PolygonConnectStyle_2586
Added Rule: Name=PolygonConnectStyle_2587
Added Rule: Name=PolygonConnectStyle_2588
Added Rule: Name=PolygonConnectStyle_2589
Added Rule: Name=PolygonConnectStyle_2590
Added Rule: Name=PolygonConnectStyle_2591
Added Rule: Name=PolygonConnectStyle_2592
Added Rule: Name=PolygonConnectStyle_2593
Added Rule: Name=PolygonConnectStyle_2594
Added Rule: Name=PolygonConnectStyle_2595
Added Rule: Name=PolygonConnectStyle_2596
Added Rule: Name=PolygonConnectStyle_2597
Added Rule: Name=PolygonConnectStyle_2598
Added Rule: Name=PolygonConnectStyle_2599
Added Rule: Name=PolygonConnectStyle_2600
Added Rule: Name=PolygonConnectStyle_2601
Added Rule: Name=PolygonConnectStyle_2602
Added Rule: Name=PolygonConnectStyle_2603
Added Rule: Name=PolygonConnectStyle_2604
Added Rule: Name=PolygonConnectStyle_2605
Added Rule: Name=PolygonConnectStyle_2606
Added Rule: Name=PolygonConnectStyle_2607
Added Rule: Name=PolygonConnectStyle_2608
Added Rule: Name=PolygonConnectStyle_2609
Added Rule: Name=PolygonConnectStyle_2610
Added Rule: Name=PolygonConnectStyle_2611
Added Rule: Name=PolygonConnectStyle_2612
Added Rule: Name=PolygonConnectStyle_2613
Added Rule: Name=PolygonConnectStyle_2614
Added Rule: Name=PolygonConnectStyle_2615
Added Rule: Name=PolygonConnectStyle_2616
Added Rule: Name=PolygonConnectStyle_2617
Added Rule: Name=PolygonConnectStyle_2618
Added Rule: Name=PolygonConnectStyle_2619
Added Rule: Name=PolygonConnectStyle_2620
Added Rule: Name=PolygonConnectStyle_2621
Added Rule: Name=PolygonConnectStyle_2622
Added Rule: Name=PolygonConnectStyle_2623
Added Rule: Name=PolygonConnectStyle_2624
Added Rule: Name=PolygonConnectStyle_2625
Added Rule: Name=PolygonConnectStyle_2626
Added Rule: Name=PolygonConnectStyle_2627
Added Rule: Name=PolygonConnectStyle_2628
Added Rule: Name=PolygonConnectStyle_2629
Added Rule: Name=PolygonConnectStyle_2630
Added Rule: Name=PolygonConnectStyle_2631
Added Rule: Name=PolygonConnectStyle_2632
Added Rule: Name=PolygonConnectStyle_2633
Added Rule: Name=PolygonConnectStyle_2634
Added Rule: Name=PolygonConnectStyle_2635
Added Rule: Name=PolygonConnectStyle_2636
Added Rule: Name=PolygonConnectStyle_2637
Added Rule: Name=PolygonConnectStyle_2638
Added Rule: Name=PolygonConnectStyle_2639
Added Rule: Name=PolygonConnectStyle_2640
Added Rule: Name=PolygonConnectStyle_2641
Added Rule: Name=PolygonConnectStyle_2642
Added Rule: Name=PolygonConnectStyle_2643
Added Rule: Name=PolygonConnectStyle_2644
Added Rule: Name=PolygonConnectStyle_2645
Added Rule: Name=PolygonConnectStyle_2646
Added Rule: Name=PolygonConnectStyle_2647
Added Rule: Name=PolygonConnectStyle_2648
Added Rule: Name=PolygonConnectStyle_2649
Added Rule: Name=PolygonConnectStyle_2650
Added Rule: Name=PolygonConnectStyle_2651
Added Rule: Name=PolygonConnectStyle_2652
Added Rule: Name=PolygonConnectStyle_2653
Added Rule: Name=PolygonConnectStyle_2654
Added Rule: Name=PolygonConnectStyle_2655
Added Rule: Name=PolygonConnectStyle_2656
Added Rule: Name=PolygonConnectStyle_2657
Added Rule: Name=PolygonConnectStyle_2658
Added Rule: Name=PolygonConnectStyle_2659
Added Rule: Name=PolygonConnectStyle_2660
Added Rule: Name=PolygonConnectStyle_2661
Added Rule: Name=PolygonConnectStyle_2662
Added Rule: Name=PolygonConnectStyle_2663
Added Rule: Name=PolygonConnectStyle_2664
Added Rule: Name=PolygonConnectStyle_2665
Added Rule: Name=PolygonConnectStyle_2666
Added Rule: Name=PolygonConnectStyle_2667
Added Rule: Name=PolygonConnectStyle_2668
Added Rule: Name=PolygonConnectStyle_2669
Added Rule: Name=PolygonConnectStyle_2670
Added Rule: Name=PolygonConnectStyle_2671
Added Rule: Name=PolygonConnectStyle_2672
Added Rule: Name=PolygonConnectStyle_2673
Added Rule: Name=PolygonConnectStyle_2674
Added Rule: Name=PolygonConnectStyle_2675
Added Rule: Name=PolygonConnectStyle_2676
Added Rule: Name=PolygonConnectStyle_2677
Added Rule: Name=PolygonConnectStyle_2678
Added Rule: Name=PolygonConnectStyle_2679
Added Rule: Name=PolygonConnectStyle_2680
Added Rule: Name=PolygonConnectStyle_2681
Added Rule: Name=PolygonConnectStyle_2682
Added Rule: Name=PolygonConnectStyle_2683
Added Rule: Name=PolygonConnectStyle_2684
Added Rule: Name=PolygonConnectStyle_2685
Added Rule: Name=PolygonConnectStyle_2686
Added Rule: Name=PolygonConnectStyle_2687
Added Rule: Name=PolygonConnectStyle_2688
Added Rule: Name=PolygonConnectStyle_2689
Added Rule: Name=PolygonConnectStyle_2690
Added Rule: Name=PolygonConnectStyle_2691
Added Rule: Name=PolygonConnectStyle_2692
Added Rule: Name=PolygonConnectStyle_2693
Added Rule: Name=PolygonConnectStyle_2694
Added Rule: Name=PolygonConnectStyle_2695
Added Rule: Name=PolygonConnectStyle_2696
Added Rule: Name=PolygonConnectStyle_2697
Added Rule: Name=PolygonConnectStyle_2698
Added Rule: Name=PolygonConnectStyle_2699
Added Rule: Name=PolygonConnectStyle_2700
Added Rule: Name=PolygonConnectStyle_2701
Added Rule: Name=PolygonConnectStyle_2702
Added Rule: Name=PolygonConnectStyle_2703
Added Rule: Name=PolygonConnectStyle_2704
Added Rule: Name=PolygonConnectStyle_2705
Added Rule: Name=PolygonConnectStyle_2706
Added Rule: Name=PolygonConnectStyle_2707
Added Rule: Name=PolygonConnectStyle_2708
Added Rule: Name=PolygonConnectStyle_2709
Added Rule: Name=PolygonConnectStyle_2710
Added Rule: Name=PolygonConnectStyle_2711
Added Rule: Name=PolygonConnectStyle_2712
Added Rule: Name=PolygonConnectStyle_2713
Added Rule: Name=PolygonConnectStyle_2714
Added Rule: Name=PolygonConnectStyle_2715
Added Rule: Name=PolygonConnectStyle_2716
Added Rule: Name=PolygonConnectStyle_2717
Added Rule: Name=PolygonConnectStyle_2718
Added Rule: Name=PolygonConnectStyle_2719
Added Rule: Name=PolygonConnectStyle_2720
Added Rule: Name=PolygonConnectStyle_2721
Added Rule: Name=PolygonConnectStyle_2722
Added Rule: Name=PolygonConnectStyle_2723
Added Rule: Name=PolygonConnectStyle_2724
Added Rule: Name=PolygonConnectStyle_2725
Added Rule: Name=PolygonConnectStyle_2726
Added Rule: Name=PolygonConnectStyle_2727
Added Rule: Name=PolygonConnectStyle_2728
Added Rule: Name=PolygonConnectStyle_2729
Added Rule: Name=PolygonConnectStyle_2730
Added Rule: Name=PolygonConnectStyle_2731
Added Rule: Name=PolygonConnectStyle_2732
Added Rule: Name=PolygonConnectStyle_2733
Added Rule: Name=PolygonConnectStyle_2734
Added Rule: Name=PolygonConnectStyle_2735
Added Rule: Name=PolygonConnectStyle_2736
Added Rule: Name=PolygonConnectStyle_2737
Added Rule: Name=PolygonConnectStyle_2738
Added Rule: Name=PolygonConnectStyle_2739
Added Rule: Name=PolygonConnectStyle_2740
Added Rule: Name=PolygonConnectStyle_2741
Added Rule: Name=PolygonConnectStyle_2742
Added Rule: Name=PolygonConnectStyle_2743
Added Rule: Name=PolygonConnectStyle_2744
Added Rule: Name=PolygonConnectStyle_2745
Added Rule: Name=PolygonConnectStyle_2746
Added Rule: Name=PolygonConnectStyle_2747
Added Rule: Name=PolygonConnectStyle_2748
Added Rule: Name=PolygonConnectStyle_2749
Added Rule: Name=PolygonConnectStyle_2750
Added Rule: Name=PolygonConnectStyle_2751
Added Rule: Name=PolygonConnectStyle_2752
Added Rule: Name=PolygonConnectStyle_2753
Added Rule: Name=PolygonConnectStyle_2754
Added Rule: Name=PolygonConnectStyle_2755
Added Rule: Name=PolygonConnectStyle_2756
Added Rule: Name=PolygonConnectStyle_2757
Added Rule: Name=PolygonConnectStyle_2758
Added Rule: Name=PolygonConnectStyle_2759
Added Rule: Name=PolygonConnectStyle_2760
Added Rule: Name=PolygonConnectStyle_2761
Added Rule: Name=PolygonConnectStyle_2762
Added Rule: Name=PolygonConnectStyle_2763
Added Rule: Name=PolygonConnectStyle_2764
Added Rule: Name=PolygonConnectStyle_2765
Added Rule: Name=PolygonConnectStyle_2766
Added Rule: Name=PolygonConnectStyle_2767
Added Rule: Name=PolygonConnectStyle_2768
Added Rule: Name=PolygonConnectStyle_2769
Added Rule: Name=PolygonConnectStyle_2770
Added Rule: Name=PolygonConnectStyle_2771
Added Rule: Name=PolygonConnectStyle_2772
Added Rule: Name=PolygonConnectStyle_2773
Added Rule: Name=PolygonConnectStyle_2774
Added Rule: Name=PolygonConnectStyle_2775
Added Rule: Name=PolygonConnectStyle_2776
Added Rule: Name=PolygonConnectStyle_2777
Added Rule: Name=PolygonConnectStyle_2778
Added Rule: Name=PolygonConnectStyle_2779
Added Rule: Name=PolygonConnectStyle_2780
Added Rule: Name=PolygonConnectStyle_2781
Added Rule: Name=PolygonConnectStyle_2782
Added Rule: Name=PolygonConnectStyle_2783
Added Rule: Name=PolygonConnectStyle_2784
Added Rule: Name=PolygonConnectStyle_2785
Added Rule: Name=PolygonConnectStyle_2786
Added Rule: Name=PolygonConnectStyle_2787
Added Rule: Name=PolygonConnectStyle_2788
Added Rule: Name=PolygonConnectStyle_2789
Added Rule: Name=PolygonConnectStyle_2790
Added Rule: Name=PolygonConnectStyle_2791
Added Rule: Name=PolygonConnectStyle_2792
Added Rule: Name=PolygonConnectStyle_2793
Added Rule: Name=PolygonConnectStyle_2794
Added Rule: Name=PolygonConnectStyle_2795
Added Rule: Name=PolygonConnectStyle_2796
Added Rule: Name=PolygonConnectStyle_2797
Added Rule: Name=PolygonConnectStyle_2798
Added Rule: Name=PolygonConnectStyle_2799
Added Rule: Name=PolygonConnectStyle_2800
Added Rule: Name=PolygonConnectStyle_2801
Added Rule: Name=PolygonConnectStyle_2802
Added Rule: Name=PolygonConnectStyle_2803
Added Rule: Name=PolygonConnectStyle_2804
Added Rule: Name=PolygonConnectStyle_2805
Added Rule: Name=PolygonConnectStyle_2806
Added Rule: Name=PolygonConnectStyle_2807
Added Rule: Name=PolygonConnectStyle_2808
Added Rule: Name=PolygonConnectStyle_2809
Added Rule: Name=PolygonConnectStyle_2810
Added Rule: Name=PolygonConnectStyle_2811
Added Rule: Name=PolygonConnectStyle_2812
Added Rule: Name=PolygonConnectStyle_2813
Added Rule: Name=PolygonConnectStyle_2814
Added Rule: Name=PolygonConnectStyle_2815
Added Rule: Name=PolygonConnectStyle_2816
Added Rule: Name=PolygonConnectStyle_2817
Added Rule: Name=PolygonConnectStyle_2818
Added Rule: Name=PolygonConnectStyle_2819
Added Rule: Name=PolygonConnectStyle_2820
Added Rule: Name=PolygonConnectStyle_2821
Added Rule: Name=PolygonConnectStyle_2822
Added Rule: Name=PolygonConnectStyle_2823
Added Rule: Name=PolygonConnectStyle_2824
Added Rule: Name=PolygonConnectStyle_2825
Added Rule: Name=PolygonConnectStyle_2826
Added Rule: Name=PolygonConnectStyle_2827
Added Rule: Name=PolygonConnectStyle_2828
Added Rule: Name=PolygonConnectStyle_2829
Added Rule: Name=PolygonConnectStyle_2830
Added Rule: Name=PolygonConnectStyle_2831
Added Rule: Name=PolygonConnectStyle_2832
Added Rule: Name=PolygonConnectStyle_2833
Added Rule: Name=PolygonConnectStyle_2834
Added Rule: Name=PolygonConnectStyle_2835
Added Rule: Name=PolygonConnectStyle_2836
Added Rule: Name=PolygonConnectStyle_2837
Added Rule: Name=PolygonConnectStyle_2838
Added Rule: Name=PolygonConnectStyle_2839
Added Rule: Name=PolygonConnectStyle_2840
Added Rule: Name=PolygonConnectStyle_2841
Added Rule: Name=PolygonConnectStyle_2842
Added Rule: Name=PolygonConnectStyle_2843
Added Rule: Name=PolygonConnectStyle_2844
Added Rule: Name=PolygonConnectStyle_2845
Added Rule: Name=PolygonConnectStyle_2846
Added Rule: Name=PolygonConnectStyle_2847
Added Rule: Name=PolygonConnectStyle_2848
Added Rule: Name=PolygonConnectStyle_2849
Added Rule: Name=PolygonConnectStyle_2850
Added Rule: Name=PolygonConnectStyle_2851
Added Rule: Name=PolygonConnectStyle_2852
Added Rule: Name=PolygonConnectStyle_2853
Added Rule: Name=PolygonConnectStyle_2854
Added Rule: Name=PolygonConnectStyle_2855
Added Rule: Name=PolygonConnectStyle_2856
Added Rule: Name=PolygonConnectStyle_2857
Added Rule: Name=PolygonConnectStyle_2858
Added Rule: Name=PolygonConnectStyle_2859
Added Rule: Name=PolygonConnectStyle_2860
Added Rule: Name=PolygonConnectStyle_2861
Added Rule: Name=PolygonConnectStyle_2862
Added Rule: Name=PolygonConnectStyle_2863
Added Rule: Name=PolygonConnectStyle_2864
Added Rule: Name=PolygonConnectStyle_2865
Added Rule: Name=PolygonConnectStyle_2866
Added Rule: Name=PolygonConnectStyle_2867
Added Rule: Name=PolygonConnectStyle_2868
Added Rule: Name=PolygonConnectStyle_2869
Added Rule: Name=PolygonConnectStyle_2870
Added Rule: Name=PolygonConnectStyle_2871
Added Rule: Name=PolygonConnectStyle_2872
Added Rule: Name=PolygonConnectStyle_2873
Added Rule: Name=PolygonConnectStyle_2874
Added Rule: Name=PolygonConnectStyle_2875
Added Rule: Name=PolygonConnectStyle_2876
Added Rule: Name=PolygonConnectStyle_2877
Added Rule: Name=PolygonConnectStyle_2878
Added Rule: Name=PolygonConnectStyle_2879
Added Rule: Name=PolygonConnectStyle_2880
Added Rule: Name=PolygonConnectStyle_2881
Added Rule: Name=PolygonConnectStyle_2882
Added Rule: Name=PolygonConnectStyle_2883
Added Rule: Name=PolygonConnectStyle_2884
Added Rule: Name=PolygonConnectStyle_2885
Added Rule: Name=PolygonConnectStyle_2886
Added Rule: Name=PolygonConnectStyle_2887
Added Rule: Name=PolygonConnectStyle_2888
Added Rule: Name=PolygonConnectStyle_2889
Added Rule: Name=PolygonConnectStyle_2890
Added Rule: Name=PolygonConnectStyle_2891
Added Rule: Name=PolygonConnectStyle_2892
Added Rule: Name=PolygonConnectStyle_2893
Added Rule: Name=PolygonConnectStyle_2894
Added Rule: Name=PolygonConnectStyle_2895
Added Rule: Name=PolygonConnectStyle_2896
Added Rule: Name=PolygonConnectStyle_2897
Added Rule: Name=PolygonConnectStyle_2898
Added Rule: Name=PolygonConnectStyle_2899
Added Rule: Name=PolygonConnectStyle_2900
Added Rule: Name=PolygonConnectStyle_2901
Added Rule: Name=PolygonConnectStyle_2902
Added Rule: Name=PolygonConnectStyle_2903
Added Rule: Name=PolygonConnectStyle_2904
Added Rule: Name=PolygonConnectStyle_2905
Added Rule: Name=PolygonConnectStyle_2906
Added Rule: Name=PolygonConnectStyle_2907
Added Rule: Name=PolygonConnectStyle_2908
Added Rule: Name=PolygonConnectStyle_2909
Added Rule: Name=PolygonConnectStyle_2910
Added Rule: Name=PolygonConnectStyle_2911
Added Rule: Name=PolygonConnectStyle_2912
Added Rule: Name=PolygonConnectStyle_2913
Added Rule: Name=PolygonConnectStyle_2914
Added Rule: Name=PolygonConnectStyle_2915
Added Rule: Name=PolygonConnectStyle_2916
Added Rule: Name=PolygonConnectStyle_2917
Added Rule: Name=PolygonConnectStyle_2918
Added Rule: Name=PolygonConnectStyle_2919
Added Rule: Name=PolygonConnectStyle_2920
Added Rule: Name=PolygonConnectStyle_2921
Added Rule: Name=PolygonConnectStyle_2922
Added Rule: Name=PolygonConnectStyle_2923
Added Rule: Name=PolygonConnectStyle_2924
Added Rule: Name=PolygonConnectStyle_2925
Added Rule: Name=PolygonConnectStyle_2926
Added Rule: Name=PolygonConnectStyle_2927
Added Rule: Name=PolygonConnectStyle_2928
Added Rule: Name=PolygonConnectStyle_2929
Added Rule: Name=PolygonConnectStyle_2930
Added Rule: Name=PolygonConnectStyle_2931
Added Rule: Name=PolygonConnectStyle_2932
Added Rule: Name=PolygonConnectStyle_2933
Added Rule: Name=PolygonConnectStyle_2934
Added Rule: Name=PolygonConnectStyle_2935
Added Rule: Name=PolygonConnectStyle_2936
Added Rule: Name=PolygonConnectStyle_2937
Added Rule: Name=PolygonConnectStyle_2938
Added Rule: Name=PolygonConnectStyle_2939
Added Rule: Name=PolygonConnectStyle_2940
Added Rule: Name=PolygonConnectStyle_2941
Added Rule: Name=PolygonConnectStyle_2942
Added Rule: Name=PolygonConnectStyle_2943
Added Rule: Name=PolygonConnectStyle_2944
Added Rule: Name=PolygonConnectStyle_2945
Added Rule: Name=PolygonConnectStyle_2946
Added Rule: Name=PolygonConnectStyle_2947
Added Rule: Name=PolygonConnectStyle_2948
Added Rule: Name=PolygonConnectStyle_2949
Added Rule: Name=PolygonConnectStyle_2950
Added Rule: Name=PolygonConnectStyle_2951
Added Rule: Name=PolygonConnectStyle_2952
Added Rule: Name=PolygonConnectStyle_2953
Added Rule: Name=PolygonConnectStyle_2954
Added Rule: Name=PolygonConnectStyle_2955
Added Rule: Name=PolygonConnectStyle_2956
Added Rule: Name=PolygonConnectStyle_2957
Added Rule: Name=PolygonConnectStyle_2958
Added Rule: Name=PolygonConnectStyle_2959
Added Rule: Name=PolygonConnectStyle_2960
Added Rule: Name=PolygonConnectStyle_2961
Added Rule: Name=PolygonConnectStyle_2962
Added Rule: Name=PolygonConnectStyle_2963
Added Rule: Name=PolygonConnectStyle_2964
Added Rule: Name=PolygonConnectStyle_2965
Added Rule: Name=PolygonConnectStyle_2966
Added Rule: Name=PolygonConnectStyle_2967
Added Rule: Name=PolygonConnectStyle_2968
Added Rule: Name=PolygonConnectStyle_2969
Added Rule: Name=PolygonConnectStyle_2970
Added Rule: Name=PolygonConnectStyle_2971
Added Rule: Name=PolygonConnectStyle_2972
Added Rule: Name=PolygonConnectStyle_2973
Added Rule: Name=PolygonConnectStyle_2974
Added Rule: Name=PolygonConnectStyle_2975
Added Rule: Name=PolygonConnectStyle_2976
Added Rule: Name=PolygonConnectStyle_2977
Added Rule: Name=PolygonConnectStyle_2978
Added Rule: Name=PolygonConnectStyle_2979
Added Rule: Name=PolygonConnectStyle_2980
Added Rule: Name=PolygonConnectStyle_2981
Added Rule: Name=PolygonConnectStyle_2982
Added Rule: Name=PolygonConnectStyle_2983
Added Rule: Name=PolygonConnectStyle_2984
Added Rule: Name=PolygonConnectStyle_2985
Added Rule: Name=PolygonConnectStyle_2986
Added Rule: Name=PolygonConnectStyle_2987
Added Rule: Name=PolygonConnectStyle_2988
Added Rule: Name=PolygonConnectStyle_2989
Added Rule: Name=PolygonConnectStyle_2990
Added Rule: Name=PolygonConnectStyle_2991
Added Rule: Name=PolygonConnectStyle_2992
Added Rule: Name=PolygonConnectStyle_2993
Added Rule: Name=PolygonConnectStyle_2994
Added Rule: Name=PolygonConnectStyle_2995
Added Rule: Name=PolygonConnectStyle_2996
Added Rule: Name=PolygonConnectStyle_2997
Added Rule: Name=PolygonConnectStyle_2998
Added Rule: Name=PolygonConnectStyle_2999
Added Rule: Name=PolygonConnectStyle_3000
Added Rule: Name=PolygonConnectStyle_3001
Added Rule: Name=PolygonConnectStyle_3002
Added Rule: Name=PolygonConnectStyle_3003
Added Rule: Name=PolygonConnectStyle_3004
Added Rule: Name=PolygonConnectStyle_3005
Added Rule: Name=PolygonConnectStyle_3006
Added Rule: Name=PolygonConnectStyle_3007
Added Rule: Name=PolygonConnectStyle_3008
Added Rule: Name=PolygonConnectStyle_3009
Added Rule: Name=PolygonConnectStyle_3010
Added Rule: Name=PolygonConnectStyle_3011
Added Rule: Name=PolygonConnectStyle_3012
Added Rule: Name=PolygonConnectStyle_3013
Added Rule: Name=PolygonConnectStyle_3014
Added Rule: Name=PolygonConnectStyle_3015
Added Rule: Name=PolygonConnectStyle_3016
Added Rule: Name=PolygonConnectStyle_3017
Added Rule: Name=PolygonConnectStyle_3018
Added Rule: Name=PolygonConnectStyle_3019
Added Rule: Name=PolygonConnectStyle_3020
Added Rule: Name=PolygonConnectStyle_3021
Added Rule: Name=PolygonConnectStyle_3022
Added Rule: Name=PolygonConnectStyle_3023
Added Rule: Name=PolygonConnectStyle_3024
Added Rule: Name=PolygonConnectStyle_3025
Added Rule: Name=PolygonConnectStyle_3026
Added Rule: Name=PolygonConnectStyle_3027
Added Rule: Name=PolygonConnectStyle_3028
Added Rule: Name=PolygonConnectStyle_3029
Added Rule: Name=PolygonConnectStyle_3030
Added Rule: Name=PolygonConnectStyle_3031
Added Rule: Name=PolygonConnectStyle_3032
Added Rule: Name=PolygonConnectStyle_3033
Added Rule: Name=PolygonConnectStyle_3034
Added Rule: Name=PolygonConnectStyle_3035
Added Rule: Name=PolygonConnectStyle_3036
Added Rule: Name=PolygonConnectStyle_3037
Added Rule: Name=PolygonConnectStyle_3038
Added Rule: Name=PolygonConnectStyle_3039
Added Rule: Name=PolygonConnectStyle_3040
Added Rule: Name=PolygonConnectStyle_3041
Added Rule: Name=PolygonConnectStyle_3042
Added Rule: Name=PolygonConnectStyle_3043
Added Rule: Name=PolygonConnectStyle_3044
Added Rule: Name=PolygonConnectStyle_3045
Added Rule: Name=PolygonConnectStyle_3046
Added Rule: Name=PolygonConnectStyle_3047
Added Rule: Name=PolygonConnectStyle_3048
Added Rule: Name=PolygonConnectStyle_3049
Added Rule: Name=PolygonConnectStyle_3050
Added Rule: Name=PolygonConnectStyle_3051
Added Rule: Name=PolygonConnectStyle_3052
Added Rule: Name=PolygonConnectStyle_3053
Added Rule: Name=PolygonConnectStyle_3054
Added Rule: Name=PolygonConnectStyle_3055
Added Rule: Name=PolygonConnectStyle_3056
Added Rule: Name=PolygonConnectStyle_3057
Added Rule: Name=PolygonConnectStyle_3058
Added Rule: Name=PolygonConnectStyle_3059
Added Rule: Name=PolygonConnectStyle_3060
Added Rule: Name=PolygonConnectStyle_3061
Added Rule: Name=PolygonConnectStyle_3062
Added Rule: Name=PolygonConnectStyle_3063
Added Rule: Name=PolygonConnectStyle_3064
Added Rule: Name=PolygonConnectStyle_3065
Added Rule: Name=PolygonConnectStyle_3066
Added Rule: Name=PolygonConnectStyle_3067
Added Rule: Name=PolygonConnectStyle_3068
Added Rule: Name=PolygonConnectStyle_3069
Added Rule: Name=PolygonConnectStyle_3070
Added Rule: Name=PolygonConnectStyle_3071
Added Rule: Name=PolygonConnectStyle_3072
Added Rule: Name=PolygonConnectStyle_3073
Added Rule: Name=PolygonConnectStyle_3074
Added Rule: Name=PolygonConnectStyle_3075
Added Rule: Name=PolygonConnectStyle_3076
Added Rule: Name=PolygonConnectStyle_3077
Added Rule: Name=PolygonConnectStyle_3078
Added Rule: Name=PolygonConnectStyle_3079
Added Rule: Name=PolygonConnectStyle_3080
Added Rule: Name=PolygonConnectStyle_3081
Added Rule: Name=PolygonConnectStyle_3082
Added Rule: Name=PolygonConnectStyle_3083
Added Rule: Name=PolygonConnectStyle_3084
Added Rule: Name=PolygonConnectStyle_3085
Added Rule: Name=PolygonConnectStyle_3086
Added Rule: Name=PolygonConnectStyle_3087
Added Rule: Name=PolygonConnectStyle_3088
Added Rule: Name=PolygonConnectStyle_3089
Added Rule: Name=PolygonConnectStyle_3090
Added Rule: Name=PolygonConnectStyle_3091
Added Rule: Name=PolygonConnectStyle_3092
Added Rule: Name=PolygonConnectStyle_3093
Added Rule: Name=PolygonConnectStyle_3094
Added Rule: Name=PolygonConnectStyle_3095
Added Rule: Name=PolygonConnectStyle_3096
Added Rule: Name=PolygonConnectStyle_3097
Added Rule: Name=PolygonConnectStyle_3098
Added Rule: Name=PolygonConnectStyle_3099
Added Rule: Name=PolygonConnectStyle_3100
Added Rule: Name=PolygonConnectStyle_3101
Added Rule: Name=PolygonConnectStyle_3102
Added Rule: Name=PolygonConnectStyle_3103
Added Rule: Name=PolygonConnectStyle_3104
Added Rule: Name=PolygonConnectStyle_3105
Added Rule: Name=PolygonConnectStyle_3106
Added Rule: Name=PolygonConnectStyle_3107
Added Rule: Name=PolygonConnectStyle_3108
Added Rule: Name=PolygonConnectStyle_3109
Added Rule: Name=PolygonConnectStyle_3110
Added Rule: Name=PolygonConnectStyle_3111
Added Rule: Name=PolygonConnectStyle_3112
Added Rule: Name=PolygonConnectStyle_3113
Added Rule: Name=PolygonConnectStyle_3114
Added Rule: Name=PolygonConnectStyle_3115
Added Rule: Name=PolygonConnectStyle_3116
Added Rule: Name=PolygonConnectStyle_3117
Added Rule: Name=PolygonConnectStyle_3118
Added Rule: Name=PolygonConnectStyle_3119
Added Rule: Name=PolygonConnectStyle_3120
Added Rule: Name=PolygonConnectStyle_3121
Added Rule: Name=PolygonConnectStyle_3122
Added Rule: Name=PolygonConnectStyle_3123
Added Rule: Name=PolygonConnectStyle_3124
Added Rule: Name=PolygonConnectStyle_3125
Added Rule: Name=PolygonConnectStyle_3126
Added Rule: Name=PolygonConnectStyle_3127
Added Rule: Name=PolygonConnectStyle_3128
Added Rule: Name=PolygonConnectStyle_3129
Added Rule: Name=PolygonConnectStyle_3130
Added Rule: Name=PolygonConnectStyle_3131
Added Rule: Name=PolygonConnectStyle_3132
Added Rule: Name=PolygonConnectStyle_3133
Added Rule: Name=PolygonConnectStyle_3134
Added Rule: Name=PolygonConnectStyle_3135
Added Rule: Name=PolygonConnectStyle_3136
Added Rule: Name=PolygonConnectStyle_3137
Added Rule: Name=PolygonConnectStyle_3138
Added Rule: Name=PolygonConnectStyle_3139
Added Rule: Name=PolygonConnectStyle_3140
Added Rule: Name=PolygonConnectStyle_3141
Added Rule: Name=PolygonConnectStyle_3142
Added Rule: Name=PolygonConnectStyle_3143
Added Rule: Name=PolygonConnectStyle_3144
Added Rule: Name=PolygonConnectStyle_3145
Added Rule: Name=PolygonConnectStyle_3146
Added Rule: Name=PolygonConnectStyle_3147
Added Rule: Name=PolygonConnectStyle_3148
Added Rule: Name=PolygonConnectStyle_3149
Added Rule: Name=PolygonConnectStyle_3150
Added Rule: Name=PolygonConnectStyle_3151
Added Rule: Name=PolygonConnectStyle_3152
Added Rule: Name=PolygonConnectStyle_3153
Added Rule: Name=PolygonConnectStyle_3154
Added Rule: Name=PolygonConnectStyle_3155
Added Rule: Name=PolygonConnectStyle_3156
Added Rule: Name=PolygonConnectStyle_3157
Added Rule: Name=PolygonConnectStyle_3158
Added Rule: Name=PolygonConnectStyle_3159
Added Rule: Name=PolygonConnectStyle_3160
Added Rule: Name=PolygonConnectStyle_3161
Added Rule: Name=PolygonConnectStyle_3162
Added Rule: Name=PolygonConnectStyle_3163
Added Rule: Name=PolygonConnectStyle_3164
Added Rule: Name=PolygonConnectStyle_3165
Added Rule: Name=PolygonConnectStyle_3166
Added Rule: Name=PolygonConnectStyle_3167
Added Rule: Name=PolygonConnectStyle_3168
Added Rule: Name=PolygonConnectStyle_3169
Added Rule: Name=PolygonConnectStyle_3170
Added Rule: Name=PolygonConnectStyle_3171
Added Rule: Name=PolygonConnectStyle_3172
Added Rule: Name=PolygonConnectStyle_3173
Added Rule: Name=PolygonConnectStyle_3174
Added Rule: Name=PolygonConnectStyle_3175
Added Rule: Name=PolygonConnectStyle_3176
Added Rule: Name=PolygonConnectStyle_3177
Added Rule: Name=PolygonConnectStyle_3178
Added Rule: Name=PolygonConnectStyle_3179
Added Rule: Name=PolygonConnectStyle_3180
Added Rule: Name=PolygonConnectStyle_3181
Added Rule: Name=PolygonConnectStyle_3182
Added Rule: Name=PolygonConnectStyle_3183
Added Rule: Name=PolygonConnectStyle_3184
Added Rule: Name=PolygonConnectStyle_3185
Added Rule: Name=PolygonConnectStyle_3186
Added Rule: Name=PolygonConnectStyle_3187
Added Rule: Name=PolygonConnectStyle_3188
Added Rule: Name=PolygonConnectStyle_3189
Added Rule: Name=PolygonConnectStyle_3190
Added Rule: Name=PolygonConnectStyle_3191
Added Rule: Name=PolygonConnectStyle_3192
Added Rule: Name=PolygonConnectStyle_3193
Added Rule: Name=PolygonConnectStyle_3194
Added Rule: Name=PolygonConnectStyle_3195
Added Rule: Name=PolygonConnectStyle_3196
Added Rule: Name=PolygonConnectStyle_3197
Added Rule: Name=PolygonConnectStyle_3198
Added Rule: Name=PolygonConnectStyle_3199
Added Rule: Name=PolygonConnectStyle_3200
Added Rule: Name=PolygonConnectStyle_3201
Added Rule: Name=PolygonConnectStyle_3202
Added Rule: Name=PolygonConnectStyle_3203
Added Rule: Name=PolygonConnectStyle_3204
Added Rule: Name=PolygonConnectStyle_3205
Added Rule: Name=PolygonConnectStyle_3206
Added Rule: Name=PolygonConnectStyle_3207
Added Rule: Name=PolygonConnectStyle_3208
Added Rule: Name=PolygonConnectStyle_3209
Added Rule: Name=PolygonConnectStyle_3210
Added Rule: Name=PolygonConnectStyle_3211
Added Rule: Name=PolygonConnectStyle_3212
Added Rule: Name=PolygonConnectStyle_3213
Added Rule: Name=PolygonConnectStyle_3214
Added Rule: Name=PolygonConnectStyle_3215
Added Rule: Name=PolygonConnectStyle_3216
Added Rule: Name=PolygonConnectStyle_3217
Added Rule: Name=PolygonConnectStyle_3218
Added Rule: Name=PolygonConnectStyle_3219
Added Rule: Name=PolygonConnectStyle_3220
Added Rule: Name=PolygonConnectStyle_3221
Added Rule: Name=PolygonConnectStyle_3222
Added Rule: Name=PolygonConnectStyle_3223
Added Rule: Name=PolygonConnectStyle_3224
Added Rule: Name=PolygonConnectStyle_3225
Added Rule: Name=PolygonConnectStyle_3226
Added Rule: Name=PolygonConnectStyle_3227
Added Rule: Name=PolygonConnectStyle_3228
Added Rule: Name=PolygonConnectStyle_3229
Added Rule: Name=PolygonConnectStyle_3230
Added Rule: Name=PolygonConnectStyle_3231
Added Rule: Name=PolygonConnectStyle_3232
Added Rule: Name=PolygonConnectStyle_3233
Added Rule: Name=PolygonConnectStyle_3234
Added Rule: Name=PolygonConnectStyle_3235
Added Rule: Name=PolygonConnectStyle_3236
Added Rule: Name=PolygonConnectStyle_3237
Added Rule: Name=PolygonConnectStyle_3238
Added Rule: Name=PolygonConnectStyle_3239
Added Rule: Name=PolygonConnectStyle_3240
Added Rule: Name=PolygonConnectStyle_3241
Added Rule: Name=PolygonConnectStyle_3242
Added Rule: Name=PolygonConnectStyle_3243
Added Rule: Name=PolygonConnectStyle_3244
Added Rule: Name=PolygonConnectStyle_3245
Added Rule: Name=PolygonConnectStyle_3246
Added Rule: Name=PolygonConnectStyle_3247
Added Rule: Name=PolygonConnectStyle_3248
Added Rule: Name=PolygonConnectStyle_3249
Added Rule: Name=PolygonConnectStyle_3250
Added Rule: Name=PolygonConnectStyle_3251
Added Rule: Name=PolygonConnectStyle_3252
Added Rule: Name=PolygonConnectStyle_3253
Added Rule: Name=PolygonConnectStyle_3254
Added Rule: Name=PolygonConnectStyle_3255
Added Rule: Name=PolygonConnectStyle_3256
Added Rule: Name=PolygonConnectStyle_3257
Added Rule: Name=PolygonConnectStyle_3258
Added Rule: Name=PolygonConnectStyle_3259
Added Rule: Name=PolygonConnectStyle_3260
Added Rule: Name=PolygonConnectStyle_3261
Added Rule: Name=PolygonConnectStyle_3262
Added Rule: Name=PolygonConnectStyle_3263
Added Rule: Name=PolygonConnectStyle_3264
Added Rule: Name=PolygonConnectStyle_3265
Added Rule: Name=PolygonConnectStyle_3266
Added Rule: Name=PolygonConnectStyle_3267
Added Rule: Name=PolygonConnectStyle_3268
Added Rule: Name=PolygonConnectStyle_3269
Added Rule: Name=PolygonConnectStyle_3270
Added Rule: Name=PolygonConnectStyle_3271
Added Rule: Name=PolygonConnectStyle_3272
Added Rule: Name=PolygonConnectStyle_3273
Added Rule: Name=PolygonConnectStyle_3274
Added Rule: Name=PolygonConnectStyle_3275
Added Rule: Name=PolygonConnectStyle_3276
Added Rule: Name=PolygonConnectStyle_3277
Added Rule: Name=PolygonConnectStyle_3278
Added Rule: Name=PolygonConnectStyle_3279
Added Rule: Name=PolygonConnectStyle_3280
Added Rule: Name=PolygonConnectStyle_3281
Added Rule: Name=PolygonConnectStyle_3282
Added Rule: Name=PolygonConnectStyle_3283
Added Rule: Name=PolygonConnectStyle_3284
Added Rule: Name=PolygonConnectStyle_3285
Added Rule: Name=PolygonConnectStyle_3286
Added Rule: Name=PolygonConnectStyle_3287
Added Rule: Name=PolygonConnectStyle_3288
Added Rule: Name=PolygonConnectStyle_3289
Added Rule: Name=PolygonConnectStyle_3290
Added Rule: Name=PolygonConnectStyle_3291
Added Rule: Name=PolygonConnectStyle_3292
Added Rule: Name=PolygonConnectStyle_3293
Added Rule: Name=PolygonConnectStyle_3294
Added Rule: Name=PolygonConnectStyle_3295
Added Rule: Name=PolygonConnectStyle_3296
Added Rule: Name=PolygonConnectStyle_3297
Added Rule: Name=PolygonConnectStyle_3298
Added Rule: Name=PolygonConnectStyle_3299
Added Rule: Name=PolygonConnectStyle_3300
Added Rule: Name=PolygonConnectStyle_3301
Added Rule: Name=PolygonConnectStyle_3302
Added Rule: Name=PolygonConnectStyle_3303
Added Rule: Name=PolygonConnectStyle_3304
Added Rule: Name=PolygonConnectStyle_3305
Added Rule: Name=PolygonConnectStyle_3306
Added Rule: Name=PolygonConnectStyle_3307
Added Rule: Name=PolygonConnectStyle_3308
Added Rule: Name=PolygonConnectStyle_3309
Added Rule: Name=PolygonConnectStyle_3310
Added Rule: Name=PolygonConnectStyle_3311
Added Rule: Name=PolygonConnectStyle_3312
Added Rule: Name=PolygonConnectStyle_3313
Added Rule: Name=PolygonConnectStyle_3314
Added Rule: Name=PolygonConnectStyle_3315
Added Rule: Name=PolygonConnectStyle_3316
Added Rule: Name=PolygonConnectStyle_3317
Added Rule: Name=PolygonConnectStyle_3318
Added Rule: Name=PolygonConnectStyle_3319
Added Rule: Name=PolygonConnectStyle_3320
Added Rule: Name=PolygonConnectStyle_3321
Added Rule: Name=PolygonConnectStyle_3322
Added Rule: Name=PolygonConnectStyle_3323
Added Rule: Name=PolygonConnectStyle_3324
Added Rule: Name=PolygonConnectStyle_3325
Added Rule: Name=PolygonConnectStyle_3326
Added Rule: Name=PolygonConnectStyle_3327
Added Rule: Name=PolygonConnectStyle_3328
Added Rule: Name=PolygonConnectStyle_3329
Added Rule: Name=PolygonConnectStyle_3330
Added Rule: Name=PolygonConnectStyle_3331
Added Rule: Name=PolygonConnectStyle_3332
Added Rule: Name=PolygonConnectStyle_3333
Added Rule: Name=PolygonConnectStyle_3334
Added Rule: Name=PolygonConnectStyle_3335
Added Rule: Name=PolygonConnectStyle_3336
Added Rule: Name=PolygonConnectStyle_3337
Added Rule: Name=PolygonConnectStyle_3338
Added Rule: Name=PolygonConnectStyle_3339
Added Rule: Name=PolygonConnectStyle_3340
Added Rule: Name=PolygonConnectStyle_3341
Added Rule: Name=PolygonConnectStyle_3342
Added Rule: Name=PolygonConnectStyle_3343
Added Rule: Name=PolygonConnectStyle_3344
Added Rule: Name=PolygonConnectStyle_3345
Added Rule: Name=PolygonConnectStyle_3346
Added Rule: Name=PolygonConnectStyle_3347
Added Rule: Name=PolygonConnectStyle_3348
Added Rule: Name=PolygonConnectStyle_3349
Added Rule: Name=PolygonConnectStyle_3350
Added Rule: Name=PolygonConnectStyle_3351
Added Rule: Name=PolygonConnectStyle_3352
Added Rule: Name=PolygonConnectStyle_3353
Added Rule: Name=PolygonConnectStyle_3354
Added Rule: Name=PolygonConnectStyle_3355
Added Rule: Name=PolygonConnectStyle_3356
Added Rule: Name=PolygonConnectStyle_3357
Added Rule: Name=PolygonConnectStyle_3358
Added Rule: Name=PolygonConnectStyle_3359
Added Rule: Name=PolygonConnectStyle_3360
Added Rule: Name=PolygonConnectStyle_3361
Added Rule: Name=PolygonConnectStyle_3362
Added Rule: Name=PolygonConnectStyle_3363
Added Rule: Name=PolygonConnectStyle_3364
Added Rule: Name=PolygonConnectStyle_3365
Added Rule: Name=PolygonConnectStyle_3366
Added Rule: Name=PolygonConnectStyle_3367
Added Rule: Name=PolygonConnectStyle_3368
Added Rule: Name=PolygonConnectStyle_3369
Added Rule: Name=PolygonConnectStyle_3370
Added Rule: Name=PolygonConnectStyle_3371
Added Rule: Name=PolygonConnectStyle_3372
Added Rule: Name=PolygonConnectStyle_3373
Added Rule: Name=PolygonConnectStyle_3374
Added Rule: Name=PolygonConnectStyle_3375
Added Rule: Name=PolygonConnectStyle_3376
Added Rule: Name=PolygonConnectStyle_3377
Added Rule: Name=PolygonConnectStyle_3378
Added Rule: Name=PolygonConnectStyle_3379
Added Rule: Name=Schematic Supply Nets_5
Added Rule: Name=Schematic Supply Nets_7
Added Rule: Name=Schematic Supply Nets_8
Added Rule: Name=Schematic Supply Nets_9
