Removed Pin From Net: NetName=LCD_D4 Pin=I/O-13
Removed Pin From Net: NetName=LCD_RS Pin=I/O-14
Removed Pin From Net: NetName=LCD_RW Pin=I/O-15
Removed Pin From Net: NetName=LCD_E Pin=I/O-16
Added Pin To Net: NetName=LCD_RS Pin=I/O-13
Added Pin To Net: NetName=LCD_RW Pin=I/O-14
Added Pin To Net: NetName=LCD_E Pin=I/O-15
Added Pin To Net: NetName=LCD_D4 Pin=I/O-16
Added Rule: Name=PolygonConnectStyle_115
Added Rule: Name=PolygonConnectStyle_116
Added Rule: Name=PolygonConnectStyle_117
Added Rule: Name=PolygonConnectStyle_118
Added Rule: Name=PolygonConnectStyle_119
Added Rule: Name=PolygonConnectStyle_120
Added Rule: Name=PolygonConnectStyle_121
Added Rule: Name=PolygonConnectStyle_122
Added Rule: Name=PolygonConnectStyle_123
Added Rule: Name=PolygonConnectStyle_124
Added Rule: Name=PolygonConnectStyle_125
Added Rule: Name=PolygonConnectStyle_126
Added Rule: Name=PolygonConnectStyle_127
Added Rule: Name=PolygonConnectStyle_128
Added Rule: Name=PolygonConnectStyle_129
Added Rule: Name=PolygonConnectStyle_130
Added Rule: Name=PolygonConnectStyle_131
Added Rule: Name=PolygonConnectStyle_132
Added Rule: Name=PolygonConnectStyle_133
Added Rule: Name=PolygonConnectStyle_134
Added Rule: Name=PolygonConnectStyle_135
Added Rule: Name=PolygonConnectStyle_136
Added Rule: Name=PolygonConnectStyle_137
Added Rule: Name=PolygonConnectStyle_138
Added Rule: Name=PolygonConnectStyle_139
Added Rule: Name=PolygonConnectStyle_140
Added Rule: Name=PolygonConnectStyle_141
Added Rule: Name=PolygonConnectStyle_142
Added Rule: Name=PolygonConnectStyle_143
Added Rule: Name=PolygonConnectStyle_144
Added Rule: Name=PolygonConnectStyle_145
Added Rule: Name=PolygonConnectStyle_146
Added Rule: Name=PolygonConnectStyle_147
Added Rule: Name=PolygonConnectStyle_148
Added Rule: Name=PolygonConnectStyle_149
Added Rule: Name=PolygonConnectStyle_150
Added Rule: Name=PolygonConnectStyle_151
Added Rule: Name=PolygonConnectStyle_152
Added Rule: Name=PolygonConnectStyle_153
Added Rule: Name=PolygonConnectStyle_154
Added Rule: Name=PolygonConnectStyle_155
Added Rule: Name=PolygonConnectStyle_156
Added Rule: Name=PolygonConnectStyle_157
Added Rule: Name=PolygonConnectStyle_158
Added Rule: Name=PolygonConnectStyle_159
Added Rule: Name=PolygonConnectStyle_160
Added Rule: Name=PolygonConnectStyle_161
Added Rule: Name=PolygonConnectStyle_162
Added Rule: Name=PolygonConnectStyle_163
Added Rule: Name=PolygonConnectStyle_164
Added Rule: Name=PolygonConnectStyle_165
Added Rule: Name=PolygonConnectStyle_166
Added Rule: Name=PolygonConnectStyle_167
Added Rule: Name=PolygonConnectStyle_168
Added Rule: Name=PolygonConnectStyle_169
Added Rule: Name=PolygonConnectStyle_170
Added Rule: Name=PolygonConnectStyle_171
Added Rule: Name=PolygonConnectStyle_172
Added Rule: Name=PolygonConnectStyle_173
Added Rule: Name=PolygonConnectStyle_174
Added Rule: Name=PolygonConnectStyle_175
Added Rule: Name=PolygonConnectStyle_176
Added Rule: Name=PolygonConnectStyle_177
Added Rule: Name=PolygonConnectStyle_178
Added Rule: Name=PolygonConnectStyle_179
Added Rule: Name=PolygonConnectStyle_180
Added Rule: Name=PolygonConnectStyle_181
Added Rule: Name=PolygonConnectStyle_182
Added Rule: Name=PolygonConnectStyle_183
Added Rule: Name=PolygonConnectStyle_184
Added Rule: Name=PolygonConnectStyle_185
Added Rule: Name=PolygonConnectStyle_186
Added Rule: Name=PolygonConnectStyle_187
Added Rule: Name=PolygonConnectStyle_188
Added Rule: Name=PolygonConnectStyle_189
Added Rule: Name=PolygonConnectStyle_190
Added Rule: Name=PolygonConnectStyle_191
Added Rule: Name=PolygonConnectStyle_192
Added Rule: Name=PolygonConnectStyle_193
Added Rule: Name=PolygonConnectStyle_194
Added Rule: Name=PolygonConnectStyle_195
Added Rule: Name=PolygonConnectStyle_196
Added Rule: Name=PolygonConnectStyle_197
Added Rule: Name=PolygonConnectStyle_198
Added Rule: Name=PolygonConnectStyle_199
Added Rule: Name=PolygonConnectStyle_200
Added Rule: Name=PolygonConnectStyle_201
Added Rule: Name=PolygonConnectStyle_202
Added Rule: Name=PolygonConnectStyle_203
Added Rule: Name=PolygonConnectStyle_204
Added Rule: Name=PolygonConnectStyle_205
Added Rule: Name=PolygonConnectStyle_206
Added Rule: Name=PolygonConnectStyle_207
Added Rule: Name=PolygonConnectStyle_208
Added Rule: Name=PolygonConnectStyle_209
Added Rule: Name=PolygonConnectStyle_210
Added Rule: Name=PolygonConnectStyle_211
Added Rule: Name=PolygonConnectStyle_212
Added Rule: Name=PolygonConnectStyle_213
Added Rule: Name=PolygonConnectStyle_214
Added Rule: Name=PolygonConnectStyle_215
Added Rule: Name=PolygonConnectStyle_216
Added Rule: Name=PolygonConnectStyle_217
Added Rule: Name=PolygonConnectStyle_218
Added Rule: Name=PolygonConnectStyle_219
Added Rule: Name=PolygonConnectStyle_220
Added Rule: Name=PolygonConnectStyle_221
Added Rule: Name=PolygonConnectStyle_222
Added Rule: Name=PolygonConnectStyle_223
Added Rule: Name=PolygonConnectStyle_224
Added Rule: Name=PolygonConnectStyle_225
Added Rule: Name=PolygonConnectStyle_226
Added Rule: Name=PolygonConnectStyle_227
Added Rule: Name=PolygonConnectStyle_228
Added Rule: Name=PolygonConnectStyle_229
Added Rule: Name=RoutingVias JLCPCB_1
Added Rule: Name=Schematic Supply Nets
Added Rule: Name=Schematic Supply Nets_1
Added Rule: Name=Schematic Supply Nets_2
Added Rule: Name=Schematic Supply Nets_3
