Removed Pin From Net: NetName=VSS Pin=IC1-18
Removed Pin From Net: NetName=VSS Pin=IC1-31
Removed Pin From Net: NetName=VSS Pin=IC1-47
Removed Pin From Net: NetName=VSS Pin=IC1-63
Change Component Designator: OldDesignator=J? NewDesignator=J1
Add component: Footprint Not Found CAPAE660X810N
Add component: Footprint Not Found CAPAE660X810N
Add Pin To Net: Unknown Pin: Pin C2-1
Add Pin To Net: Unknown Pin: Pin C2-2
Add Pin To Net: Unknown Pin: Pin C16-1
Add Pin To Net: Unknown Pin: Pin C16-2
Added Pin To Net: NetName=VSS Pin=J1-6
Added Pin To Net: NetName=3V3_reg Pin=J1-7
Added Pin To Net: NetName=3V3_reg Pin=J1-8
Added Pin To Net: NetName=VSS Pin=J1-9
Added Pin To Net: NetName=VSS Pin=J1-MH1
Added Pin To Net: NetName=VSS Pin=J1-MH2
Added Pin To Net: NetName=NetIC1_20 Pin=IC1-20
Added Pin To Net: NetName=NetIC1_20 Pin=J1-1
Added Net: Name=NetIC1_20
Added Pin To Net: NetName=NetIC1_21 Pin=IC1-21
Added Pin To Net: NetName=NetIC1_21 Pin=J1-2
Added Net: Name=NetIC1_21
Added Pin To Net: NetName=NetIC1_23 Pin=IC1-23
Added Pin To Net: NetName=NetIC1_23 Pin=J1-3
Added Net: Name=NetIC1_23
Added Pin To Net: NetName=NetIC1_24 Pin=IC1-24
Added Pin To Net: NetName=NetIC1_24 Pin=J1-4
Added Net: Name=NetIC1_24
Added Pin To Net: NetName=NetIC1_25 Pin=IC1-25
Added Pin To Net: NetName=NetIC1_25 Pin=J1-5
Added Net: Name=NetIC1_25
Add Net: Net with name "VSS" already exists
Add Class Member: Failed to add class member : Component C2 220uF
Add Class Member: Failed to add class member : Component C16 220uF
