Removed Pin From Net: NetName=VCC_bat Pin=C3-2
Removed Pin From Net: NetName=VCC_bat Pin=C4-2
Removed Pin From Net: NetName=VSS Pin=D2-2
Removed Pin From Net: NetName=NetD4_1 Pin=D4-1
Removed Pin From Net: NetName=VSS Pin=D4-2
Removed Pin From Net: NetName=LIGHTS_MODE Pin=IC2-4
Removed Pin From Net: NetName=3V3_reg Pin=J1-7
Removed Pin From Net: NetName=3V3_reg Pin=J1-8
Removed Pin From Net: NetName=3V3_reg Pin=PWR_IO1-4
Removed Pin From Net: NetName=NetD5_1 Pin=PWR_IO1-6
Removed Pin From Net: NetName=3V3_reg Pin=PWR_IO1-16
Removed Pin From Net: NetName=NetD4_1 Pin=PWR_IO1-18
Removed Pin From Net: NetName=NetD2_1 Pin=PWR_IO1-19
Removed Pin From Net: NetName=VCC_bat Pin=pwr_reg1-3
Removed Pin From Net: NetName=VCC_bat Pin=R1-2
Removed Pin From Net: NetName=NetD2_1 Pin=R8-1
Removed Pin From Net: NetName=NetD4_1 Pin=R13-1
Removed Pin From Net: NetName=NetD5_1 Pin=R15-1
Removed Member From Class: ClassName=Buffers Member=D2
Removed Member From Class: ClassName=Connectors Member=D?
Removed Member From Class: ClassName=Buffers Member=F?
Removed Member From Class: ClassName=Connectors Member=F?
Change Footprint: Footprint Not Found CAPAE660X810N
Change Component Footprint: Designator=D2 Old Footprint=SOD2613X100N New Footprint=FP-SMB-MFG
Change Component Footprint: Designator=D5 Old Footprint=SOD2613X100N New Footprint=SOD2513X110N
Change Component Comment : Designator=C1 Old Comment=0.1uF New Comment=100nF
Change Component Comment : Designator=FB2 Old Comment=3V3_MPU_FB New Comment=3V3_VDD_FB
Change Component Comment : Designator=D5 Old Comment=STS321150U332 New Comment=SD05.TCT
Change Component Comment : Designator=D2 Old Comment=STS321150U332 New Comment=STTH4R02U
Change Component Designator: OldDesignator=D? NewDesignator=D4
Change Component Designator: OldDesignator=D? NewDesignator=D8
Change Component Designator: OldDesignator=J? NewDesignator=J2
Change Component Designator: OldDesignator=PS? NewDesignator=PS1
Change Managed Component Library Link : Designator=D2 Old VaultGUID= New VaultGUID=B7D15EC3-160A-466F-A46C-7801FE6295A7 Old ItemGUID= New ItemGUID=733248E2-6EF3-406E-B400-EE356967232C Old RevisionGUID= New RevisionGUID=56688565-BF5C-43A0-86A4-A726959E31A8
Change component parameters: Designator = "D2" ("D2"); Footprint = "SOD2613X100N"; UniqueID = "\TECCHCOV" ("\TECCHCOV")
Change component parameters (AddParameter): Name = "Automotive"; Value = "No"; VariantName = "[No Variations]"
Change component parameters (AddParameter): Name = "Category"; Value = "Diode"; VariantName = "[No Variations]"
Change component parameters (AddParameter): Name = "ComponentLink2Description"; Value = "Datasheet"; VariantName = "[No Variations]"
Change component parameters (AddParameter): Name = "ComponentLink2URL"; Value = "https://www.st.com/resource/en/datasheet/stth4r02.pdf"; VariantName = "[No Variations]"
Change component parameters (AddParameter): Name = "Device Class L1"; Value = "Discrete Semiconductors"; VariantName = "[No Variations]"
Change component parameters (AddParameter): Name = "Device Class L2"; Value = "Diodes"; VariantName = "[No Variations]"
Change component parameters (AddParameter): Name = "Device Class L3"; Value = "Rectifier Diodes"; VariantName = "[No Variations]"
Change component parameters (AddParameter): Name = "Digikey Description"; Value = "DIODE GEN PURP 200V 4A SMB"; VariantName = "[No Variations]"
Change component parameters (AddParameter): Name = "Forward Current"; Value = "4A"; VariantName = "[No Variations]"
Change component parameters (AddParameter): Name = "Height"; Value = "2.65mm"; VariantName = "[No Variations]"
Change component parameters (AddParameter): Name = "Lead Free"; Value = "Yes"; VariantName = "[No Variations]"
Change component parameters (AddParameter): Name = "Manufacturer"; Value = "STMicroelectronics"; VariantName = "[No Variations]"
Change component parameters (AddParameter): Name = "Manufacturer Part Number"; Value = "STTH4R02U"; VariantName = "[No Variations]"
Change component parameters (AddParameter): Name = "Max Junction Temp"; Value = "+175°C"; VariantName = "[No Variations]"
Change component parameters (AddParameter): Name = "Max Repetitive Reverse Voltage"; Value = "200V"; VariantName = "[No Variations]"
Change component parameters (AddParameter): Name = "Max Surge Forward Current"; Value = "70A"; VariantName = "[No Variations]"
Change component parameters (AddParameter): Name = "Mouser Description"; Value = "Rectifiers RECTIFIER"; VariantName = "[No Variations]"
Change component parameters (AddParameter): Name = "Octopart"; Value = "https://octopart.com/stth4r02u-stmicroelectronics-324581"; VariantName = "[No Variations]"
Change component parameters (AddParameter): Name = "Package"; Value = "SMB"; VariantName = "[No Variations]"
Change component parameters (AddParameter): Name = "Peak Reverse Current"; Value = "3uA"; VariantName = "[No Variations]"
Change component parameters (AddParameter): Name = "RoHS"; Value = "TRUE"; VariantName = "[No Variations]"
Change component parameters (AddParameter): Name = "Standoff Height"; Value = "0.05mm"; VariantName = "[No Variations]"
Change component parameters (AddParameter): Name = "Temperature"; Value = "to +175°C"; VariantName = "[No Variations]"
Change component parameters (AddParameter): Name = "Temperature Range High"; Value = "+175°C"; VariantName = "[No Variations]"
Change component parameters: Designator = "D5" ("D5"); Footprint = "SOD2613X100N"; UniqueID = "\PKFTBXIE" ("\PKFTBXIE")
Change component parameters (AddParameter): Name = "Arrow Part Number"; Value = "SD05.TCT"; VariantName = "[No Variations]"
Change component parameters (AddParameter): Name = "Arrow Price/Stock"; Value = "https://www.arrow.com/en/products/sd05.tct/semtech?utm_currency=USD&region=nac"; VariantName = "[No Variations]"
Change component parameters (AddParameter): Name = "Datasheet Link"; Value = "https://datasheet.datasheetarchive.com/originals/distributors/Datasheets-DGA26/1841681.pdf"; VariantName = "[No Variations]"
Change component parameters (AddParameter): Name = "Height"; Value = "1.1mm"; VariantName = "[No Variations]"
Change component parameters (AddParameter): Name = "Manufacturer_Name"; Value = "SEMTECH"; VariantName = "[No Variations]"
Change component parameters (AddParameter): Name = "Manufacturer_Part_Number"; Value = "SD05.TCT"; VariantName = "[No Variations]"
Change component parameters (AddParameter): Name = "Mouser Part Number"; Value = "947-SD05.TCT"; VariantName = "[No Variations]"
Change component parameters (AddParameter): Name = "Mouser Price/Stock"; Value = "https://www.mouser.co.uk/ProductDetail/Semtech/SD05.TCT?qs=rBWM4%252BvDhIed78qt1y4o0Q%3D%3D"; VariantName = "[No Variations]"
Add component: Footprint Not Found CAPAE660X810N
Added Component: Designator=C21(FP-CL10-IPC_A)
Add component (AddParameter): Name = "Capacitance"; Value = "100nF"; VariantName = "[No Variations]"
Add component (AddParameter): Name = "Case/Package"; Value = "0603"; VariantName = "[No Variations]"
Add component (AddParameter): Name = "Depth"; Value = "0.8mm"; VariantName = "[No Variations]"
Add component (AddParameter): Name = "Dielectric"; Value = "X7R"; VariantName = "[No Variations]"
Add component (AddParameter): Name = "Height"; Value = "0.8mm"; VariantName = "[No Variations]"
Add component (AddParameter): Name = "Lead Free"; Value = "Lead Free"; VariantName = "[No Variations]"
Add component (AddParameter): Name = "Length"; Value = "1.6mm"; VariantName = "[No Variations]"
Add component (AddParameter): Name = "Material"; Value = "Ceramic"; VariantName = "[No Variations]"
Add component (AddParameter): Name = "Max Operating Temperature"; Value = "125°C"; VariantName = "[No Variations]"
Add component (AddParameter): Name = "Min Operating Temperature"; Value = "-55°C"; VariantName = "[No Variations]"
Add component (AddParameter): Name = "Mount"; Value = "Surface Mount"; VariantName = "[No Variations]"
Add component (AddParameter): Name = "Package Quantity"; Value = "10000"; VariantName = "[No Variations]"
Add component (AddParameter): Name = "Packaging"; Value = "Tape and Reel"; VariantName = "[No Variations]"
Add component (AddParameter): Name = "Radiation Hardening"; Value = "No"; VariantName = "[No Variations]"
Add component (AddParameter): Name = "Thickness"; Value = "0.035inch"; VariantName = "[No Variations]"
Add component (AddParameter): Name = "Tolerance"; Value = "10%"; VariantName = "[No Variations]"
Add component (AddParameter): Name = "Voltage"; Value = "50V"; VariantName = "[No Variations]"
Add component (AddParameter): Name = "Voltage Rating"; Value = "50V"; VariantName = "[No Variations]"
Add component (AddParameter): Name = "Voltage Rating (DC)"; Value = "50V"; VariantName = "[No Variations]"
Add component (AddParameter): Name = "Width"; Value = "0.031inch"; VariantName = "[No Variations]"
Added Component: Designator=C22(FP-CL10-IPC_A)
Add component (AddParameter): Name = "Capacitance"; Value = "100nF"; VariantName = "[No Variations]"
Add component (AddParameter): Name = "Case/Package"; Value = "0603"; VariantName = "[No Variations]"
Add component (AddParameter): Name = "Depth"; Value = "0.8mm"; VariantName = "[No Variations]"
Add component (AddParameter): Name = "Dielectric"; Value = "X7R"; VariantName = "[No Variations]"
Add component (AddParameter): Name = "Height"; Value = "0.8mm"; VariantName = "[No Variations]"
Add component (AddParameter): Name = "Lead Free"; Value = "Lead Free"; VariantName = "[No Variations]"
Add component (AddParameter): Name = "Length"; Value = "1.6mm"; VariantName = "[No Variations]"
Add component (AddParameter): Name = "Material"; Value = "Ceramic"; VariantName = "[No Variations]"
Add component (AddParameter): Name = "Max Operating Temperature"; Value = "125°C"; VariantName = "[No Variations]"
Add component (AddParameter): Name = "Min Operating Temperature"; Value = "-55°C"; VariantName = "[No Variations]"
Add component (AddParameter): Name = "Mount"; Value = "Surface Mount"; VariantName = "[No Variations]"
Add component (AddParameter): Name = "Package Quantity"; Value = "10000"; VariantName = "[No Variations]"
Add component (AddParameter): Name = "Packaging"; Value = "Tape and Reel"; VariantName = "[No Variations]"
Add component (AddParameter): Name = "Radiation Hardening"; Value = "No"; VariantName = "[No Variations]"
Add component (AddParameter): Name = "Thickness"; Value = "0.035inch"; VariantName = "[No Variations]"
Add component (AddParameter): Name = "Tolerance"; Value = "10%"; VariantName = "[No Variations]"
Add component (AddParameter): Name = "Voltage"; Value = "50V"; VariantName = "[No Variations]"
Add component (AddParameter): Name = "Voltage Rating"; Value = "50V"; VariantName = "[No Variations]"
Add component (AddParameter): Name = "Voltage Rating (DC)"; Value = "50V"; VariantName = "[No Variations]"
Add component (AddParameter): Name = "Width"; Value = "0.031inch"; VariantName = "[No Variations]"
Added Component: Designator=C23(FP-CL10-IPC_A)
Add component (AddParameter): Name = "Capacitance"; Value = "100nF"; VariantName = "[No Variations]"
Add component (AddParameter): Name = "Case/Package"; Value = "0603"; VariantName = "[No Variations]"
Add component (AddParameter): Name = "Depth"; Value = "0.8mm"; VariantName = "[No Variations]"
Add component (AddParameter): Name = "Dielectric"; Value = "X7R"; VariantName = "[No Variations]"
Add component (AddParameter): Name = "Height"; Value = "0.8mm"; VariantName = "[No Variations]"
Add component (AddParameter): Name = "Lead Free"; Value = "Lead Free"; VariantName = "[No Variations]"
Add component (AddParameter): Name = "Length"; Value = "1.6mm"; VariantName = "[No Variations]"
Add component (AddParameter): Name = "Material"; Value = "Ceramic"; VariantName = "[No Variations]"
Add component (AddParameter): Name = "Max Operating Temperature"; Value = "125°C"; VariantName = "[No Variations]"
Add component (AddParameter): Name = "Min Operating Temperature"; Value = "-55°C"; VariantName = "[No Variations]"
Add component (AddParameter): Name = "Mount"; Value = "Surface Mount"; VariantName = "[No Variations]"
Add component (AddParameter): Name = "Package Quantity"; Value = "10000"; VariantName = "[No Variations]"
Add component (AddParameter): Name = "Packaging"; Value = "Tape and Reel"; VariantName = "[No Variations]"
Add component (AddParameter): Name = "Radiation Hardening"; Value = "No"; VariantName = "[No Variations]"
Add component (AddParameter): Name = "Thickness"; Value = "0.035inch"; VariantName = "[No Variations]"
Add component (AddParameter): Name = "Tolerance"; Value = "10%"; VariantName = "[No Variations]"
Add component (AddParameter): Name = "Voltage"; Value = "50V"; VariantName = "[No Variations]"
Add component (AddParameter): Name = "Voltage Rating"; Value = "50V"; VariantName = "[No Variations]"
Add component (AddParameter): Name = "Voltage Rating (DC)"; Value = "50V"; VariantName = "[No Variations]"
Add component (AddParameter): Name = "Width"; Value = "0.031inch"; VariantName = "[No Variations]"
Added Component: Designator=C24(CAP_0603)
Add component (AddParameter): Name = "Dielectric"; Value = ""; VariantName = "[No Variations]"
Add component (AddParameter): Name = "Distributor Link"; Value = ""; VariantName = "[No Variations]"
Add component (AddParameter): Name = "LCSC"; Value = ""; VariantName = "[No Variations]"
Add component (AddParameter): Name = "Manufacturer"; Value = ""; VariantName = "[No Variations]"
Add component (AddParameter): Name = "Manufacturer Part Number"; Value = ""; VariantName = "[No Variations]"
Add component (AddParameter): Name = "Rating"; Value = ""; VariantName = "[No Variations]"
Added Component: Designator=C25(CAP_0603)
Add component (AddParameter): Name = "Dielectric"; Value = ""; VariantName = "[No Variations]"
Add component (AddParameter): Name = "Distributor Link"; Value = ""; VariantName = "[No Variations]"
Add component (AddParameter): Name = "LCSC"; Value = ""; VariantName = "[No Variations]"
Add component (AddParameter): Name = "Manufacturer"; Value = ""; VariantName = "[No Variations]"
Add component (AddParameter): Name = "Manufacturer Part Number"; Value = ""; VariantName = "[No Variations]"
Add component (AddParameter): Name = "Rating"; Value = ""; VariantName = "[No Variations]"
Added Component: Designator=C26(CAPPM3528X210N)
Add component (AddParameter): Name = "Arrow Part Number"; Value = "TAJB107M010RNJ"; VariantName = "[No Variations]"
Add component (AddParameter): Name = "Arrow Price/Stock"; Value = "https://www.arrow.com/en/products/tajb107m010rnj/avx?utm_currency=USD&region=europe"; VariantName = "[No Variations]"
Add component (AddParameter): Name = "Datasheet Link"; Value = "http://datasheets.avx.com/TAJ.pdf"; VariantName = "[No Variations]"
Add component (AddParameter): Name = "Height"; Value = "2.1mm"; VariantName = "[No Variations]"
Add component (AddParameter): Name = "Manufacturer_Name"; Value = "Kyocera AVX"; VariantName = "[No Variations]"
Add component (AddParameter): Name = "Manufacturer_Part_Number"; Value = "TAJB107M010RNJ"; VariantName = "[No Variations]"
Add component (AddParameter): Name = "Mouser Part Number"; Value = "581-TAJB107M010R"; VariantName = "[No Variations]"
Add component (AddParameter): Name = "Mouser Price/Stock"; Value = "https://www.mouser.co.uk/ProductDetail/KYOCERA-AVX/TAJB107M010RNJ?qs=fdqkYiOtZpcLl77pdaUmPA%3D%3D"; VariantName = "[No Variations]"
Added Component: Designator=D7(SOD2513X110N)
Add component (AddParameter): Name = "Arrow Part Number"; Value = "SD05.TCT"; VariantName = "[No Variations]"
Add component (AddParameter): Name = "Arrow Price/Stock"; Value = "https://www.arrow.com/en/products/sd05.tct/semtech?utm_currency=USD&region=nac"; VariantName = "[No Variations]"
Add component (AddParameter): Name = "Datasheet Link"; Value = "https://datasheet.datasheetarchive.com/originals/distributors/Datasheets-DGA26/1841681.pdf"; VariantName = "[No Variations]"
Add component (AddParameter): Name = "Height"; Value = "1.1mm"; VariantName = "[No Variations]"
Add component (AddParameter): Name = "Manufacturer_Name"; Value = "SEMTECH"; VariantName = "[No Variations]"
Add component (AddParameter): Name = "Manufacturer_Part_Number"; Value = "SD05.TCT"; VariantName = "[No Variations]"
Add component (AddParameter): Name = "Mouser Part Number"; Value = "947-SD05.TCT"; VariantName = "[No Variations]"
Add component (AddParameter): Name = "Mouser Price/Stock"; Value = "https://www.mouser.co.uk/ProductDetail/Semtech/SD05.TCT?qs=rBWM4%252BvDhIed78qt1y4o0Q%3D%3D"; VariantName = "[No Variations]"
Added Component: Designator=D9(LED_0603_RED)
Added Component: Designator=D10(SOD2513X110N)
Add component (AddParameter): Name = "Arrow Part Number"; Value = "SD05.TCT"; VariantName = "[No Variations]"
Add component (AddParameter): Name = "Arrow Price/Stock"; Value = "https://www.arrow.com/en/products/sd05.tct/semtech?utm_currency=USD&region=nac"; VariantName = "[No Variations]"
Add component (AddParameter): Name = "Datasheet Link"; Value = "https://datasheet.datasheetarchive.com/originals/distributors/Datasheets-DGA26/1841681.pdf"; VariantName = "[No Variations]"
Add component (AddParameter): Name = "Height"; Value = "1.1mm"; VariantName = "[No Variations]"
Add component (AddParameter): Name = "Manufacturer_Name"; Value = "SEMTECH"; VariantName = "[No Variations]"
Add component (AddParameter): Name = "Manufacturer_Part_Number"; Value = "SD05.TCT"; VariantName = "[No Variations]"
Add component (AddParameter): Name = "Mouser Part Number"; Value = "947-SD05.TCT"; VariantName = "[No Variations]"
Add component (AddParameter): Name = "Mouser Price/Stock"; Value = "https://www.mouser.co.uk/ProductDetail/Semtech/SD05.TCT?qs=rBWM4%252BvDhIed78qt1y4o0Q%3D%3D"; VariantName = "[No Variations]"
Added Component: Designator=D11(SOD2513X110N)
Add component (AddParameter): Name = "Arrow Part Number"; Value = "SD05.TCT"; VariantName = "[No Variations]"
Add component (AddParameter): Name = "Arrow Price/Stock"; Value = "https://www.arrow.com/en/products/sd05.tct/semtech?utm_currency=USD&region=nac"; VariantName = "[No Variations]"
Add component (AddParameter): Name = "Datasheet Link"; Value = "https://datasheet.datasheetarchive.com/originals/distributors/Datasheets-DGA26/1841681.pdf"; VariantName = "[No Variations]"
Add component (AddParameter): Name = "Height"; Value = "1.1mm"; VariantName = "[No Variations]"
Add component (AddParameter): Name = "Manufacturer_Name"; Value = "SEMTECH"; VariantName = "[No Variations]"
Add component (AddParameter): Name = "Manufacturer_Part_Number"; Value = "SD05.TCT"; VariantName = "[No Variations]"
Add component (AddParameter): Name = "Mouser Part Number"; Value = "947-SD05.TCT"; VariantName = "[No Variations]"
Add component (AddParameter): Name = "Mouser Price/Stock"; Value = "https://www.mouser.co.uk/ProductDetail/Semtech/SD05.TCT?qs=rBWM4%252BvDhIed78qt1y4o0Q%3D%3D"; VariantName = "[No Variations]"
Added Component: Designator=F1(FUSC3216X83N)
Add component (AddParameter): Name = "Arrow Part Number"; Value = "0685T3000-01"; VariantName = "[No Variations]"
Add component (AddParameter): Name = "Arrow Price/Stock"; Value = "https://www.arrow.com/en/products/0685t3000-01/bel-group"; VariantName = "[No Variations]"
Add component (AddParameter): Name = "Datasheet Link"; Value = "https://www.belfuse.com/resources/datasheets/circuitprotection/ds-cp-c1t-series.pdf"; VariantName = "[No Variations]"
Add component (AddParameter): Name = "Height"; Value = "0.83mm"; VariantName = "[No Variations]"
Add component (AddParameter): Name = "Manufacturer_Name"; Value = "BelFuse"; VariantName = "[No Variations]"
Add component (AddParameter): Name = "Manufacturer_Part_Number"; Value = "0685T3000-01"; VariantName = "[No Variations]"
Add component (AddParameter): Name = "Mouser Part Number"; Value = ""; VariantName = "[No Variations]"
Add component (AddParameter): Name = "Mouser Price/Stock"; Value = ""; VariantName = "[No Variations]"
Added Component: Designator=F2(FUSC3216X83N)
Add component (AddParameter): Name = "Arrow Part Number"; Value = "0685T3000-01"; VariantName = "[No Variations]"
Add component (AddParameter): Name = "Arrow Price/Stock"; Value = "https://www.arrow.com/en/products/0685t3000-01/bel-group"; VariantName = "[No Variations]"
Add component (AddParameter): Name = "Datasheet Link"; Value = "https://www.belfuse.com/resources/datasheets/circuitprotection/ds-cp-c1t-series.pdf"; VariantName = "[No Variations]"
Add component (AddParameter): Name = "Height"; Value = "0.83mm"; VariantName = "[No Variations]"
Add component (AddParameter): Name = "Manufacturer_Name"; Value = "BelFuse"; VariantName = "[No Variations]"
Add component (AddParameter): Name = "Manufacturer_Part_Number"; Value = "0685T3000-01"; VariantName = "[No Variations]"
Add component (AddParameter): Name = "Mouser Part Number"; Value = ""; VariantName = "[No Variations]"
Add component (AddParameter): Name = "Mouser Price/Stock"; Value = ""; VariantName = "[No Variations]"
Added Component: Designator=F3(FUSC3216X83N)
Add component (AddParameter): Name = "Arrow Part Number"; Value = "0685T3000-01"; VariantName = "[No Variations]"
Add component (AddParameter): Name = "Arrow Price/Stock"; Value = "https://www.arrow.com/en/products/0685t3000-01/bel-group"; VariantName = "[No Variations]"
Add component (AddParameter): Name = "Datasheet Link"; Value = "https://www.belfuse.com/resources/datasheets/circuitprotection/ds-cp-c1t-series.pdf"; VariantName = "[No Variations]"
Add component (AddParameter): Name = "Height"; Value = "0.83mm"; VariantName = "[No Variations]"
Add component (AddParameter): Name = "Manufacturer_Name"; Value = "BelFuse"; VariantName = "[No Variations]"
Add component (AddParameter): Name = "Manufacturer_Part_Number"; Value = "0685T3000-01"; VariantName = "[No Variations]"
Add component (AddParameter): Name = "Mouser Part Number"; Value = ""; VariantName = "[No Variations]"
Add component (AddParameter): Name = "Mouser Price/Stock"; Value = ""; VariantName = "[No Variations]"
Added Component: Designator=F4(FUSC3216X83N)
Add component (AddParameter): Name = "Arrow Part Number"; Value = "0685T3000-01"; VariantName = "[No Variations]"
Add component (AddParameter): Name = "Arrow Price/Stock"; Value = "https://www.arrow.com/en/products/0685t3000-01/bel-group"; VariantName = "[No Variations]"
Add component (AddParameter): Name = "Datasheet Link"; Value = "https://www.belfuse.com/resources/datasheets/circuitprotection/ds-cp-c1t-series.pdf"; VariantName = "[No Variations]"
Add component (AddParameter): Name = "Height"; Value = "0.83mm"; VariantName = "[No Variations]"
Add component (AddParameter): Name = "Manufacturer_Name"; Value = "BelFuse"; VariantName = "[No Variations]"
Add component (AddParameter): Name = "Manufacturer_Part_Number"; Value = "0685T3000-01"; VariantName = "[No Variations]"
Add component (AddParameter): Name = "Mouser Part Number"; Value = ""; VariantName = "[No Variations]"
Add component (AddParameter): Name = "Mouser Price/Stock"; Value = ""; VariantName = "[No Variations]"
Added Component: Designator=FB3(FP-BLM18-0_15-t0_8-IPC_A)
Add component (AddParameter): Name = "Case Code (Imperial)"; Value = "0603"; VariantName = "[No Variations]"
Add component (AddParameter): Name = "Case Code (Metric)"; Value = "1608"; VariantName = "[No Variations]"
Add component (AddParameter): Name = "Case/Package"; Value = "0603"; VariantName = "[No Variations]"
Add component (AddParameter): Name = "Core Material"; Value = "Ferrite"; VariantName = "[No Variations]"
Add component (AddParameter): Name = "Current Rating"; Value = "2A"; VariantName = "[No Variations]"
Add component (AddParameter): Name = "DC Current"; Value = "2A"; VariantName = "[No Variations]"
Add component (AddParameter): Name = "DC Resistance (DCR)"; Value = "50mR"; VariantName = "[No Variations]"
Add component (AddParameter): Name = "Depth"; Value = "0.8mm"; VariantName = "[No Variations]"
Add component (AddParameter): Name = "Frequency"; Value = "100MHz"; VariantName = "[No Variations]"
Add component (AddParameter): Name = "Height"; Value = "0.8mm"; VariantName = "[No Variations]"
Add component (AddParameter): Name = "Impedance"; Value = "120R"; VariantName = "[No Variations]"
Add component (AddParameter): Name = "Lead Free"; Value = "Lead Free"; VariantName = "[No Variations]"
Add component (AddParameter): Name = "Length"; Value = "1.6mm"; VariantName = "[No Variations]"
Add component (AddParameter): Name = "Material"; Value = "Steel"; VariantName = "[No Variations]"
Add component (AddParameter): Name = "Max Current Rating"; Value = "2A"; VariantName = "[No Variations]"
Add component (AddParameter): Name = "Max DC Current"; Value = "2A"; VariantName = "[No Variations]"
Add component (AddParameter): Name = "Max Operating Temperature"; Value = "125°C"; VariantName = "[No Variations]"
Add component (AddParameter): Name = "Min Operating Temperature"; Value = "-55°C"; VariantName = "[No Variations]"
Add component (AddParameter): Name = "Number of Circuits"; Value = "1"; VariantName = "[No Variations]"
Add component (AddParameter): Name = "Number of Lines"; Value = "1"; VariantName = "[No Variations]"
Add component (AddParameter): Name = "Number of Pins"; Value = "2"; VariantName = "[No Variations]"
Add component (AddParameter): Name = "Package Quantity"; Value = "1"; VariantName = "[No Variations]"
Add component (AddParameter): Name = "Packaging"; Value = "Tape and Reel"; VariantName = "[No Variations]"
Add component (AddParameter): Name = "Radiation Hardening"; Value = "No"; VariantName = "[No Variations]"
Add component (AddParameter): Name = "REACH SVHC"; Value = "No SVHC"; VariantName = "[No Variations]"
Add component (AddParameter): Name = "RoHS Compliant"; Value = "Yes"; VariantName = "[No Variations]"
Add component (AddParameter): Name = "Shielding"; Value = "Unshielded"; VariantName = "[No Variations]"
Add component (AddParameter): Name = "Termination"; Value = "SMD/SMT"; VariantName = "[No Variations]"
Add component (AddParameter): Name = "Test Frequency"; Value = "100MHz"; VariantName = "[No Variations]"
Add component (AddParameter): Name = "Tolerance"; Value = "25%"; VariantName = "[No Variations]"
Add component (AddParameter): Name = "Width"; Value = "0.8mm"; VariantName = "[No Variations]"
Added Component: Designator=IC5(SOIC127P600X175-8N)
Add component (AddParameter): Name = "Arrow Part Number"; Value = "ZXMS6004DN8-13"; VariantName = "[No Variations]"
Add component (AddParameter): Name = "Arrow Price/Stock"; Value = "https://www.arrow.com/en/products/zxms6004dn8-13/diodes-incorporated?region=nac"; VariantName = "[No Variations]"
Add component (AddParameter): Name = "Datasheet Link"; Value = "https://www.diodes.com//assets/Datasheets/ZXMS6004DN8.pdf"; VariantName = "[No Variations]"
Add component (AddParameter): Name = "Height"; Value = "1.75mm"; VariantName = "[No Variations]"
Add component (AddParameter): Name = "Manufacturer_Name"; Value = "Diodes Incorporated"; VariantName = "[No Variations]"
Add component (AddParameter): Name = "Manufacturer_Part_Number"; Value = "ZXMS6004DN8-13"; VariantName = "[No Variations]"
Add component (AddParameter): Name = "Mouser Part Number"; Value = "621-ZXMS6004DN8-13"; VariantName = "[No Variations]"
Add component (AddParameter): Name = "Mouser Price/Stock"; Value = "https://www.mouser.co.uk/ProductDetail/Diodes-Incorporated/ZXMS6004DN8-13?qs=W66WzN12R3YH%252BpRyFoT8Rg%3D%3D"; VariantName = "[No Variations]"
Added Component: Designator=IC6(SOT95P285X140-5N)
Add component (AddParameter): Name = "Arrow Part Number"; Value = "AP22802BW5-7"; VariantName = "[No Variations]"
Add component (AddParameter): Name = "Arrow Price/Stock"; Value = "https://www.arrow.com/en/products/ap22802bw5-7/diodes-incorporated?utm_currency=USD&region=asia"; VariantName = "[No Variations]"
Add component (AddParameter): Name = "Datasheet Link"; Value = "https://www.diodes.com//assets/Datasheets/products_inactive_data/AP22802.pdf"; VariantName = "[No Variations]"
Add component (AddParameter): Name = "Height"; Value = "1.4mm"; VariantName = "[No Variations]"
Add component (AddParameter): Name = "Manufacturer_Name"; Value = "Diodes Incorporated"; VariantName = "[No Variations]"
Add component (AddParameter): Name = "Manufacturer_Part_Number"; Value = "AP22802BW5-7"; VariantName = "[No Variations]"
Add component (AddParameter): Name = "Mouser Part Number"; Value = "621-AP22802BW5-7"; VariantName = "[No Variations]"
Add component (AddParameter): Name = "Mouser Price/Stock"; Value = "https://www.mouser.co.uk/ProductDetail/Diodes-Incorporated/AP22802BW5-7?qs=4WD8WRWcnWvdREmNWulNnQ%3D%3D"; VariantName = "[No Variations]"
Added Component: Designator=K5(FP-1393280-6-MFG)
Add component (AddParameter): Name = "Ambient Temperature Range High"; Value = "+105°C"; VariantName = "[No Variations]"
Add component (AddParameter): Name = "Ambient Temperature Range Low"; Value = "-40°C"; VariantName = "[No Variations]"
Add component (AddParameter): Name = "Automotive"; Value = "No"; VariantName = "[No Variations]"
Add component (AddParameter): Name = "Category"; Value = "Relay"; VariantName = "[No Variations]"
Add component (AddParameter): Name = "Coil Power"; Value = "567mW"; VariantName = "[No Variations]"
Add component (AddParameter): Name = "Coil Resistance"; Value = "254?"; VariantName = "[No Variations]"
Add component (AddParameter): Name = "Coil Type"; Value = "Non-Latching"; VariantName = "[No Variations]"
Add component (AddParameter): Name = "Coil Voltage"; Value = "12V"; VariantName = "[No Variations]"
Add component (AddParameter): Name = "ComponentLink2Description"; Value = "Datasheet"; VariantName = "[No Variations]"
Add component (AddParameter): Name = "ComponentLink2URL"; Value = "https://www.te.com/commerce/DocumentDelivery/DDEController?Action=showdoc&DocId=Data+Sheet%7FV23086-X0000-A001%7F0717%7Fpdf%7FEnglish%7FENG_DS_V23086-X0000-A001_0717.pdf%7F1393280-6"; VariantName = "[No Variations]"
Add component (AddParameter): Name = "Current Rating"; Value = "30A"; VariantName = "[No Variations]"
Add component (AddParameter): Name = "Device Class L1"; Value = "Electromechanical"; VariantName = "[No Variations]"
Add component (AddParameter): Name = "Device Class L2"; Value = "Relays"; VariantName = "[No Variations]"
Add component (AddParameter): Name = "Device Class L3"; Value = "Power Relays"; VariantName = "[No Variations]"
Add component (AddParameter): Name = "Footprint Url"; Value = "https://www.te.com/commerce/DocumentDelivery/DDEController?Action=showdoc&DocId=Customer+Drawing%7FV23086-C1001-A403%7FE%7Fpdf%7FEnglish%7FENG_CD_V23086-C1001-A403_E.pdf%7F1393280-6"; VariantName = "[No Variations]"
Add component (AddParameter): Name = "Height"; Value = "10.1mm"; VariantName = "[No Variations]"
Add component (AddParameter): Name = "Lead Free"; Value = "Yes"; VariantName = "[No Variations]"
Add component (AddParameter): Name = "Manufacturer"; Value = "TE Connectivity"; VariantName = "[No Variations]"
Add component (AddParameter): Name = "Manufacturer Part Number"; Value = "1393280-6"; VariantName = "[No Variations]"
Add component (AddParameter): Name = "Number Of Contacts"; Value = "1"; VariantName = "[No Variations]"
Add component (AddParameter): Name = "Octopart"; Value = "https://octopart.com/1393280-6-te+connectivity-45289632"; VariantName = "[No Variations]"
Add component (AddParameter): Name = "Package"; Value = "1393280-6"; VariantName = "[No Variations]"
Add component (AddParameter): Name = "RoHS"; Value = "TRUE"; VariantName = "[No Variations]"
Add component (AddParameter): Name = "Standoff Height"; Value = "0.3mm"; VariantName = "[No Variations]"
Add component (AddParameter): Name = "Throw Configuration"; Value = "SPDT"; VariantName = "[No Variations]"
Added Component: Designator=K6(FP-1393280-6-MFG)
Add component (AddParameter): Name = "Ambient Temperature Range High"; Value = "+105°C"; VariantName = "[No Variations]"
Add component (AddParameter): Name = "Ambient Temperature Range Low"; Value = "-40°C"; VariantName = "[No Variations]"
Add component (AddParameter): Name = "Automotive"; Value = "No"; VariantName = "[No Variations]"
Add component (AddParameter): Name = "Category"; Value = "Relay"; VariantName = "[No Variations]"
Add component (AddParameter): Name = "Coil Power"; Value = "567mW"; VariantName = "[No Variations]"
Add component (AddParameter): Name = "Coil Resistance"; Value = "254?"; VariantName = "[No Variations]"
Add component (AddParameter): Name = "Coil Type"; Value = "Non-Latching"; VariantName = "[No Variations]"
Add component (AddParameter): Name = "Coil Voltage"; Value = "12V"; VariantName = "[No Variations]"
Add component (AddParameter): Name = "ComponentLink2Description"; Value = "Datasheet"; VariantName = "[No Variations]"
Add component (AddParameter): Name = "ComponentLink2URL"; Value = "https://www.te.com/commerce/DocumentDelivery/DDEController?Action=showdoc&DocId=Data+Sheet%7FV23086-X0000-A001%7F0717%7Fpdf%7FEnglish%7FENG_DS_V23086-X0000-A001_0717.pdf%7F1393280-6"; VariantName = "[No Variations]"
Add component (AddParameter): Name = "Current Rating"; Value = "30A"; VariantName = "[No Variations]"
Add component (AddParameter): Name = "Device Class L1"; Value = "Electromechanical"; VariantName = "[No Variations]"
Add component (AddParameter): Name = "Device Class L2"; Value = "Relays"; VariantName = "[No Variations]"
Add component (AddParameter): Name = "Device Class L3"; Value = "Power Relays"; VariantName = "[No Variations]"
Add component (AddParameter): Name = "Footprint Url"; Value = "https://www.te.com/commerce/DocumentDelivery/DDEController?Action=showdoc&DocId=Customer+Drawing%7FV23086-C1001-A403%7FE%7Fpdf%7FEnglish%7FENG_CD_V23086-C1001-A403_E.pdf%7F1393280-6"; VariantName = "[No Variations]"
Add component (AddParameter): Name = "Height"; Value = "10.1mm"; VariantName = "[No Variations]"
Add component (AddParameter): Name = "Lead Free"; Value = "Yes"; VariantName = "[No Variations]"
Add component (AddParameter): Name = "Manufacturer"; Value = "TE Connectivity"; VariantName = "[No Variations]"
Add component (AddParameter): Name = "Manufacturer Part Number"; Value = "1393280-6"; VariantName = "[No Variations]"
Add component (AddParameter): Name = "Number Of Contacts"; Value = "1"; VariantName = "[No Variations]"
Add component (AddParameter): Name = "Octopart"; Value = "https://octopart.com/1393280-6-te+connectivity-45289632"; VariantName = "[No Variations]"
Add component (AddParameter): Name = "Package"; Value = "1393280-6"; VariantName = "[No Variations]"
Add component (AddParameter): Name = "RoHS"; Value = "TRUE"; VariantName = "[No Variations]"
Add component (AddParameter): Name = "Standoff Height"; Value = "0.3mm"; VariantName = "[No Variations]"
Add component (AddParameter): Name = "Throw Configuration"; Value = "SPDT"; VariantName = "[No Variations]"
Added Component: Designator=R18(RES_0603)
Add component (AddParameter): Name = "Distributor Link"; Value = ""; VariantName = "[No Variations]"
Add component (AddParameter): Name = "LCSC"; Value = ""; VariantName = "[No Variations]"
Add component (AddParameter): Name = "Manufacturer"; Value = ""; VariantName = "[No Variations]"
Add component (AddParameter): Name = "Manufacturer Part Number"; Value = ""; VariantName = "[No Variations]"
Added Component: Designator=R19(RES_0603)
Add component (AddParameter): Name = "Distributor Link"; Value = ""; VariantName = "[No Variations]"
Add component (AddParameter): Name = "LCSC"; Value = ""; VariantName = "[No Variations]"
Add component (AddParameter): Name = "Manufacturer"; Value = ""; VariantName = "[No Variations]"
Add component (AddParameter): Name = "Manufacturer Part Number"; Value = ""; VariantName = "[No Variations]"
Added Component: Designator=R20(RES_0603)
Add component (AddParameter): Name = "Distributor Link"; Value = ""; VariantName = "[No Variations]"
Add component (AddParameter): Name = "LCSC"; Value = ""; VariantName = "[No Variations]"
Add component (AddParameter): Name = "Manufacturer"; Value = ""; VariantName = "[No Variations]"
Add component (AddParameter): Name = "Manufacturer Part Number"; Value = ""; VariantName = "[No Variations]"
Added Component: Designator=R21(RES_0603)
Add component (AddParameter): Name = "Distributor Link"; Value = ""; VariantName = "[No Variations]"
Add component (AddParameter): Name = "LCSC"; Value = ""; VariantName = "[No Variations]"
Add component (AddParameter): Name = "Manufacturer"; Value = ""; VariantName = "[No Variations]"
Add component (AddParameter): Name = "Manufacturer Part Number"; Value = ""; VariantName = "[No Variations]"
Added Component: Designator=R22(RES_0603)
Add component (AddParameter): Name = "Distributor Link"; Value = ""; VariantName = "[No Variations]"
Add component (AddParameter): Name = "LCSC"; Value = ""; VariantName = "[No Variations]"
Add component (AddParameter): Name = "Manufacturer"; Value = ""; VariantName = "[No Variations]"
Add component (AddParameter): Name = "Manufacturer Part Number"; Value = ""; VariantName = "[No Variations]"
Added Component: Designator=R23(RES_0603)
Add component (AddParameter): Name = "Distributor Link"; Value = ""; VariantName = "[No Variations]"
Add component (AddParameter): Name = "LCSC"; Value = ""; VariantName = "[No Variations]"
Add component (AddParameter): Name = "Manufacturer"; Value = ""; VariantName = "[No Variations]"
Add component (AddParameter): Name = "Manufacturer Part Number"; Value = ""; VariantName = "[No Variations]"
Added Component: Designator=R24(RES_0603)
Add component (AddParameter): Name = "Distributor Link"; Value = ""; VariantName = "[No Variations]"
Add component (AddParameter): Name = "LCSC"; Value = ""; VariantName = "[No Variations]"
Add component (AddParameter): Name = "Manufacturer"; Value = ""; VariantName = "[No Variations]"
Add component (AddParameter): Name = "Manufacturer Part Number"; Value = ""; VariantName = "[No Variations]"
Added Component: Designator=R25(RES_0603)
Add component (AddParameter): Name = "Distributor Link"; Value = ""; VariantName = "[No Variations]"
Add component (AddParameter): Name = "LCSC"; Value = ""; VariantName = "[No Variations]"
Add component (AddParameter): Name = "Manufacturer"; Value = ""; VariantName = "[No Variations]"
Add component (AddParameter): Name = "Manufacturer Part Number"; Value = ""; VariantName = "[No Variations]"
Added Component: Designator=R26(RES_0603)
Add component (AddParameter): Name = "Distributor Link"; Value = ""; VariantName = "[No Variations]"
Add component (AddParameter): Name = "LCSC"; Value = ""; VariantName = "[No Variations]"
Add component (AddParameter): Name = "Manufacturer"; Value = ""; VariantName = "[No Variations]"
Add component (AddParameter): Name = "Manufacturer Part Number"; Value = ""; VariantName = "[No Variations]"
Added Component: Designator=R27(RES_0603)
Add component (AddParameter): Name = "Distributor Link"; Value = ""; VariantName = "[No Variations]"
Add component (AddParameter): Name = "LCSC"; Value = ""; VariantName = "[No Variations]"
Add component (AddParameter): Name = "Manufacturer"; Value = ""; VariantName = "[No Variations]"
Add component (AddParameter): Name = "Manufacturer Part Number"; Value = ""; VariantName = "[No Variations]"
Add Pin To Net: Unknown Pin: Pin C2-2
Added Pin To Net: NetName=VSS Pin=C21-2
Added Pin To Net: NetName=VSS Pin=C22-2
Added Pin To Net: NetName=VSS Pin=C23-2
Added Pin To Net: NetName=VSS Pin=C24-1
Added Pin To Net: NetName=3V3_reg Pin=C24-2
Added Pin To Net: NetName=VSS Pin=C25-1
Added Pin To Net: NetName=VSS Pin=C26-2
Added Pin To Net: NetName=NetD4_1 Pin=D4-1
Added Pin To Net: NetName=VSS Pin=D4-2
Added Pin To Net: NetName=VSS Pin=D7-2
Added Pin To Net: NetName=VSS Pin=D10-2
Added Pin To Net: NetName=VSS Pin=D11-2
Added Pin To Net: NetName=3V3_MPU Pin=FB3-1
Added Pin To Net: NetName=VSS Pin=IC1-12
Added Pin To Net: NetName=LIGHTS_MODE Pin=IC2-2
Added Pin To Net: NetName=VSS Pin=IC5-1
Added Pin To Net: NetName=VSS Pin=IC5-3
Added Pin To Net: NetName=VSS Pin=IC6-2
Added Pin To Net: NetName=NetIC1_8 Pin=IC6-4
Added Pin To Net: NetName=3V3_reg Pin=IC6-5
Added Pin To Net: NetName=VCC_rect Pin=K1-4
Added Pin To Net: NetName=VSS Pin=K4-4
Added Pin To Net: NetName=VCC_bat Pin=K5-1
Added Pin To Net: NetName=BLINK_mod Pin=K5-4
Added Pin To Net: NetName=VCC_bat Pin=K6-1
Added Pin To Net: NetName=BLINK_mod Pin=K6-4
Added Pin To Net: NetName=VCC_bat Pin=PS1-9
Added Pin To Net: NetName=VCC_bat Pin=PS1-10
Added Pin To Net: NetName=VCC_bat Pin=PS1-11
Added Pin To Net: NetName=VCC_bat Pin=PS1-12
Added Pin To Net: NetName=VCC_bat Pin=PS1-13
Added Pin To Net: NetName=VSS Pin=PS1-16
Added Pin To Net: NetName=VSS Pin=PS1-21
Added Pin To Net: NetName=NetD5_1 Pin=PWR_IO1-18
Added Pin To Net: NetName=NetD4_1 Pin=PWR_IO1-19
Added Pin To Net: NetName=NetD2_1 Pin=PWR_IO1-20
Added Pin To Net: NetName=NetD4_1 Pin=R8-1
Added Pin To Net: NetName=NetD5_1 Pin=R13-1
Added Pin To Net: NetName=VCC_bat Pin=R18-2
Added Pin To Net: NetName=VCC_bat Pin=R19-2
Added Pin To Net: NetName=VSS Pin=R21-1
Added Pin To Net: NetName=VCC_bat Pin=R22-2
Added Pin To Net: NetName=VSS Pin=R24-1
Added Pin To Net: NetName=VSS Pin=R25-1
Added Pin To Net: NetName=3V3_reg Pin=R26-2
Added Pin To Net: NetName=3V3_reg Pin=R27-2
Added Pin To Net: NetName=3V3_OLED Pin=C25-2
Added Pin To Net: NetName=3V3_OLED Pin=C26-1
Added Pin To Net: NetName=3V3_OLED Pin=D11-1
Added Pin To Net: NetName=3V3_OLED Pin=IC6-1
Added Pin To Net: NetName=3V3_OLED Pin=J1-7
Added Pin To Net: NetName=3V3_OLED Pin=J1-8
Added Net: Name=3V3_OLED
Add Net: Net with name "3V3_reg" already exists
Added Pin To Net: NetName=ALARM_SIREN Pin=IC1-40
Added Pin To Net: NetName=ALARM_SIREN Pin=IC5-4
Added Net: Name=ALARM_SIREN
Added Pin To Net: NetName=HAZARD_LIGHTS Pin=IC1-41
Added Pin To Net: NetName=HAZARD_LIGHTS Pin=IC5-2
Added Net: Name=HAZARD_LIGHTS
Added Pin To Net: NetName=LIGHT_SEL_IN_AUTOMODE Pin=IC1-44
Added Pin To Net: NetName=LIGHT_SEL_IN_AUTOMODE Pin=IC2-4
Added Net: Name=LIGHT_SEL_IN_AUTOMODE
Added Pin To Net: NetName=NetC21_1 Pin=C21-1
Added Pin To Net: NetName=NetC21_1 Pin=C22-1
Added Pin To Net: NetName=NetC21_1 Pin=C23-1
Added Pin To Net: NetName=NetC21_1 Pin=FB3-2
Added Pin To Net: NetName=NetC21_1 Pin=IC1-13
Added Net: Name=NetC21_1
Added Pin To Net: NetName=NetD2_2 Pin=D2-2
Added Pin To Net: NetName=NetD2_2 Pin=F2-1
Added Net: Name=NetD2_2
Added Pin To Net: NetName=NetD7_1 Pin=D7-1
Added Pin To Net: NetName=NetD7_1 Pin=PWR_IO1-6
Added Pin To Net: NetName=NetD7_1 Pin=R15-1
Added Net: Name=NetD7_1
Added Pin To Net: NetName=NetD9_A Pin=D9-A
Added Pin To Net: NetName=NetD9_A Pin=R18-1
Added Net: Name=NetD9_A
Added Pin To Net: NetName=NetD9_K Pin=D9-K
Added Pin To Net: NetName=NetD9_K Pin=PS1-20
Added Pin To Net: NetName=NetD9_K Pin=R22-1
Added Net: Name=NetD9_K
Added Pin To Net: NetName=NetD10_1 Pin=D10-1
Added Pin To Net: NetName=NetD10_1 Pin=PWR_IO1-12
Added Pin To Net: NetName=NetD10_1 Pin=R26-1
Added Net: Name=NetD10_1
Added Pin To Net: NetName=NetF1_1 Pin=F1-1
Added Pin To Net: NetName=NetF1_1 Pin=PWR_IO1-21
Added Net: Name=NetF1_1
Added Pin To Net: NetName=NetF1_2 Pin=F1-2
Added Pin To Net: NetName=NetF1_2 Pin=K2-5
Added Net: Name=NetF1_2
Added Pin To Net: NetName=NetF2_2 Pin=F2-2
Added Pin To Net: NetName=NetF2_2 Pin=K6-5
Added Net: Name=NetF2_2
Added Pin To Net: NetName=NetF3_1 Pin=F3-1
Added Pin To Net: NetName=NetF3_1 Pin=K3-4
Added Pin To Net: NetName=NetF3_1 Pin=K5-5
Added Net: Name=NetF3_1
Added Pin To Net: NetName=NetF3_2 Pin=F3-2
Added Pin To Net: NetName=NetF3_2 Pin=PWR_IO1-9
Added Net: Name=NetF3_2
Added Pin To Net: NetName=NetF4_1 Pin=F4-1
Added Pin To Net: NetName=NetF4_1 Pin=K3-5
Added Net: Name=NetF4_1
Added Pin To Net: NetName=NetF4_2 Pin=F4-2
Added Pin To Net: NetName=NetF4_2 Pin=PWR_IO1-8
Added Net: Name=NetF4_2
Added Pin To Net: NetName=NetIC1_15 Pin=IC1-15
Added Pin To Net: NetName=NetIC1_15 Pin=PS1-2
Added Net: Name=NetIC1_15
Added Pin To Net: NetName=NetIC5_5 Pin=IC5-5
Added Pin To Net: NetName=NetIC5_5 Pin=K6-2
Added Net: Name=NetIC5_5
Added Pin To Net: NetName=NetIC5_7 Pin=IC5-7
Added Pin To Net: NetName=NetIC5_7 Pin=K5-2
Added Net: Name=NetIC5_7
Added Pin To Net: NetName=NetIC6_3 Pin=IC6-3
Added Pin To Net: NetName=NetIC6_3 Pin=R27-1
Added Net: Name=NetIC6_3
Added Pin To Net: NetName=NetK1_3 Pin=K1-3
Added Pin To Net: NetName=NetK1_3 Pin=PWR_IO1-7
Added Net: Name=NetK1_3
Added Pin To Net: NetName=NetK1_5 Pin=K1-5
Added Pin To Net: NetName=NetK1_5 Pin=K2-4
Added Net: Name=NetK1_5
Added Pin To Net: NetName=NetK2_3 Pin=K2-3
Added Pin To Net: NetName=NetK2_3 Pin=PWR_IO1-22
Added Net: Name=NetK2_3
Added Pin To Net: NetName=NetK4_3 Pin=K4-3
Added Pin To Net: NetName=NetK4_3 Pin=PWR_IO1-5
Added Net: Name=NetK4_3
Added Pin To Net: NetName=NetK4_5 Pin=K4-5
Added Pin To Net: NetName=NetK4_5 Pin=PWR_IO1-17
Added Net: Name=NetK4_5
Added Pin To Net: NetName=NetPS1_1 Pin=PS1-1
Added Pin To Net: NetName=NetPS1_1 Pin=R25-2
Added Net: Name=NetPS1_1
Added Pin To Net: NetName=NetPS1_3 Pin=PS1-3
Added Pin To Net: NetName=NetPS1_3 Pin=R23-1
Added Pin To Net: NetName=NetPS1_3 Pin=R24-2
Added Net: Name=NetPS1_3
Added Pin To Net: NetName=NetPS1_14 Pin=PS1-14
Added Pin To Net: NetName=NetPS1_14 Pin=R19-1
Added Pin To Net: NetName=NetPS1_14 Pin=R20-2
Added Net: Name=NetPS1_14
Added Pin To Net: NetName=NetPS1_15 Pin=PS1-15
Added Pin To Net: NetName=NetPS1_15 Pin=R20-1
Added Pin To Net: NetName=NetPS1_15 Pin=R21-2
Added Net: Name=NetPS1_15
Added Pin To Net: NetName=VCC_bat_p Pin=C3-2
Added Pin To Net: NetName=VCC_bat_p Pin=C4-2
Added Pin To Net: NetName=VCC_bat_p Pin=PS1-4
Added Pin To Net: NetName=VCC_bat_p Pin=PS1-5
Added Pin To Net: NetName=VCC_bat_p Pin=PS1-6
Added Pin To Net: NetName=VCC_bat_p Pin=PS1-7
Added Pin To Net: NetName=VCC_bat_p Pin=PS1-8
Added Pin To Net: NetName=VCC_bat_p Pin=pwr_reg1-3
Added Pin To Net: NetName=VCC_bat_p Pin=R1-2
Added Pin To Net: NetName=VCC_bat_p Pin=R23-2
Added Net: Name=VCC_bat_p
Add Class Member: Failed to add class member : Component C2 220uF
Added Member To Class: ClassName=MPU Member=Component C21 10uF
Added Member To Class: ClassName=MPU Member=Component C22 1uF
Added Member To Class: ClassName=MPU Member=Component C23 100nF
Added Member To Class: ClassName=PowerSupply Member=Component C24 1uF
Added Member To Class: ClassName=PowerSupply Member=Component C25 100nF
Added Member To Class: ClassName=PowerSupply Member=Component C26 100uF
Added Member To Class: ClassName=Connectors Member=Component D2 STTH4R02U
Added Member To Class: ClassName=Buffers Member=Component D7 SD05.TCT
Added Member To Class: ClassName=PowerSupply Member=Component D9 OSXX0603C1E-VV
Added Member To Class: ClassName=Buffers Member=Component D10 SD05.TCT
Added Member To Class: ClassName=Connectors Member=Component D11 SD05.TCT
Added Member To Class: ClassName=Connectors Member=Component F1 0685T5000-01
Added Member To Class: ClassName=Connectors Member=Component F2 0685T3000-01
Added Member To Class: ClassName=Connectors Member=Component F3 0685T5000-01
Added Member To Class: ClassName=Connectors Member=Component F4 0685T5000-01
Added Member To Class: ClassName=MPU Member=Component FB3 3V3_VDDA_FB
Added Member To Class: ClassName=MPU Member=Component IC5 ZXMS6004DN8-13
Added Member To Class: ClassName=PowerSupply Member=Component IC6 AP22802BW5-7
Added Member To Class: ClassName=MPU Member=Component K5 1393280-6
Added Member To Class: ClassName=MPU Member=Component K6 1393280-6
Added Member To Class: ClassName=PowerSupply Member=Component R18 100R
Added Member To Class: ClassName=PowerSupply Member=Component R19 511k
Added Member To Class: ClassName=PowerSupply Member=Component R20 22k
Added Member To Class: ClassName=PowerSupply Member=Component R21 33k
Added Member To Class: ClassName=PowerSupply Member=Component R22 10k
Added Member To Class: ClassName=PowerSupply Member=Component R23 511k
Added Member To Class: ClassName=PowerSupply Member=Component R24 46.4k
Added Member To Class: ClassName=PowerSupply Member=Component R25 10k
Added Member To Class: ClassName=Buffers Member=Component R26 10k
Added Member To Class: ClassName=PowerSupply Member=Component R27 10k
Added Rule: Name=Schematic Supply Nets_2
Added Rule: Name=Schematic Supply Nets_3
