Removed Pin From Net: NetName=VCC_bat_con Pin=PWR_IO1-1
Removed Pin From Net: NetName=VCC_bat_k_con Pin=PWR_IO1-2
Removed Pin From Net: NetName=BLINK_mod_con Pin=PWR_IO1-3
Removed Pin From Net: NetName=3V3_reg_con Pin=PWR_IO1-4
Removed Pin From Net: NetName=SWITCH_IN_STAND Pin=PWR_IO1-5
Removed Pin From Net: NetName=BLINK_BUTTON Pin=PWR_IO1-6
Removed Pin From Net: NetName=LIGHT_SWITCH Pin=PWR_IO1-7
Removed Pin From Net: NetName=BLINKER_IN2_F Pin=PWR_IO1-8
Removed Pin From Net: NetName=BLINKER_IN1_F Pin=PWR_IO1-9
Removed Pin From Net: NetName=AMB_SCL Pin=PWR_IO1-10
Removed Pin From Net: NetName=AMB_SDA Pin=PWR_IO1-11
Removed Pin From Net: NetName=TMP Pin=PWR_IO1-12
Removed Pin From Net: NetName=VSS Pin=PWR_IO1-13
Removed Pin From Net: NetName=VSS Pin=PWR_IO1-14
Removed Pin From Net: NetName=VCC_rect_con Pin=PWR_IO1-15
Removed Pin From Net: NetName=3V3_reg_con Pin=PWR_IO1-16
Removed Pin From Net: NetName=STARTER_RELAY Pin=PWR_IO1-17
Removed Pin From Net: NetName=OK_BUTTON Pin=PWR_IO1-18
Removed Pin From Net: NetName=MENU_BUTTON Pin=PWR_IO1-19
Removed Pin From Net: NetName=HORN_OUT_F Pin=PWR_IO1-20
Removed Pin From Net: NetName=BULB_OUT_F Pin=PWR_IO1-21
Removed Pin From Net: NetName=LED_OUT Pin=PWR_IO1-22
Removed Pin From Net: NetName=FOTO Pin=PWR_IO1-23
Removed Pin From Net: NetName=RPM Pin=PWR_IO1-24
Added Pin To Net: NetName=TMP Pin=PWR_IO1-1
Added Pin To Net: NetName=AMB_SDA Pin=PWR_IO1-2
Added Pin To Net: NetName=AMB_SCL Pin=PWR_IO1-3
Added Pin To Net: NetName=BLINKER_IN1_F Pin=PWR_IO1-4
Added Pin To Net: NetName=BLINKER_IN2_F Pin=PWR_IO1-5
Added Pin To Net: NetName=LIGHT_SWITCH Pin=PWR_IO1-6
Added Pin To Net: NetName=BLINK_BUTTON Pin=PWR_IO1-7
Added Pin To Net: NetName=SWITCH_IN_STAND Pin=PWR_IO1-8
Added Pin To Net: NetName=3V3_reg_con Pin=PWR_IO1-9
Added Pin To Net: NetName=BLINK_mod_con Pin=PWR_IO1-10
Added Pin To Net: NetName=VCC_bat_k_con Pin=PWR_IO1-11
Added Pin To Net: NetName=VCC_bat_con Pin=PWR_IO1-12
Added Pin To Net: NetName=RPM Pin=PWR_IO1-13
Added Pin To Net: NetName=FOTO Pin=PWR_IO1-14
Added Pin To Net: NetName=LED_OUT Pin=PWR_IO1-15
Added Pin To Net: NetName=BULB_OUT_F Pin=PWR_IO1-16
Added Pin To Net: NetName=HORN_OUT_F Pin=PWR_IO1-17
Added Pin To Net: NetName=MENU_BUTTON Pin=PWR_IO1-18
Added Pin To Net: NetName=OK_BUTTON Pin=PWR_IO1-19
Added Pin To Net: NetName=STARTER_RELAY Pin=PWR_IO1-20
Added Pin To Net: NetName=3V3_reg_con Pin=PWR_IO1-21
Added Pin To Net: NetName=VCC_rect_con Pin=PWR_IO1-22
Added Pin To Net: NetName=VSS Pin=PWR_IO1-23
Added Pin To Net: NetName=VSS Pin=PWR_IO1-24
