Change Footprint: Footprint Not Found CAPAE660X810N
Change Component Designator: OldDesignator=J1 NewDesignator=DISP1
Add component: Footprint Not Found CAPAE660X810N
Added Component: Designator=R41(RES_0603)
Add component (AddParameter): Name = "Distributor Link"; Value = ""; VariantName = "[No Variations]"
Add component (AddParameter): Name = "LCSC"; Value = ""; VariantName = "[No Variations]"
Add component (AddParameter): Name = "Manufacturer"; Value = ""; VariantName = "[No Variations]"
Add component (AddParameter): Name = "Manufacturer Part Number"; Value = ""; VariantName = "[No Variations]"
Added Component: Designator=RST1(MOLX-22-28-4033_V)
Add component (AddParameter): Name = "Colour"; Value = "Black"; VariantName = "[No Variations]"
Add component (AddParameter): Name = "ComponentLink1Description"; Value = "Manufacturer URL"; VariantName = "[No Variations]"
Add component (AddParameter): Name = "ComponentLink1URL"; Value = "http://www.molex.com/"; VariantName = "[No Variations]"
Add component (AddParameter): Name = "ComponentLink2Description"; Value = "Datasheet"; VariantName = "[No Variations]"
Add component (AddParameter): Name = "ComponentLink2URL"; Value = "http://www.molex.com/pdm_docs/sd/022284033_sd.pdf"; VariantName = "[No Variations]"
Add component (AddParameter): Name = "Contact Finish"; Value = "Gold"; VariantName = "[No Variations]"
Add component (AddParameter): Name = "Contact Material"; Value = "Brass"; VariantName = "[No Variations]"
Add component (AddParameter): Name = "Contact Plating"; Value = "Gold"; VariantName = "[No Variations]"
Add component (AddParameter): Name = "Current Rating"; Value = "4 A"; VariantName = "[No Variations]"
Add component (AddParameter): Name = "DatasheetVersion"; Value = "Rev. G, 01/2012"; VariantName = "[No Variations]"
Add component (AddParameter): Name = "Height"; Value = "8.38 mm"; VariantName = "[No Variations]"
Add component (AddParameter): Name = "Lead Pitch"; Value = "0.1 inch"; VariantName = "[No Variations]"
Add component (AddParameter): Name = "Length"; Value = "7.62 mm"; VariantName = "[No Variations]"
Add component (AddParameter): Name = "Manufacturer"; Value = "Molex"; VariantName = "[No Variations]"
Add component (AddParameter): Name = "Max Operating Temperature"; Value = "75 degC"; VariantName = "[No Variations]"
Add component (AddParameter): Name = "Min Operating Temperature"; Value = "0 degC"; VariantName = "[No Variations]"
Add component (AddParameter): Name = "Mount"; Value = "Through Hole"; VariantName = "[No Variations]"
Add component (AddParameter): Name = "Mounting Technology"; Value = "Through Hole"; VariantName = "[No Variations]"
Add component (AddParameter): Name = "Package Quantity"; Value = "1"; VariantName = "[No Variations]"
Add component (AddParameter): Name = "PackageDescription"; Value = "Male Header, Pitch 2.54 mm, 1 x 3 Position, Height 8.38 mm, Tail Length 3.18 mm"; VariantName = "[No Variations]"
Add component (AddParameter): Name = "PackageReference"; Value = "22-28-4033"; VariantName = "[No Variations]"
Add component (AddParameter): Name = "Packaging"; Value = "Bulk"; VariantName = "[No Variations]"
Add component (AddParameter): Name = "Pins"; Value = "3"; VariantName = "[No Variations]"
Add component (AddParameter): Name = "REACH SVHC"; Value = "Unknown"; VariantName = "[No Variations]"
Add component (AddParameter): Name = "RoHSCompliant"; Value = "true"; VariantName = "[No Variations]"
Add component (AddParameter): Name = "Rows"; Value = "1"; VariantName = "[No Variations]"
Add component (AddParameter): Name = "Voltage Rating"; Value = "250 V"; VariantName = "[No Variations]"
Add Pin To Net: Unknown Pin: Pin C2-1
Add Pin To Net: Unknown Pin: Pin C2-2
Added Pin To Net: NetName=3V3_MPU Pin=R41-1
Added Pin To Net: NetName=NRST Pin=R41-2
Added Pin To Net: NetName=VSS Pin=RST1-1
Added Pin To Net: NetName=NRST Pin=RST1-2
Add Class Member: Failed to add class member : Component C2 220uF
Added Member To Class: ClassName=MPU Member=Component R41 10k
Added Member To Class: ClassName=Connectors Member=Component RST1 rst
