Removed Pin From Net: NetName=VSS Pin=ISP1-8
Removed Pin From Net: NetName=VSS Pin=ISP1-10
Change Component Designator: OldDesignator=ISP1 NewDesignator=SWD
Add component: Footprint Not Found CAPAE660X810N
Add component: Footprint Not Found CAPAE660X810N
Add Pin To Net: Unknown Pin: Pin C2-1
Add Pin To Net: Unknown Pin: Pin C2-2
Add Pin To Net: Unknown Pin: Pin C16-1
Add Pin To Net: Unknown Pin: Pin C16-2
Added Pin To Net: NetName=VSS Pin=SWD-5
Added Pin To Net: NetName=VSS Pin=SWD-6
Change Net Name : Old Net Name=MPU_WKUP_n New Net Name=NMPU_WKUP
Added Pin To Net: NetName=NRST Pin=IC1-7
Added Pin To Net: NetName=NRST Pin=SWD-1
Added Net: Name=NRST
Added Pin To Net: NetName=SWCLK Pin=IC1-49
Added Pin To Net: NetName=SWCLK Pin=SWD-2
Added Net: Name=SWCLK
Added Pin To Net: NetName=SWDIO Pin=IC1-46
Added Pin To Net: NetName=SWDIO Pin=SWD-4
Added Net: Name=SWDIO
Add Net: Net with name "VSS" already exists
Add Class Member: Failed to add class member : Component C2 220uF
Add Class Member: Failed to add class member : Component C16 220uF
