Change Footprint: Footprint Not Found CAPAE660X810N
Change Component Footprint: Designator=BT? Old Footprint=TECO-120591-1-2_V New Footprint=FP-101-MFG
Change Component Comment : Designator=BT? Old Comment=120591-1 New Comment=101
Change Managed Component Library Link : Designator=BT? Old VaultGUID=B7D15EC3-160A-466F-A46C-7801FE6295A7 New VaultGUID=B7D15EC3-160A-466F-A46C-7801FE6295A7 Old ItemGUID=B2C50140-681E-4F62-8DBB-9728605318CE New ItemGUID=4C357DBD-0186-4D7F-A818-81B491B09320 Old RevisionGUID=7A48D7C6-7851-49B4-B0C0-15E0684E6536 New RevisionGUID=2BE246A9-AED9-4E99-BEEC-CC86BBF06D9A
Change component parameters: Designator = "BT?" ("BT?"); Footprint = "TECO-120591-1-2_V"; UniqueID = "\CQRXPIZW" ("\CQRXPIZW")
Change component parameters (AddParameter): Name = "Body Material"; Value = "PBT"; VariantName = "[No Variations]"
Change component parameters (AddParameter): Name = "Contact Plating"; Value = "Tin"; VariantName = "[No Variations]"
Change component parameters (AddParameter): Name = "Lead Free"; Value = "Lead Free"; VariantName = "[No Variations]"
Change component parameters (AddParameter): Name = "Material"; Value = "Steel"; VariantName = "[No Variations]"
Change component parameters (AddParameter): Name = "Max Operating Temperature"; Value = "145°C"; VariantName = "[No Variations]"
Change component parameters (AddParameter): Name = "Min Operating Temperature"; Value = "-50°C"; VariantName = "[No Variations]"
Change component parameters (AddParameter): Name = "Mount"; Value = "Through Hole"; VariantName = "[No Variations]"
Change component parameters (AddParameter): Name = "Number of Batteries"; Value = "1"; VariantName = "[No Variations]"
Change component parameters (AddParameter): Name = "Number of Cells"; Value = "1"; VariantName = "[No Variations]"
Change component parameters (AddParameter): Name = "Package Quantity"; Value = "1"; VariantName = "[No Variations]"
Change component parameters (AddParameter): Name = "Packaging"; Value = "Bag"; VariantName = "[No Variations]"
Change component parameters (AddParameter): Name = "REACH SVHC"; Value = "No SVHC"; VariantName = "[No Variations]"
Change component parameters (AddParameter): Name = "Series"; Value = "-"; VariantName = "[No Variations]"
Change component parameters (AddParameter): Name = "Termination"; Value = "PC Pin"; VariantName = "[No Variations]"
Add component: Footprint Not Found CAPAE660X810N
Add Pin To Net: Unknown Pin: Pin C2-1
Add Pin To Net: Unknown Pin: Pin C2-2
Add Class Member: Failed to add class member : Component C2 220uF
