Change Footprint: Footprint Not Found CAPAE660X810N
Add component: Footprint Not Found CAPAE660X810N
Added Component: Designator=IC?(SOP254P675X220-4N)
Add component (AddParameter): Name = "Arrow Part Number"; Value = "LTV-356T"; VariantName = "[No Variations]"
Add component (AddParameter): Name = "Arrow Price/Stock"; Value = "https://www.arrow.com/en/products/ltv-356t/lite-on-technology?region=nac"; VariantName = "[No Variations]"
Add component (AddParameter): Name = "Datasheet Link"; Value = "https://componentsearchengine.com/Datasheets/1/LTV-356T.pdf"; VariantName = "[No Variations]"
Add component (AddParameter): Name = "Height"; Value = "2.2mm"; VariantName = "[No Variations]"
Add component (AddParameter): Name = "Manufacturer_Name"; Value = "Lite-On"; VariantName = "[No Variations]"
Add component (AddParameter): Name = "Manufacturer_Part_Number"; Value = "LTV-356T"; VariantName = "[No Variations]"
Add component (AddParameter): Name = "Mouser Part Number"; Value = "859-LTV-356T"; VariantName = "[No Variations]"
Add component (AddParameter): Name = "Mouser Price/Stock"; Value = "https://www.mouser.co.uk/ProductDetail/LITEON/LTV-356T?qs=30I3lYpOJSWvIikXPmhOGQ%3D%3D"; VariantName = "[No Variations]"
Add Pin To Net: Unknown Pin: Pin C2-1
Add Pin To Net: Unknown Pin: Pin C2-2
Added Pin To Net: NetName=VSS Pin=IC2-1
Added Pin To Net: NetName=VSS Pin=IC2-3
Added Pin To Net: NetName=VSS Pin=IC3-1
Added Pin To Net: NetName=VSS Pin=IC3-3
Added Pin To Net: NetName=AUTO_LIGHT_SEL Pin=IC1-44
Added Pin To Net: NetName=AUTO_LIGHT_SEL Pin=IC2-2
Added Net: Name=AUTO_LIGHT_SEL
Added Pin To Net: NetName=BLINKERS_TOGETHER Pin=IC1-42
Added Pin To Net: NetName=BLINKERS_TOGETHER Pin=IC3-2
Added Net: Name=BLINKERS_TOGETHER
Added Pin To Net: NetName=LIGHTS_MODE Pin=IC1-43
Added Pin To Net: NetName=LIGHTS_MODE Pin=IC2-4
Added Net: Name=LIGHTS_MODE
Added Pin To Net: NetName=NetIC2_5 Pin=IC2-5
Added Pin To Net: NetName=NetIC2_5 Pin=K2-2
Added Net: Name=NetIC2_5
Added Pin To Net: NetName=NetIC2_7 Pin=IC2-7
Added Pin To Net: NetName=NetIC2_7 Pin=K1-2
Added Net: Name=NetIC2_7
Added Pin To Net: NetName=NetIC3_5 Pin=IC3-5
Added Pin To Net: NetName=NetIC3_5 Pin=K4-2
Added Net: Name=NetIC3_5
Added Pin To Net: NetName=NetIC3_7 Pin=IC3-7
Added Pin To Net: NetName=NetIC3_7 Pin=K3-2
Added Net: Name=NetIC3_7
Added Pin To Net: NetName=STAND_ONOFF Pin=IC1-45
Added Pin To Net: NetName=STAND_ONOFF Pin=IC3-4
Added Net: Name=STAND_ONOFF
Add Class Member: Failed to add class member : Component C2 220uF
Added Member To Class: ClassName=Buffers Member=Component IC? LTV-356T
