Removed Pin From Net: NetName=NetC16_1 Pin=R6-1
Removed Pin From Net: NetName=3V3_reg Pin=R6-2
Removed Pin From Net: NetName=NetQ1_3 Pin=R7-1
Removed Pin From Net: NetName=3V3_reg Pin=R7-2
Removed Pin From Net: NetName=MENU_BUTTON Pin=R8-1
Removed Pin From Net: NetName=NetC17_1 Pin=R9-1
Removed Pin From Net: NetName=NetD1_1 Pin=R9-2
Removed Pin From Net: NetName=NetQ1_1 Pin=R10-1
Removed Pin From Net: NetName=NetC17_1 Pin=R10-2
Removed Pin From Net: NetName=VSS Pin=R11-1
Removed Pin From Net: NetName=NetC17_1 Pin=R11-2
Removed Pin From Net: NetName=NetC18_1 Pin=R12-1
Removed Pin From Net: NetName=3V3_reg Pin=R12-2
Removed Pin From Net: NetName=OK_BUTTON Pin=R13-1
Removed Pin From Net: NetName=NetC18_1 Pin=R13-2
Removed Pin From Net: NetName=NetC19_1 Pin=R14-1
Removed Pin From Net: NetName=3V3_reg Pin=R14-2
Removed Pin From Net: NetName=BLINK_BUTTON Pin=R15-1
Removed Pin From Net: NetName=NetC19_1 Pin=R15-2
Removed Pin From Net: NetName=NetIC1_14 Pin=R16-1
Removed Pin From Net: NetName=3V3_reg Pin=R16-2
Removed Pin From Net: NetName=NetC20_1 Pin=R17-1
Removed Pin From Net: NetName=NetD6_1 Pin=R17-2
Change Component Footprint: Designator=R6 Old Footprint=FP-CRCW0603-e3-IPC_A New Footprint=RES_0603
Change Component Footprint: Designator=R7 Old Footprint=FP-CRCW0603-e3-IPC_A New Footprint=RES_0603
Change Component Footprint: Designator=R8 Old Footprint=FP-CRCW0603-e3-IPC_A New Footprint=RES_0603
Change Component Footprint: Designator=R9 Old Footprint=FP-CRCW0603-e3-IPC_A New Footprint=RES_0603
Change Component Footprint: Designator=R10 Old Footprint=FP-CRCW0603-e3-IPC_A New Footprint=RES_0603
Change Component Footprint: Designator=R11 Old Footprint=FP-CRCW0603-e3-IPC_A New Footprint=RES_0603
Change Component Footprint: Designator=R12 Old Footprint=FP-CRCW0603-e3-IPC_A New Footprint=RES_0603
Change Component Footprint: Designator=R13 Old Footprint=FP-CRCW0603-e3-IPC_A New Footprint=RES_0603
Change Component Footprint: Designator=R14 Old Footprint=FP-CRCW0603-e3-IPC_A New Footprint=RES_0603
Change Component Footprint: Designator=R15 Old Footprint=FP-CRCW0603-e3-IPC_A New Footprint=RES_0603
Change Component Footprint: Designator=R16 Old Footprint=FP-CRCW0603-e3-IPC_A New Footprint=RES_0603
Change Component Footprint: Designator=R17 Old Footprint=FP-CRCW0603-e3-IPC_A New Footprint=RES_0603
Change Component Comment : Designator=R17 Old Comment=2.7k New Comment=100k
Change Component Comment : Designator=R7 Old Comment=10k New Comment=220k
Change Component Comment : Designator=R15 Old Comment=100k New Comment=2.7k
Change Component Comment : Designator=R8 Old Comment=100k New Comment=10k
Change Component Comment : Designator=R9 Old Comment=220k New Comment=100k
Change Managed Component Library Link : Designator=R6 Old VaultGUID=B7D15EC3-160A-466F-A46C-7801FE6295A7 New VaultGUID= Old ItemGUID=66E01197-878F-4F2B-BBAE-32E3AFE259E8 New ItemGUID= Old RevisionGUID=CADF459E-DCFC-4C2E-841D-9C1764D32ECD New RevisionGUID=
Change Managed Component Library Link : Designator=R7 Old VaultGUID=B7D15EC3-160A-466F-A46C-7801FE6295A7 New VaultGUID= Old ItemGUID=66E01197-878F-4F2B-BBAE-32E3AFE259E8 New ItemGUID= Old RevisionGUID=CADF459E-DCFC-4C2E-841D-9C1764D32ECD New RevisionGUID=
Change Managed Component Library Link : Designator=R8 Old VaultGUID=B7D15EC3-160A-466F-A46C-7801FE6295A7 New VaultGUID= Old ItemGUID=66E01197-878F-4F2B-BBAE-32E3AFE259E8 New ItemGUID= Old RevisionGUID=CADF459E-DCFC-4C2E-841D-9C1764D32ECD New RevisionGUID=
Change Managed Component Library Link : Designator=R9 Old VaultGUID=B7D15EC3-160A-466F-A46C-7801FE6295A7 New VaultGUID= Old ItemGUID=66E01197-878F-4F2B-BBAE-32E3AFE259E8 New ItemGUID= Old RevisionGUID=CADF459E-DCFC-4C2E-841D-9C1764D32ECD New RevisionGUID=
Change Managed Component Library Link : Designator=R10 Old VaultGUID=B7D15EC3-160A-466F-A46C-7801FE6295A7 New VaultGUID= Old ItemGUID=66E01197-878F-4F2B-BBAE-32E3AFE259E8 New ItemGUID= Old RevisionGUID=CADF459E-DCFC-4C2E-841D-9C1764D32ECD New RevisionGUID=
Change Managed Component Library Link : Designator=R11 Old VaultGUID=B7D15EC3-160A-466F-A46C-7801FE6295A7 New VaultGUID= Old ItemGUID=66E01197-878F-4F2B-BBAE-32E3AFE259E8 New ItemGUID= Old RevisionGUID=CADF459E-DCFC-4C2E-841D-9C1764D32ECD New RevisionGUID=
Change Managed Component Library Link : Designator=R12 Old VaultGUID=B7D15EC3-160A-466F-A46C-7801FE6295A7 New VaultGUID= Old ItemGUID=66E01197-878F-4F2B-BBAE-32E3AFE259E8 New ItemGUID= Old RevisionGUID=CADF459E-DCFC-4C2E-841D-9C1764D32ECD New RevisionGUID=
Change Managed Component Library Link : Designator=R13 Old VaultGUID=B7D15EC3-160A-466F-A46C-7801FE6295A7 New VaultGUID= Old ItemGUID=66E01197-878F-4F2B-BBAE-32E3AFE259E8 New ItemGUID= Old RevisionGUID=CADF459E-DCFC-4C2E-841D-9C1764D32ECD New RevisionGUID=
Change Managed Component Library Link : Designator=R14 Old VaultGUID=B7D15EC3-160A-466F-A46C-7801FE6295A7 New VaultGUID= Old ItemGUID=66E01197-878F-4F2B-BBAE-32E3AFE259E8 New ItemGUID= Old RevisionGUID=CADF459E-DCFC-4C2E-841D-9C1764D32ECD New RevisionGUID=
Change Managed Component Library Link : Designator=R15 Old VaultGUID=B7D15EC3-160A-466F-A46C-7801FE6295A7 New VaultGUID= Old ItemGUID=66E01197-878F-4F2B-BBAE-32E3AFE259E8 New ItemGUID= Old RevisionGUID=CADF459E-DCFC-4C2E-841D-9C1764D32ECD New RevisionGUID=
Change Managed Component Library Link : Designator=R16 Old VaultGUID=B7D15EC3-160A-466F-A46C-7801FE6295A7 New VaultGUID= Old ItemGUID=66E01197-878F-4F2B-BBAE-32E3AFE259E8 New ItemGUID= Old RevisionGUID=CADF459E-DCFC-4C2E-841D-9C1764D32ECD New RevisionGUID=
Change Managed Component Library Link : Designator=R17 Old VaultGUID=B7D15EC3-160A-466F-A46C-7801FE6295A7 New VaultGUID= Old ItemGUID=66E01197-878F-4F2B-BBAE-32E3AFE259E8 New ItemGUID= Old RevisionGUID=CADF459E-DCFC-4C2E-841D-9C1764D32ECD New RevisionGUID=
Change component parameters: Designator = "R6" ("R6"); Footprint = "FP-CRCW0603-e3-IPC_A"; UniqueID = "\KGSMRYNS" ("\KGSMRYNS")
Change component parameters (AddParameter): Name = "Distributor Link"; Value = ""; VariantName = "[No Variations]"
Change component parameters (AddParameter): Name = "LCSC"; Value = ""; VariantName = "[No Variations]"
Change component parameters (AddParameter): Name = "Manufacturer"; Value = ""; VariantName = "[No Variations]"
Change component parameters (AddParameter): Name = "Manufacturer Part Number"; Value = ""; VariantName = "[No Variations]"
Change component parameters: Designator = "R7" ("R7"); Footprint = "FP-CRCW0603-e3-IPC_A"; UniqueID = "\UFGBTHGV" ("\UFGBTHGV")
Change component parameters (AddParameter): Name = "Distributor Link"; Value = ""; VariantName = "[No Variations]"
Change component parameters (AddParameter): Name = "LCSC"; Value = ""; VariantName = "[No Variations]"
Change component parameters (AddParameter): Name = "Manufacturer"; Value = ""; VariantName = "[No Variations]"
Change component parameters (AddParameter): Name = "Manufacturer Part Number"; Value = ""; VariantName = "[No Variations]"
Change component parameters: Designator = "R8" ("R8"); Footprint = "FP-CRCW0603-e3-IPC_A"; UniqueID = "\WHPFCSRC" ("\WHPFCSRC")
Change component parameters (AddParameter): Name = "Distributor Link"; Value = ""; VariantName = "[No Variations]"
Change component parameters (AddParameter): Name = "LCSC"; Value = ""; VariantName = "[No Variations]"
Change component parameters (AddParameter): Name = "Manufacturer"; Value = ""; VariantName = "[No Variations]"
Change component parameters (AddParameter): Name = "Manufacturer Part Number"; Value = ""; VariantName = "[No Variations]"
Change component parameters: Designator = "R9" ("R9"); Footprint = "FP-CRCW0603-e3-IPC_A"; UniqueID = "\TDAKBYSX" ("\TDAKBYSX")
Change component parameters (AddParameter): Name = "Distributor Link"; Value = ""; VariantName = "[No Variations]"
Change component parameters (AddParameter): Name = "LCSC"; Value = ""; VariantName = "[No Variations]"
Change component parameters (AddParameter): Name = "Manufacturer"; Value = ""; VariantName = "[No Variations]"
Change component parameters (AddParameter): Name = "Manufacturer Part Number"; Value = ""; VariantName = "[No Variations]"
Change component parameters: Designator = "R10" ("R10"); Footprint = "FP-CRCW0603-e3-IPC_A"; UniqueID = "\IGSHNJXT" ("\IGSHNJXT")
Change component parameters (AddParameter): Name = "Distributor Link"; Value = ""; VariantName = "[No Variations]"
Change component parameters (AddParameter): Name = "LCSC"; Value = ""; VariantName = "[No Variations]"
Change component parameters (AddParameter): Name = "Manufacturer"; Value = ""; VariantName = "[No Variations]"
Change component parameters (AddParameter): Name = "Manufacturer Part Number"; Value = ""; VariantName = "[No Variations]"
Change component parameters: Designator = "R11" ("R11"); Footprint = "FP-CRCW0603-e3-IPC_A"; UniqueID = "\OQPWNWWN" ("\OQPWNWWN")
Change component parameters (AddParameter): Name = "Distributor Link"; Value = ""; VariantName = "[No Variations]"
Change component parameters (AddParameter): Name = "LCSC"; Value = ""; VariantName = "[No Variations]"
Change component parameters (AddParameter): Name = "Manufacturer"; Value = ""; VariantName = "[No Variations]"
Change component parameters (AddParameter): Name = "Manufacturer Part Number"; Value = ""; VariantName = "[No Variations]"
Change component parameters: Designator = "R12" ("R12"); Footprint = "FP-CRCW0603-e3-IPC_A"; UniqueID = "\ZVKFDJUD" ("\ZVKFDJUD")
Change component parameters (AddParameter): Name = "Distributor Link"; Value = ""; VariantName = "[No Variations]"
Change component parameters (AddParameter): Name = "LCSC"; Value = ""; VariantName = "[No Variations]"
Change component parameters (AddParameter): Name = "Manufacturer"; Value = ""; VariantName = "[No Variations]"
Change component parameters (AddParameter): Name = "Manufacturer Part Number"; Value = ""; VariantName = "[No Variations]"
Change component parameters: Designator = "R13" ("R13"); Footprint = "FP-CRCW0603-e3-IPC_A"; UniqueID = "\HSETZOZL" ("\HSETZOZL")
Change component parameters (AddParameter): Name = "Distributor Link"; Value = ""; VariantName = "[No Variations]"
Change component parameters (AddParameter): Name = "LCSC"; Value = ""; VariantName = "[No Variations]"
Change component parameters (AddParameter): Name = "Manufacturer"; Value = ""; VariantName = "[No Variations]"
Change component parameters (AddParameter): Name = "Manufacturer Part Number"; Value = ""; VariantName = "[No Variations]"
Change component parameters: Designator = "R14" ("R14"); Footprint = "FP-CRCW0603-e3-IPC_A"; UniqueID = "\REOKVSQP" ("\REOKVSQP")
Change component parameters (AddParameter): Name = "Distributor Link"; Value = ""; VariantName = "[No Variations]"
Change component parameters (AddParameter): Name = "LCSC"; Value = ""; VariantName = "[No Variations]"
Change component parameters (AddParameter): Name = "Manufacturer"; Value = ""; VariantName = "[No Variations]"
Change component parameters (AddParameter): Name = "Manufacturer Part Number"; Value = ""; VariantName = "[No Variations]"
Change component parameters: Designator = "R15" ("R15"); Footprint = "FP-CRCW0603-e3-IPC_A"; UniqueID = "\FGJUJSBV" ("\FGJUJSBV")
Change component parameters (AddParameter): Name = "Distributor Link"; Value = ""; VariantName = "[No Variations]"
Change component parameters (AddParameter): Name = "LCSC"; Value = ""; VariantName = "[No Variations]"
Change component parameters (AddParameter): Name = "Manufacturer"; Value = ""; VariantName = "[No Variations]"
Change component parameters (AddParameter): Name = "Manufacturer Part Number"; Value = ""; VariantName = "[No Variations]"
Change component parameters: Designator = "R16" ("R16"); Footprint = "FP-CRCW0603-e3-IPC_A"; UniqueID = "\HSCOJBLB" ("\HSCOJBLB")
Change component parameters (AddParameter): Name = "Distributor Link"; Value = ""; VariantName = "[No Variations]"
Change component parameters (AddParameter): Name = "LCSC"; Value = ""; VariantName = "[No Variations]"
Change component parameters (AddParameter): Name = "Manufacturer"; Value = ""; VariantName = "[No Variations]"
Change component parameters (AddParameter): Name = "Manufacturer Part Number"; Value = ""; VariantName = "[No Variations]"
Change component parameters: Designator = "R17" ("R17"); Footprint = "FP-CRCW0603-e3-IPC_A"; UniqueID = "\ZAMDETCG" ("\ZAMDETCG")
Change component parameters (AddParameter): Name = "Distributor Link"; Value = ""; VariantName = "[No Variations]"
Change component parameters (AddParameter): Name = "LCSC"; Value = ""; VariantName = "[No Variations]"
Change component parameters (AddParameter): Name = "Manufacturer"; Value = ""; VariantName = "[No Variations]"
Change component parameters (AddParameter): Name = "Manufacturer Part Number"; Value = ""; VariantName = "[No Variations]"
Added Pin To Net: NetName=3V3_reg Pin=R6-1
Added Pin To Net: NetName=NetQ1_3 Pin=R6-2
Added Pin To Net: NetName=NetC17_1 Pin=R7-1
Added Pin To Net: NetName=NetD1_1 Pin=R7-2
Added Pin To Net: NetName=3V3_reg Pin=R8-1
Added Pin To Net: NetName=NetQ1_1 Pin=R9-1
Added Pin To Net: NetName=NetC17_1 Pin=R9-2
Added Pin To Net: NetName=NetC16_1 Pin=R10-1
Added Pin To Net: NetName=MENU_BUTTON Pin=R10-2
Added Pin To Net: NetName=NetC17_1 Pin=R11-1
Added Pin To Net: NetName=VSS Pin=R11-2
Added Pin To Net: NetName=3V3_reg Pin=R12-1
Added Pin To Net: NetName=NetC18_1 Pin=R12-2
Added Pin To Net: NetName=NetC18_1 Pin=R13-1
Added Pin To Net: NetName=OK_BUTTON Pin=R13-2
Added Pin To Net: NetName=3V3_reg Pin=R14-1
Added Pin To Net: NetName=NetIC1_14 Pin=R14-2
Added Pin To Net: NetName=NetC20_1 Pin=R15-1
Added Pin To Net: NetName=NetD6_1 Pin=R15-2
Added Pin To Net: NetName=3V3_reg Pin=R16-1
Added Pin To Net: NetName=NetC19_1 Pin=R16-2
Added Pin To Net: NetName=NetC19_1 Pin=R17-1
Added Pin To Net: NetName=BLINK_BUTTON Pin=R17-2
