Removed Pin From Net: NetName=NetC16_1 Pin=C16-1
Removed Pin From Net: NetName=NetC17_1 Pin=C17-1
Removed Pin From Net: NetName=NetC18_1 Pin=C18-1
Removed Pin From Net: NetName=NetC19_1 Pin=C19-1
Removed Pin From Net: NetName=NetC30_1 Pin=C30-1
Removed Pin From Net: NetName=NetC32_1 Pin=C32-1
Removed Pin From Net: NetName=TMP Pin=C33-1
Removed Pin From Net: NetName=FOTO Pin=C34-1
Removed Pin From Net: NetName=NetC20_1 Pin=IC4-1
Removed Pin From Net: NetName=NetC20_1 Pin=R15-1
Change Component Footprint: Designator=C16 Old Footprint=FP-CL10-IPC_A New Footprint=CAP_0603
Change Component Footprint: Designator=C17 Old Footprint=FP-CL10-IPC_A New Footprint=CAP_0603
Change Component Footprint: Designator=C18 Old Footprint=FP-CL10-IPC_A New Footprint=CAP_0603
Change Component Footprint: Designator=C19 Old Footprint=FP-CL10-IPC_A New Footprint=CAP_0603
Change Component Footprint: Designator=C20 Old Footprint=FP-CL10-IPC_A New Footprint=CAP_0603
Change Component Footprint: Designator=C29 Old Footprint=FP-CL10-IPC_A New Footprint=CAP_0603
Change Component Footprint: Designator=C30 Old Footprint=FP-CL10-IPC_A New Footprint=CAP_0603
Change Component Footprint: Designator=C31 Old Footprint=FP-CL10-IPC_A New Footprint=CAP_0603
Change Component Footprint: Designator=C32 Old Footprint=FP-CL10-IPC_A New Footprint=CAP_0603
Change Component Footprint: Designator=C33 Old Footprint=FP-CL10-IPC_A New Footprint=CAP_0603
Change Component Footprint: Designator=C34 Old Footprint=FP-CL10-IPC_A New Footprint=CAP_0603
Change Component Comment : Designator=C20 Old Comment=1nF New Comment=220nF
Change Component Comment : Designator=C33 Old Comment=22uF New Comment=1nF
Change Component Comment : Designator=C34 Old Comment=22uF New Comment=220nF
Change Component Comment : Designator=C16 Old Comment=220nF New Comment=22uF
Change Component Comment : Designator=C19 Old Comment=220nF New Comment=22uF
Change Managed Component Library Link : Designator=C16 Old VaultGUID=B7D15EC3-160A-466F-A46C-7801FE6295A7 New VaultGUID= Old ItemGUID=75151047-587B-4967-B8AD-D9CE1C86C42A New ItemGUID= Old RevisionGUID=5FE47E0B-B644-49B0-B168-02438980ED3D New RevisionGUID=
Change Managed Component Library Link : Designator=C17 Old VaultGUID=B7D15EC3-160A-466F-A46C-7801FE6295A7 New VaultGUID= Old ItemGUID=75151047-587B-4967-B8AD-D9CE1C86C42A New ItemGUID= Old RevisionGUID=5FE47E0B-B644-49B0-B168-02438980ED3D New RevisionGUID=
Change Managed Component Library Link : Designator=C18 Old VaultGUID=B7D15EC3-160A-466F-A46C-7801FE6295A7 New VaultGUID= Old ItemGUID=75151047-587B-4967-B8AD-D9CE1C86C42A New ItemGUID= Old RevisionGUID=5FE47E0B-B644-49B0-B168-02438980ED3D New RevisionGUID=
Change Managed Component Library Link : Designator=C19 Old VaultGUID=B7D15EC3-160A-466F-A46C-7801FE6295A7 New VaultGUID= Old ItemGUID=75151047-587B-4967-B8AD-D9CE1C86C42A New ItemGUID= Old RevisionGUID=5FE47E0B-B644-49B0-B168-02438980ED3D New RevisionGUID=
Change Managed Component Library Link : Designator=C20 Old VaultGUID=B7D15EC3-160A-466F-A46C-7801FE6295A7 New VaultGUID= Old ItemGUID=75151047-587B-4967-B8AD-D9CE1C86C42A New ItemGUID= Old RevisionGUID=5FE47E0B-B644-49B0-B168-02438980ED3D New RevisionGUID=
Change Managed Component Library Link : Designator=C29 Old VaultGUID=B7D15EC3-160A-466F-A46C-7801FE6295A7 New VaultGUID= Old ItemGUID=75151047-587B-4967-B8AD-D9CE1C86C42A New ItemGUID= Old RevisionGUID=5FE47E0B-B644-49B0-B168-02438980ED3D New RevisionGUID=
Change Managed Component Library Link : Designator=C30 Old VaultGUID=B7D15EC3-160A-466F-A46C-7801FE6295A7 New VaultGUID= Old ItemGUID=75151047-587B-4967-B8AD-D9CE1C86C42A New ItemGUID= Old RevisionGUID=5FE47E0B-B644-49B0-B168-02438980ED3D New RevisionGUID=
Change Managed Component Library Link : Designator=C31 Old VaultGUID=B7D15EC3-160A-466F-A46C-7801FE6295A7 New VaultGUID= Old ItemGUID=75151047-587B-4967-B8AD-D9CE1C86C42A New ItemGUID= Old RevisionGUID=5FE47E0B-B644-49B0-B168-02438980ED3D New RevisionGUID=
Change Managed Component Library Link : Designator=C32 Old VaultGUID=B7D15EC3-160A-466F-A46C-7801FE6295A7 New VaultGUID= Old ItemGUID=75151047-587B-4967-B8AD-D9CE1C86C42A New ItemGUID= Old RevisionGUID=5FE47E0B-B644-49B0-B168-02438980ED3D New RevisionGUID=
Change Managed Component Library Link : Designator=C33 Old VaultGUID=B7D15EC3-160A-466F-A46C-7801FE6295A7 New VaultGUID= Old ItemGUID=75151047-587B-4967-B8AD-D9CE1C86C42A New ItemGUID= Old RevisionGUID=5FE47E0B-B644-49B0-B168-02438980ED3D New RevisionGUID=
Change Managed Component Library Link : Designator=C34 Old VaultGUID=B7D15EC3-160A-466F-A46C-7801FE6295A7 New VaultGUID= Old ItemGUID=75151047-587B-4967-B8AD-D9CE1C86C42A New ItemGUID= Old RevisionGUID=5FE47E0B-B644-49B0-B168-02438980ED3D New RevisionGUID=
Change component parameters: Designator = "C16" ("C16"); Footprint = "FP-CL10-IPC_A"; UniqueID = "\KHKSNXXJ" ("\KHKSNXXJ")
Change component parameters (AddParameter): Name = "Dielectric"; Value = ""; VariantName = "[No Variations]"
Change component parameters (AddParameter): Name = "Distributor Link"; Value = ""; VariantName = "[No Variations]"
Change component parameters (AddParameter): Name = "LCSC"; Value = ""; VariantName = "[No Variations]"
Change component parameters (AddParameter): Name = "Manufacturer"; Value = ""; VariantName = "[No Variations]"
Change component parameters (AddParameter): Name = "Manufacturer Part Number"; Value = ""; VariantName = "[No Variations]"
Change component parameters (AddParameter): Name = "Rating"; Value = ""; VariantName = "[No Variations]"
Change component parameters: Designator = "C17" ("C17"); Footprint = "FP-CL10-IPC_A"; UniqueID = "\JGRIUKHZ" ("\JGRIUKHZ")
Change component parameters (AddParameter): Name = "Dielectric"; Value = ""; VariantName = "[No Variations]"
Change component parameters (AddParameter): Name = "Distributor Link"; Value = ""; VariantName = "[No Variations]"
Change component parameters (AddParameter): Name = "LCSC"; Value = ""; VariantName = "[No Variations]"
Change component parameters (AddParameter): Name = "Manufacturer"; Value = ""; VariantName = "[No Variations]"
Change component parameters (AddParameter): Name = "Manufacturer Part Number"; Value = ""; VariantName = "[No Variations]"
Change component parameters (AddParameter): Name = "Rating"; Value = ""; VariantName = "[No Variations]"
Change component parameters: Designator = "C18" ("C18"); Footprint = "FP-CL10-IPC_A"; UniqueID = "\RMPSOHKA" ("\RMPSOHKA")
Change component parameters (AddParameter): Name = "Dielectric"; Value = ""; VariantName = "[No Variations]"
Change component parameters (AddParameter): Name = "Distributor Link"; Value = ""; VariantName = "[No Variations]"
Change component parameters (AddParameter): Name = "LCSC"; Value = ""; VariantName = "[No Variations]"
Change component parameters (AddParameter): Name = "Manufacturer"; Value = ""; VariantName = "[No Variations]"
Change component parameters (AddParameter): Name = "Manufacturer Part Number"; Value = ""; VariantName = "[No Variations]"
Change component parameters (AddParameter): Name = "Rating"; Value = ""; VariantName = "[No Variations]"
Change component parameters: Designator = "C19" ("C19"); Footprint = "FP-CL10-IPC_A"; UniqueID = "\JFYKENTW" ("\JFYKENTW")
Change component parameters (AddParameter): Name = "Dielectric"; Value = ""; VariantName = "[No Variations]"
Change component parameters (AddParameter): Name = "Distributor Link"; Value = ""; VariantName = "[No Variations]"
Change component parameters (AddParameter): Name = "LCSC"; Value = ""; VariantName = "[No Variations]"
Change component parameters (AddParameter): Name = "Manufacturer"; Value = ""; VariantName = "[No Variations]"
Change component parameters (AddParameter): Name = "Manufacturer Part Number"; Value = ""; VariantName = "[No Variations]"
Change component parameters (AddParameter): Name = "Rating"; Value = ""; VariantName = "[No Variations]"
Change component parameters: Designator = "C20" ("C20"); Footprint = "FP-CL10-IPC_A"; UniqueID = "\TOEMSEYI" ("\TOEMSEYI")
Change component parameters (AddParameter): Name = "Dielectric"; Value = ""; VariantName = "[No Variations]"
Change component parameters (AddParameter): Name = "Distributor Link"; Value = ""; VariantName = "[No Variations]"
Change component parameters (AddParameter): Name = "LCSC"; Value = ""; VariantName = "[No Variations]"
Change component parameters (AddParameter): Name = "Manufacturer"; Value = ""; VariantName = "[No Variations]"
Change component parameters (AddParameter): Name = "Manufacturer Part Number"; Value = ""; VariantName = "[No Variations]"
Change component parameters (AddParameter): Name = "Rating"; Value = ""; VariantName = "[No Variations]"
Change component parameters: Designator = "C29" ("C29"); Footprint = "FP-CL10-IPC_A"; UniqueID = "\QITAYMVA" ("\QITAYMVA")
Change component parameters (AddParameter): Name = "Dielectric"; Value = ""; VariantName = "[No Variations]"
Change component parameters (AddParameter): Name = "Distributor Link"; Value = ""; VariantName = "[No Variations]"
Change component parameters (AddParameter): Name = "LCSC"; Value = ""; VariantName = "[No Variations]"
Change component parameters (AddParameter): Name = "Manufacturer"; Value = ""; VariantName = "[No Variations]"
Change component parameters (AddParameter): Name = "Manufacturer Part Number"; Value = ""; VariantName = "[No Variations]"
Change component parameters (AddParameter): Name = "Rating"; Value = ""; VariantName = "[No Variations]"
Change component parameters: Designator = "C30" ("C30"); Footprint = "FP-CL10-IPC_A"; UniqueID = "\BZHARADW" ("\BZHARADW")
Change component parameters (AddParameter): Name = "Dielectric"; Value = ""; VariantName = "[No Variations]"
Change component parameters (AddParameter): Name = "Distributor Link"; Value = ""; VariantName = "[No Variations]"
Change component parameters (AddParameter): Name = "LCSC"; Value = ""; VariantName = "[No Variations]"
Change component parameters (AddParameter): Name = "Manufacturer"; Value = ""; VariantName = "[No Variations]"
Change component parameters (AddParameter): Name = "Manufacturer Part Number"; Value = ""; VariantName = "[No Variations]"
Change component parameters (AddParameter): Name = "Rating"; Value = ""; VariantName = "[No Variations]"
Change component parameters: Designator = "C31" ("C31"); Footprint = "FP-CL10-IPC_A"; UniqueID = "\HIHGGGPN" ("\HIHGGGPN")
Change component parameters (AddParameter): Name = "Dielectric"; Value = ""; VariantName = "[No Variations]"
Change component parameters (AddParameter): Name = "Distributor Link"; Value = ""; VariantName = "[No Variations]"
Change component parameters (AddParameter): Name = "LCSC"; Value = ""; VariantName = "[No Variations]"
Change component parameters (AddParameter): Name = "Manufacturer"; Value = ""; VariantName = "[No Variations]"
Change component parameters (AddParameter): Name = "Manufacturer Part Number"; Value = ""; VariantName = "[No Variations]"
Change component parameters (AddParameter): Name = "Rating"; Value = ""; VariantName = "[No Variations]"
Change component parameters: Designator = "C32" ("C32"); Footprint = "FP-CL10-IPC_A"; UniqueID = "\DCJBQAYC" ("\DCJBQAYC")
Change component parameters (AddParameter): Name = "Dielectric"; Value = ""; VariantName = "[No Variations]"
Change component parameters (AddParameter): Name = "Distributor Link"; Value = ""; VariantName = "[No Variations]"
Change component parameters (AddParameter): Name = "LCSC"; Value = ""; VariantName = "[No Variations]"
Change component parameters (AddParameter): Name = "Manufacturer"; Value = ""; VariantName = "[No Variations]"
Change component parameters (AddParameter): Name = "Manufacturer Part Number"; Value = ""; VariantName = "[No Variations]"
Change component parameters (AddParameter): Name = "Rating"; Value = ""; VariantName = "[No Variations]"
Change component parameters: Designator = "C33" ("C33"); Footprint = "FP-CL10-IPC_A"; UniqueID = "\PUBKRIRE" ("\PUBKRIRE")
Change component parameters (AddParameter): Name = "Dielectric"; Value = ""; VariantName = "[No Variations]"
Change component parameters (AddParameter): Name = "Distributor Link"; Value = ""; VariantName = "[No Variations]"
Change component parameters (AddParameter): Name = "LCSC"; Value = ""; VariantName = "[No Variations]"
Change component parameters (AddParameter): Name = "Manufacturer"; Value = ""; VariantName = "[No Variations]"
Change component parameters (AddParameter): Name = "Manufacturer Part Number"; Value = ""; VariantName = "[No Variations]"
Change component parameters (AddParameter): Name = "Rating"; Value = ""; VariantName = "[No Variations]"
Change component parameters: Designator = "C34" ("C34"); Footprint = "FP-CL10-IPC_A"; UniqueID = "\FMSDVFIC" ("\FMSDVFIC")
Change component parameters (AddParameter): Name = "Dielectric"; Value = ""; VariantName = "[No Variations]"
Change component parameters (AddParameter): Name = "Distributor Link"; Value = ""; VariantName = "[No Variations]"
Change component parameters (AddParameter): Name = "LCSC"; Value = ""; VariantName = "[No Variations]"
Change component parameters (AddParameter): Name = "Manufacturer"; Value = ""; VariantName = "[No Variations]"
Change component parameters (AddParameter): Name = "Manufacturer Part Number"; Value = ""; VariantName = "[No Variations]"
Change component parameters (AddParameter): Name = "Rating"; Value = ""; VariantName = "[No Variations]"
Added Pin To Net: NetName=TMP Pin=C16-1
Added Pin To Net: NetName=NetC30_1 Pin=C18-1
Added Pin To Net: NetName=FOTO Pin=C19-1
Added Pin To Net: NetName=NetC32_1 Pin=C29-1
Added Pin To Net: NetName=NetC16_1 Pin=C30-1
Added Pin To Net: NetName=NetC17_1 Pin=C31-1
Added Pin To Net: NetName=NetC18_1 Pin=C32-1
Added Pin To Net: NetName=NetC19_1 Pin=C34-1
Added Pin To Net: NetName=NetC20_1 Pin=IC1-26
Added Pin To Net: NetName=NetC20_1 Pin=R35-1
Change Net Name : Old Net Name=NetC16_1 New Net Name=NetC30_1
Change Net Name : Old Net Name=NetC17_1 New Net Name=NetC31_1
Change Net Name : Old Net Name=NetC18_1 New Net Name=NetC32_1
Change Net Name : Old Net Name=NetC19_1 New Net Name=NetC34_1
Change Net Name : Old Net Name=NetC30_1 New Net Name=NetC18_1
Change Net Name : Old Net Name=NetC32_1 New Net Name=NetC29_1
Added Pin To Net: NetName=NetC17_1 Pin=C17-1
Added Pin To Net: NetName=NetC17_1 Pin=IC1-27
Added Pin To Net: NetName=NetC17_1 Pin=R33-1
Added Net: Name=NetC17_1
Added Pin To Net: NetName=NetC33_1 Pin=C33-1
Added Pin To Net: NetName=NetC33_1 Pin=IC4-1
Added Pin To Net: NetName=NetC33_1 Pin=R15-1
Added Net: Name=NetC33_1
