Added Component: Designator=D15(LED_0603_GREEN)
Added Component: Designator=D16(LED_0603_YELLOW)
Added Component: Designator=R42(RES_0603)
Add component (AddParameter): Name = "Distributor Link"; Value = ""; VariantName = "[No Variations]"
Add component (AddParameter): Name = "LCSC"; Value = ""; VariantName = "[No Variations]"
Add component (AddParameter): Name = "Manufacturer"; Value = ""; VariantName = "[No Variations]"
Add component (AddParameter): Name = "Manufacturer Part Number"; Value = ""; VariantName = "[No Variations]"
Added Component: Designator=R43(RES_0603)
Add component (AddParameter): Name = "Distributor Link"; Value = ""; VariantName = "[No Variations]"
Add component (AddParameter): Name = "LCSC"; Value = ""; VariantName = "[No Variations]"
Add component (AddParameter): Name = "Manufacturer"; Value = ""; VariantName = "[No Variations]"
Add component (AddParameter): Name = "Manufacturer Part Number"; Value = ""; VariantName = "[No Variations]"
Added Component: Designator=R44(RES_0603)
Add component (AddParameter): Name = "Distributor Link"; Value = ""; VariantName = "[No Variations]"
Add component (AddParameter): Name = "LCSC"; Value = ""; VariantName = "[No Variations]"
Add component (AddParameter): Name = "Manufacturer"; Value = ""; VariantName = "[No Variations]"
Add component (AddParameter): Name = "Manufacturer Part Number"; Value = ""; VariantName = "[No Variations]"
Added Pin To Net: NetName=VSS Pin=D15-K
Added Pin To Net: NetName=VSS Pin=D16-K
Added Pin To Net: NetName=3V3_reg Pin=R42-2
Added Pin To Net: NetName=3V3_OLED Pin=R43-2
Added Pin To Net: NetName=VSS Pin=R44-2
Added Pin To Net: NetName=NetD15_A Pin=D15-A
Added Pin To Net: NetName=NetD15_A Pin=R42-1
Added Net: Name=NetD15_A
Added Pin To Net: NetName=NetD16_A Pin=D16-A
Added Pin To Net: NetName=NetD16_A Pin=R43-1
Added Net: Name=NetD16_A
Added Pin To Net: NetName=NetPS1_17 Pin=PS1-17
Added Pin To Net: NetName=NetPS1_17 Pin=R44-1
Added Net: Name=NetPS1_17
Added Member To Class: ClassName=PowerSupply Member=Component D15 OSG50603C1E
Added Member To Class: ClassName=PowerSupply Member=Component D16 OSY50603C1E
Added Member To Class: ClassName=PowerSupply Member=Component R42 1k
Added Member To Class: ClassName=PowerSupply Member=Component R43 1k
Added Member To Class: ClassName=PowerSupply Member=Component R44 150k
