Change Component Footprint: Designator=D? Old Footprint=DIOM8059X265N New Footprint=FP-SMB-MFG
Change Footprint: Footprint Not Found CAPAE660X810N
Change Component Footprint: Designator=D? Old Footprint=FP-SMB-MFG New Footprint=SOD2513X110N
Change Component Comment : Designator=D? Old Comment=SM5908 New Comment=STTH4R02U
Change Component Comment : Designator=D? Old Comment=STTH4R02U New Comment=SD05.TCT
Change Managed Component Library Link : Designator=D? Old VaultGUID= New VaultGUID=B7D15EC3-160A-466F-A46C-7801FE6295A7 Old ItemGUID= New ItemGUID=733248E2-6EF3-406E-B400-EE356967232C Old RevisionGUID= New RevisionGUID=56688565-BF5C-43A0-86A4-A726959E31A8
Change Managed Component Library Link : Designator=D? Old VaultGUID=B7D15EC3-160A-466F-A46C-7801FE6295A7 New VaultGUID= Old ItemGUID=733248E2-6EF3-406E-B400-EE356967232C New ItemGUID= Old RevisionGUID=56688565-BF5C-43A0-86A4-A726959E31A8 New RevisionGUID=
Change component parameters: Designator = "D?" ("D?"); Footprint = "DIOM8059X265N"; UniqueID = "\QRDGUKQD" ("\QRDGUKQD")
Change component parameters (AddParameter): Name = "Automotive"; Value = "No"; VariantName = "[No Variations]"
Change component parameters (AddParameter): Name = "Category"; Value = "Diode"; VariantName = "[No Variations]"
Change component parameters (AddParameter): Name = "ComponentLink2Description"; Value = "Datasheet"; VariantName = "[No Variations]"
Change component parameters (AddParameter): Name = "ComponentLink2URL"; Value = "https://www.st.com/resource/en/datasheet/stth4r02.pdf"; VariantName = "[No Variations]"
Change component parameters (AddParameter): Name = "Device Class L1"; Value = "Discrete Semiconductors"; VariantName = "[No Variations]"
Change component parameters (AddParameter): Name = "Device Class L2"; Value = "Diodes"; VariantName = "[No Variations]"
Change component parameters (AddParameter): Name = "Device Class L3"; Value = "Rectifier Diodes"; VariantName = "[No Variations]"
Change component parameters (AddParameter): Name = "Digikey Description"; Value = "DIODE GEN PURP 200V 4A SMB"; VariantName = "[No Variations]"
Change component parameters (AddParameter): Name = "Forward Current"; Value = "4A"; VariantName = "[No Variations]"
Change component parameters (AddParameter): Name = "Height"; Value = "2.65mm"; VariantName = "[No Variations]"
Change component parameters (AddParameter): Name = "Lead Free"; Value = "Yes"; VariantName = "[No Variations]"
Change component parameters (AddParameter): Name = "Manufacturer"; Value = "STMicroelectronics"; VariantName = "[No Variations]"
Change component parameters (AddParameter): Name = "Manufacturer Part Number"; Value = "STTH4R02U"; VariantName = "[No Variations]"
Change component parameters (AddParameter): Name = "Max Junction Temp"; Value = "+175°C"; VariantName = "[No Variations]"
Change component parameters (AddParameter): Name = "Max Repetitive Reverse Voltage"; Value = "200V"; VariantName = "[No Variations]"
Change component parameters (AddParameter): Name = "Max Surge Forward Current"; Value = "70A"; VariantName = "[No Variations]"
Change component parameters (AddParameter): Name = "Mouser Description"; Value = "Rectifiers RECTIFIER"; VariantName = "[No Variations]"
Change component parameters (AddParameter): Name = "Octopart"; Value = "https://octopart.com/stth4r02u-stmicroelectronics-324581"; VariantName = "[No Variations]"
Change component parameters (AddParameter): Name = "Package"; Value = "SMB"; VariantName = "[No Variations]"
Change component parameters (AddParameter): Name = "Peak Reverse Current"; Value = "3uA"; VariantName = "[No Variations]"
Change component parameters (AddParameter): Name = "RoHS"; Value = "TRUE"; VariantName = "[No Variations]"
Change component parameters (AddParameter): Name = "Standoff Height"; Value = "0.05mm"; VariantName = "[No Variations]"
Change component parameters (AddParameter): Name = "Temperature"; Value = "to +175°C"; VariantName = "[No Variations]"
Change component parameters (AddParameter): Name = "Temperature Range High"; Value = "+175°C"; VariantName = "[No Variations]"
Change component parameters: Designator = "D?" ("D?"); Footprint = "FP-SMB-MFG"; UniqueID = "\DYMKQKHV" ("\DYMKQKHV")
Change component parameters (AddParameter): Name = "Arrow Part Number"; Value = "SD05.TCT"; VariantName = "[No Variations]"
Change component parameters (AddParameter): Name = "Arrow Price/Stock"; Value = "https://www.arrow.com/en/products/sd05.tct/semtech?utm_currency=USD&region=nac"; VariantName = "[No Variations]"
Change component parameters (AddParameter): Name = "Datasheet Link"; Value = "https://datasheet.datasheetarchive.com/originals/distributors/Datasheets-DGA26/1841681.pdf"; VariantName = "[No Variations]"
Change component parameters (AddParameter): Name = "Height"; Value = "1.1mm"; VariantName = "[No Variations]"
Change component parameters (AddParameter): Name = "Manufacturer_Name"; Value = "SEMTECH"; VariantName = "[No Variations]"
Change component parameters (AddParameter): Name = "Manufacturer_Part_Number"; Value = "SD05.TCT"; VariantName = "[No Variations]"
Change component parameters (AddParameter): Name = "Mouser Part Number"; Value = "947-SD05.TCT"; VariantName = "[No Variations]"
Change component parameters (AddParameter): Name = "Mouser Price/Stock"; Value = "https://www.mouser.co.uk/ProductDetail/Semtech/SD05.TCT?qs=rBWM4%252BvDhIed78qt1y4o0Q%3D%3D"; VariantName = "[No Variations]"
Add component: Footprint Not Found CAPAE660X810N
Added Component: Designator=J?(MIKROE4247)
Add component (AddParameter): Name = "Arrow Part Number"; Value = ""; VariantName = "[No Variations]"
Add component (AddParameter): Name = "Arrow Price/Stock"; Value = ""; VariantName = "[No Variations]"
Add component (AddParameter): Name = "Datasheet Link"; Value = "https://download.mikroe.com/documents/mikrobu_socket/SOCKET%20mikroBUS%2016%20TH.pdf"; VariantName = "[No Variations]"
Add component (AddParameter): Name = "Height"; Value = "11.6mm"; VariantName = "[No Variations]"
Add component (AddParameter): Name = "Manufacturer_Name"; Value = "Mikroe"; VariantName = "[No Variations]"
Add component (AddParameter): Name = "Manufacturer_Part_Number"; Value = "MIKROE-4247"; VariantName = "[No Variations]"
Add component (AddParameter): Name = "Mouser Part Number"; Value = "932-MIKROE-4247"; VariantName = "[No Variations]"
Add component (AddParameter): Name = "Mouser Price/Stock"; Value = "https://www.mouser.co.uk/ProductDetail/Mikroe/MIKROE-4247?qs=zW32dvEIR3v60RwxHCFyew%3D%3D"; VariantName = "[No Variations]"
Add Pin To Net: Unknown Pin: Pin C2-1
Add Pin To Net: Unknown Pin: Pin C2-2
Add Class Member: Failed to add class member : Component C2 220uF
Added Member To Class: ClassName=Buffers Member=Component D? P6SMB15CA
Added Member To Class: ClassName=Connectors Member=Component D? STTH4R02U
Added Member To Class: ClassName=Connectors Member=Component F? 0685T3000-01
Added Member To Class: ClassName=MPU Member=Component J? MIKROE-4247
