Removed Pin From Net: NetName=X2 Pin=XTAL1-2
Change Component Footprint: Designator=XTAL1 Old Footprint=ABRA-ABLS-14.7456MHZ-B2-T_V New Footprint=FP-LFXTAL055663REEL-MFG
Change Managed Component Library Link : Designator=XTAL1 Old VaultGUID=B7D15EC3-160A-466F-A46C-7801FE6295A7 New VaultGUID=B7D15EC3-160A-466F-A46C-7801FE6295A7 Old ItemGUID=D6DF8035-D41B-4F63-9DEE-5E60B22C69C3 New ItemGUID=39929DCD-B653-414D-9BB1-B590F2E37028 Old RevisionGUID=4B1EF1B8-61F6-43E7-911D-038F24A4F3D3 New RevisionGUID=D9D72CA5-D12C-4E26-BF66-370FC5BD04B6
Change component parameters: Designator = "XTAL1" ("XTAL1"); Footprint = "ABRA-ABLS-14.7456MHZ-B2-T_V"; UniqueID = "\BRKVZUQR" ("\BRKVZUQR")
Change component parameters (AddParameter): Name = "RoHS Compliant"; Value = "Yes"; VariantName = "[No Variations]"
Added Pin To Net: NetName=GND Pin=XTAL1-2
Added Pin To Net: NetName=X2 Pin=XTAL1-3
Added Pin To Net: NetName=GND Pin=XTAL1-4
Added Rule: Name=PolygonConnectStyle_4
Added Rule: Name=PolygonConnectStyle_5
Added Rule: Name=PolygonConnectStyle_6
Added Rule: Name=PolygonConnectStyle_7
Added Rule: Name=PolygonConnectStyle_8
Added Rule: Name=PolygonConnectStyle_9
Added Rule: Name=PolygonConnectStyle_10
Added Rule: Name=PolygonConnectStyle_11
Added Rule: Name=PolygonConnectStyle_12
Added Rule: Name=PolygonConnectStyle_13
Added Rule: Name=PolygonConnectStyle_14
Added Rule: Name=PolygonConnectStyle_15
Added Rule: Name=PolygonConnectStyle_16
Added Rule: Name=PolygonConnectStyle_17
Added Rule: Name=PolygonConnectStyle_18
Added Rule: Name=PolygonConnectStyle_19
Added Rule: Name=PolygonConnectStyle_20
Added Rule: Name=PolygonConnectStyle_21
Added Rule: Name=PolygonConnectStyle_22
Added Rule: Name=PolygonConnectStyle_23
Added Rule: Name=PolygonConnectStyle_24
Added Rule: Name=PolygonConnectStyle_25
Added Rule: Name=PolygonConnectStyle_26
Added Rule: Name=PolygonConnectStyle_27
Added Rule: Name=PolygonConnectStyle_28
Added Rule: Name=PolygonConnectStyle_29
Added Rule: Name=PolygonConnectStyle_30
Added Rule: Name=PolygonConnectStyle_31
Added Rule: Name=PolygonConnectStyle_32
Added Rule: Name=PolygonConnectStyle_33
Added Rule: Name=PolygonConnectStyle_34
Added Rule: Name=PolygonConnectStyle_35
Added Rule: Name=PolygonConnectStyle_36
Added Rule: Name=PolygonConnectStyle_37
Added Rule: Name=PolygonConnectStyle_38
Added Rule: Name=PolygonConnectStyle_39
Added Rule: Name=PolygonConnectStyle_40
Added Rule: Name=PolygonConnectStyle_41
Added Rule: Name=PolygonConnectStyle_42
Added Rule: Name=PolygonConnectStyle_43
Added Rule: Name=PolygonConnectStyle_44
Added Rule: Name=PolygonConnectStyle_45
Added Rule: Name=PolygonConnectStyle_46
Added Rule: Name=PolygonConnectStyle_47
Added Rule: Name=PolygonConnectStyle_48
Added Rule: Name=PolygonConnectStyle_49
Added Rule: Name=PolygonConnectStyle_50
Added Rule: Name=PolygonConnectStyle_51
Added Rule: Name=PolygonConnectStyle_52
Added Rule: Name=PolygonConnectStyle_53
Added Rule: Name=PolygonConnectStyle_54
Added Rule: Name=PolygonConnectStyle_55
Added Rule: Name=PolygonConnectStyle_56
Added Rule: Name=PolygonConnectStyle_57
Added Rule: Name=PolygonConnectStyle_58
Added Rule: Name=PolygonConnectStyle_59
