Added Component: Designator=D?(FP-SMA-MFG)
Add component (AddParameter): Name = "Automotive"; Value = "No"; VariantName = "[No Variations]"
Add component (AddParameter): Name = "Breakdown Voltage"; Value = "6.4V"; VariantName = "[No Variations]"
Add component (AddParameter): Name = "Category"; Value = "Diode"; VariantName = "[No Variations]"
Add component (AddParameter): Name = "Clamping Voltage"; Value = "9.2V"; VariantName = "[No Variations]"
Add component (AddParameter): Name = "ComponentLink2Description"; Value = "Datasheet"; VariantName = "[No Variations]"
Add component (AddParameter): Name = "ComponentLink2URL"; Value = "https://www.diodes.com/assets/Datasheets/ds19005.pdf"; VariantName = "[No Variations]"
Add component (AddParameter): Name = "Device Class L1"; Value = "Circuit Protection"; VariantName = "[No Variations]"
Add component (AddParameter): Name = "Device Class L2"; Value = "TVS Diodes"; VariantName = "[No Variations]"
Add component (AddParameter): Name = "Device Class L3"; Value = "unset"; VariantName = "[No Variations]"
Add component (AddParameter): Name = "Digikey Description"; Value = "TVS DIODE 5V 9.2V SMA"; VariantName = "[No Variations]"
Add component (AddParameter): Name = "Direction"; Value = "Unidirectional"; VariantName = "[No Variations]"
Add component (AddParameter): Name = "Footprint Url"; Value = "https://www.diodes.com/assets/Package-Files/SMA.pdf"; VariantName = "[No Variations]"
Add component (AddParameter): Name = "Height"; Value = "2.4mm"; VariantName = "[No Variations]"
Add component (AddParameter): Name = "Lead Free"; Value = "Yes"; VariantName = "[No Variations]"
Add component (AddParameter): Name = "Manufacturer"; Value = "Diodes Inc."; VariantName = "[No Variations]"
Add component (AddParameter): Name = "Manufacturer Part Number"; Value = "SMAJ5.0A-13-F"; VariantName = "[No Variations]"
Add component (AddParameter): Name = "Max Junction Temp"; Value = "+150°C"; VariantName = "[No Variations]"
Add component (AddParameter): Name = "Mouser Description"; Value = "TVS DIODE 5V 9.2V SMA"; VariantName = "[No Variations]"
Add component (AddParameter): Name = "Number Of Channels"; Value = "1"; VariantName = "[No Variations]"
Add component (AddParameter): Name = "Octopart"; Value = "https://octopart.com/smaj5.0a-13-f-diodes+inc.-350158"; VariantName = "[No Variations]"
Add component (AddParameter): Name = "Package"; Value = "SMA"; VariantName = "[No Variations]"
Add component (AddParameter): Name = "Peak Pulse Current"; Value = "43.5A"; VariantName = "[No Variations]"
Add component (AddParameter): Name = "Peak Pulse Power"; Value = "400W"; VariantName = "[No Variations]"
Add component (AddParameter): Name = "Reverse Standoff Voltage"; Value = "5V"; VariantName = "[No Variations]"
Add component (AddParameter): Name = "RoHS"; Value = "TRUE"; VariantName = "[No Variations]"
Add component (AddParameter): Name = "Standoff Height"; Value = "0.05mm"; VariantName = "[No Variations]"
Add component (AddParameter): Name = "Temperature"; Value = "-55°C to +150°C"; VariantName = "[No Variations]"
Add component (AddParameter): Name = "Temperature Range High"; Value = "+150°C"; VariantName = "[No Variations]"
Add component (AddParameter): Name = "Temperature Range Low"; Value = "-55°C"; VariantName = "[No Variations]"
Added Member To Class: ClassName=Sheet1 Member=Component D? SMAJ5.0A-13-F
Added Rule: Name=PolygonConnectStyle_1
Added Rule: Name=PolygonConnectStyle_8
Added Rule: Name=PolygonConnectStyle_9
Added Rule: Name=PolygonConnectStyle_10
Added Rule: Name=PolygonConnectStyle_12
Added Rule: Name=PolygonConnectStyle_14
Added Rule: Name=PolygonConnectStyle_15
Added Rule: Name=PolygonConnectStyle_19
Added Rule: Name=PolygonConnectStyle_28
Added Rule: Name=PolygonConnectStyle_29
Added Rule: Name=PolygonConnectStyle_30
Added Rule: Name=PolygonConnectStyle_31
Added Rule: Name=PolygonConnectStyle_32
Added Rule: Name=PolygonConnectStyle_33
Added Rule: Name=PolygonConnectStyle_34
Added Rule: Name=PolygonConnectStyle_35
Added Rule: Name=PolygonConnectStyle_36
Added Rule: Name=PolygonConnectStyle_37
Added Rule: Name=PolygonConnectStyle_38
Added Rule: Name=PolygonConnectStyle_39
Added Rule: Name=PolygonConnectStyle_40
Added Rule: Name=PolygonConnectStyle_41
Added Rule: Name=PolygonConnectStyle_42
Added Rule: Name=PolygonConnectStyle_43
Added Rule: Name=PolygonConnectStyle_45
Added Rule: Name=PolygonConnectStyle_46
Added Rule: Name=PolygonConnectStyle_47
Added Rule: Name=PolygonConnectStyle_48
Added Rule: Name=PolygonConnectStyle_49
Added Rule: Name=PolygonConnectStyle_50
Added Rule: Name=PolygonConnectStyle_51
Added Rule: Name=PolygonConnectStyle_52
Added Rule: Name=PolygonConnectStyle_53
Added Rule: Name=PolygonConnectStyle_54
Added Rule: Name=PolygonConnectStyle_55
Added Rule: Name=PolygonConnectStyle_56
Added Rule: Name=PolygonConnectStyle_57
Added Rule: Name=PolygonConnectStyle_58
Added Rule: Name=PolygonConnectStyle_59
Added Rule: Name=PolygonConnectStyle_60
Added Rule: Name=PolygonConnectStyle_61
Added Rule: Name=PolygonConnectStyle_62
Added Rule: Name=PolygonConnectStyle_63
Added Rule: Name=PolygonConnectStyle_64
Added Rule: Name=PolygonConnectStyle_65
Added Rule: Name=PolygonConnectStyle_66
Added Rule: Name=PolygonConnectStyle_67
Added Rule: Name=PolygonConnectStyle_68
Added Rule: Name=PolygonConnectStyle_69
Added Rule: Name=PolygonConnectStyle_70
Added Rule: Name=PolygonConnectStyle_71
Added Rule: Name=PolygonConnectStyle_72
Added Rule: Name=PolygonConnectStyle_73
Added Rule: Name=PolygonConnectStyle_74
Added Rule: Name=PolygonConnectStyle_75
Added Rule: Name=PolygonConnectStyle_76
