Added Component: Designator=Q?(INF-PG-SOT23_M)
Add component (AddParameter): Name = "ComponentLink1Description"; Value = "Manufacturer URL"; VariantName = "[No Variations]"
Add component (AddParameter): Name = "ComponentLink1URL"; Value = "http://www.infineon.com/"; VariantName = "[No Variations]"
Add component (AddParameter): Name = "ComponentLink2Description"; Value = "Datasheet"; VariantName = "[No Variations]"
Add component (AddParameter): Name = "ComponentLink2URL"; Value = "http://www.infineon.com/dgdl/2N7002_Rev2.4.pdf?folderId=db3a3043156fd573011622e10b5c1f67&fileId=db3a304319bc939a0119c2a9461e79e6"; VariantName = "[No Variations]"
Add component (AddParameter): Name = "ComponentLink3Description"; Value = "Package Specification"; VariantName = "[No Variations]"
Add component (AddParameter): Name = "ComponentLink3URL"; Value = "http://www.infineon.com/dgdl/SOT23-Package_Overview.pdf?folderId=db3a30431936bc4b0119532290053c66&fileId=db3a30431936bc4b0119533468123c85"; VariantName = "[No Variations]"
Add component (AddParameter): Name = "DatasheetVersion"; Value = "Rev. 2.4"; VariantName = "[No Variations]"
Add component (AddParameter): Name = "Green"; Value = "TRUE"; VariantName = "[No Variations]"
Add component (AddParameter): Name = "Halogen-free"; Value = "TRUE"; VariantName = "[No Variations]"
Add component (AddParameter): Name = "ID (max)"; Value = "0.3 A"; VariantName = "[No Variations]"
Add component (AddParameter): Name = "IDpuls (max)"; Value = "1.2 A"; VariantName = "[No Variations]"
Add component (AddParameter): Name = "Manufacturer"; Value = "Infineon"; VariantName = "[No Variations]"
Add component (AddParameter): Name = "Mounting Technology"; Value = "Surface Mount"; VariantName = "[No Variations]"
Add component (AddParameter): Name = "PackageDescription"; Value = "3-Pin Small Outline Transistor Package, 2.9 x 1.3 mm Body, 0.95 mm Pitch"; VariantName = "[No Variations]"
Add component (AddParameter): Name = "PackageReference"; Value = "PG-SOT23"; VariantName = "[No Variations]"
Add component (AddParameter): Name = "PackageVersion"; Value = "Apr-08"; VariantName = "[No Variations]"
Add component (AddParameter): Name = "Packing"; Value = "Reel"; VariantName = "[No Variations]"
Add component (AddParameter): Name = "PartNumber"; Value = "2N7002"; VariantName = "[No Variations]"
Add component (AddParameter): Name = "Ptot (max)"; Value = "0.5 W"; VariantName = "[No Variations]"
Add component (AddParameter): Name = "QG"; Value = "0.4 nC"; VariantName = "[No Variations]"
Add component (AddParameter): Name = "RDS (on) (max)"; Value = "3,000 mOhm"; VariantName = "[No Variations]"
Add component (AddParameter): Name = "RDS (on) (max) (@4.5V)"; Value = "4,000 mOhm"; VariantName = "[No Variations]"
Add component (AddParameter): Name = "RthJA (max)"; Value = "250 K/W"; VariantName = "[No Variations]"
Add component (AddParameter): Name = "VDS (max)"; Value = "60 V"; VariantName = "[No Variations]"
Add component (AddParameter): Name = "VGS(th) (max)"; Value = "2.5 V"; VariantName = "[No Variations]"
Add component (AddParameter): Name = "VGS(th) (min)"; Value = "1.5 V"; VariantName = "[No Variations]"
Added Member To Class: ClassName=Sheet1 Member=Component Q? 2N7002
Added Rule: Name=PolygonConnectStyle_61
Added Rule: Name=PolygonConnectStyle_62
Added Rule: Name=PolygonConnectStyle_63
Added Rule: Name=PolygonConnectStyle_64
Added Rule: Name=PolygonConnectStyle_65
Added Rule: Name=PolygonConnectStyle_66
Added Rule: Name=PolygonConnectStyle_67
Added Rule: Name=PolygonConnectStyle_68
Added Rule: Name=PolygonConnectStyle_69
Added Rule: Name=PolygonConnectStyle_70
Added Rule: Name=PolygonConnectStyle_71
Added Rule: Name=PolygonConnectStyle_72
Added Rule: Name=PolygonConnectStyle_73
Added Rule: Name=PolygonConnectStyle_74
Added Rule: Name=PolygonConnectStyle_75
Added Rule: Name=PolygonConnectStyle_76
Added Rule: Name=PolygonConnectStyle_77
Added Rule: Name=PolygonConnectStyle_78
Added Rule: Name=PolygonConnectStyle_79
Added Rule: Name=PolygonConnectStyle_80
Added Rule: Name=PolygonConnectStyle_81
Added Rule: Name=PolygonConnectStyle_82
Added Rule: Name=PolygonConnectStyle_83
Added Rule: Name=PolygonConnectStyle_84
Added Rule: Name=PolygonConnectStyle_85
Added Rule: Name=PolygonConnectStyle_86
Added Rule: Name=PolygonConnectStyle_87
Added Rule: Name=PolygonConnectStyle_88
Added Rule: Name=PolygonConnectStyle_89
Added Rule: Name=PolygonConnectStyle_90
Added Rule: Name=PolygonConnectStyle_91
Added Rule: Name=PolygonConnectStyle_92
Added Rule: Name=PolygonConnectStyle_93
Added Rule: Name=PolygonConnectStyle_94
Added Rule: Name=PolygonConnectStyle_95
Added Rule: Name=PolygonConnectStyle_96
Added Rule: Name=PolygonConnectStyle_97
Added Rule: Name=PolygonConnectStyle_98
Added Rule: Name=PolygonConnectStyle_99
Added Rule: Name=PolygonConnectStyle_100
Added Rule: Name=PolygonConnectStyle_101
Added Rule: Name=PolygonConnectStyle_102
Added Rule: Name=PolygonConnectStyle_103
Added Rule: Name=PolygonConnectStyle_104
Added Rule: Name=PolygonConnectStyle_105
Added Rule: Name=PolygonConnectStyle_106
Added Rule: Name=PolygonConnectStyle_107
Added Rule: Name=PolygonConnectStyle_108
Added Rule: Name=PolygonConnectStyle_109
Added Rule: Name=PolygonConnectStyle_110
Added Rule: Name=PolygonConnectStyle_111
Added Rule: Name=PolygonConnectStyle_112
Added Rule: Name=PolygonConnectStyle_113
Added Rule: Name=PolygonConnectStyle_114
Added Rule: Name=PolygonConnectStyle_115
