Removed Pin From Net: NetName=GND Pin=P?-1
Removed Pin From Net: NetName=GND Pin=P?-3
Removed Pin From Net: NetName=+5 Pin=P?-9
Removed Member From Class: ClassName=Sheet1 Member=P?
Added Component: Designator=ISP(3M-30310-6002HB-10_V)
Add component (AddParameter): Name = "Brand"; Value = "3MElectronicSolutionsDivision"; VariantName = "[No Variations]"
Add component (AddParameter): Name = "Contact Gender"; Value = "Pin(Male)"; VariantName = "[No Variations]"
Add component (AddParameter): Name = "Contact Material"; Value = "Brass"; VariantName = "[No Variations]"
Add component (AddParameter): Name = "Contact Plating"; Value = "Gold"; VariantName = "[No Variations]"
Add component (AddParameter): Name = "Current Rating"; Value = "1A"; VariantName = "[No Variations]"
Add component (AddParameter): Name = "Datasheet URL"; Value = "http://datasheet.octopart.com/30310-6002HB-3M-datasheet-11537585.pdf"; VariantName = "[No Variations]"
Add component (AddParameter): Name = "Datasheet Version"; Value = "Apr-12"; VariantName = "[No Variations]"
Add component (AddParameter): Name = "Factory Pack Quantity"; Value = "1000"; VariantName = "[No Variations]"
Add component (AddParameter): Name = "Housing Material"; Value = "Polyester"; VariantName = "[No Variations]"
Add component (AddParameter): Name = "Manufacturer"; Value = "3M"; VariantName = "[No Variations]"
Add component (AddParameter): Name = "Manufacturer URL"; Value = "http://www.3m.com/"; VariantName = "[No Variations]"
Add component (AddParameter): Name = "Mating Post Length"; Value = "5.99mm"; VariantName = "[No Variations]"
Add component (AddParameter): Name = "Mounting Angle"; Value = "Straight"; VariantName = "[No Variations]"
Add component (AddParameter): Name = "Mounting Style"; Value = "StraightPin"; VariantName = "[No Variations]"
Add component (AddParameter): Name = "Number of Positions"; Value = "10Position"; VariantName = "[No Variations]"
Add component (AddParameter): Name = "Number of Rows"; Value = "2Row"; VariantName = "[No Variations]"
Add component (AddParameter): Name = "Packaging"; Value = "Tray"; VariantName = "[No Variations]"
Add component (AddParameter): Name = "Pitch"; Value = "2.54mm"; VariantName = "[No Variations]"
Add component (AddParameter): Name = "Product"; Value = "Headers"; VariantName = "[No Variations]"
Add component (AddParameter): Name = "Product Category"; Value = "Headers&WireHousings"; VariantName = "[No Variations]"
Add component (AddParameter): Name = "RoHS"; Value = "Details"; VariantName = "[No Variations]"
Add component (AddParameter): Name = "Row Spacing"; Value = "2.54mm"; VariantName = "[No Variations]"
Add component (AddParameter): Name = "Series"; Value = "303"; VariantName = "[No Variations]"
Add component (AddParameter): Name = "Termination Post Length"; Value = "2.79mm"; VariantName = "[No Variations]"
Add component (AddParameter): Name = "Termination Style"; Value = "ThroughHole"; VariantName = "[No Variations]"
Add component (AddParameter): Name = "Type"; Value = "Shrouded"; VariantName = "[No Variations]"
Added Pin To Net: NetName=GND Pin=ISP-1
Added Pin To Net: NetName=GND Pin=ISP-3
Added Pin To Net: NetName=+5 Pin=ISP-9
Added Member To Class: ClassName=Sheet1 Member=Component ISP 30310-6002HB
